myHadoop: Setting MH_IPOIB_TRANSFORM='s/\([^.]*\).*$/\1.ibnet/' from myhadoop.conf
myHadoop: Setting MH_SCRATCH_DIR=/scratch/$USER/$SLURM_JOBID from myhadoop.conf
myHadoop: Using HADOOP_HOME=/opt/hadoop/2.6.0
myHadoop: Using MH_SCRATCH_DIR=/scratch/sxm2809/27705409
myHadoop: Using JAVA_HOME=/usr/java/latest
myHadoop: Generating Hadoop configuration in directory in /home/sxm2809/cometcluster...
myHadoop: Backing up old config dir to /home/sxm2809/cometcluster.10...
`/home/sxm2809/cometcluster' -> `/home/sxm2809/cometcluster.10'
myHadoop: Designating comet-18-04.ibnet as master node (namenode, secondary namenode, and jobtracker)
myHadoop: The following nodes will be slaves (datanode, tasktracer):
comet-18-04.ibnet
comet-18-05.ibnet
comet-18-06.ibnet
19/10/29 19:42:18 INFO namenode.NameNode: STARTUP_MSG: 
/************************************************************
STARTUP_MSG: Starting NameNode
STARTUP_MSG:   host = comet-18-04.sdsc.edu/198.202.119.47
STARTUP_MSG:   args = [-format]
STARTUP_MSG:   version = 2.6.0
STARTUP_MSG:   classpath = /home/sxm2809/cometcluster:/opt/hadoop/2.6.0/share/hadoop/common/lib/jets3t-0.9.0.jar:/opt/hadoop/2.6.0/share/hadoop/common/lib/httpcore-4.2.5.jar:/opt/hadoop/2.6.0/share/hadoop/common/lib/stax-api-1.0-2.jar:/opt/hadoop/2.6.0/share/hadoop/common/lib/asm-3.2.jar:/opt/hadoop/2.6.0/share/hadoop/common/lib/jaxb-impl-2.2.3-1.jar:/opt/hadoop/2.6.0/share/hadoop/common/lib/jersey-core-1.9.jar:/opt/hadoop/2.6.0/share/hadoop/common/lib/jackson-mapper-asl-1.9.13.jar:/opt/hadoop/2.6.0/share/hadoop/common/lib/curator-framework-2.6.0.jar:/opt/hadoop/2.6.0/share/hadoop/common/lib/commons-beanutils-core-1.8.0.jar:/opt/hadoop/2.6.0/share/hadoop/common/lib/httpclient-4.2.5.jar:/opt/hadoop/2.6.0/share/hadoop/common/lib/jetty-util-6.1.26.jar:/opt/hadoop/2.6.0/share/hadoop/common/lib/snappy-java-1.0.4.1.jar:/opt/hadoop/2.6.0/share/hadoop/common/lib/activation-1.1.jar:/opt/hadoop/2.6.0/share/hadoop/common/lib/guava-11.0.2.jar:/opt/hadoop/2.6.0/share/hadoop/common/lib/netty-3.6.2.Final.jar:/opt/hadoop/2.6.0/share/hadoop/common/lib/commons-collections-3.2.1.jar:/opt/hadoop/2.6.0/share/hadoop/common/lib/api-asn1-api-1.0.0-M20.jar:/opt/hadoop/2.6.0/share/hadoop/common/lib/paranamer-2.3.jar:/opt/hadoop/2.6.0/share/hadoop/common/lib/commons-lang-2.6.jar:/opt/hadoop/2.6.0/share/hadoop/common/lib/commons-cli-1.2.jar:/opt/hadoop/2.6.0/share/hadoop/common/lib/commons-configuration-1.6.jar:/opt/hadoop/2.6.0/share/hadoop/common/lib/jsr305-1.3.9.jar:/opt/hadoop/2.6.0/share/hadoop/common/lib/commons-logging-1.1.3.jar:/opt/hadoop/2.6.0/share/hadoop/common/lib/jettison-1.1.jar:/opt/hadoop/2.6.0/share/hadoop/common/lib/jasper-runtime-5.5.23.jar:/opt/hadoop/2.6.0/share/hadoop/common/lib/log4j-1.2.17.jar:/opt/hadoop/2.6.0/share/hadoop/common/lib/junit-4.11.jar:/opt/hadoop/2.6.0/share/hadoop/common/lib/slf4j-log4j12-1.7.5.jar:/opt/hadoop/2.6.0/share/hadoop/common/lib/jsp-api-2.1.jar:/opt/hadoop/2.6.0/share/hadoop/common/lib/hadoop-auth-2.6.0.jar:/opt/hadoop/2.6.0/share/hadoop/common/lib/commons-digester-1.8.jar:/opt/hadoop/2.6.0/share/hadoop/common/lib/curator-client-2.6.0.jar:/opt/hadoop/2.6.0/share/hadoop/common/lib/zookeeper-3.4.6.jar:/opt/hadoop/2.6.0/share/hadoop/common/lib/avro-1.7.4.jar:/opt/hadoop/2.6.0/share/hadoop/common/lib/slf4j-api-1.7.5.jar:/opt/hadoop/2.6.0/share/hadoop/common/lib/jetty-6.1.26.jar:/opt/hadoop/2.6.0/share/hadoop/common/lib/commons-compress-1.4.1.jar:/opt/hadoop/2.6.0/share/hadoop/common/lib/jaxb-api-2.2.2.jar:/opt/hadoop/2.6.0/share/hadoop/common/lib/hamcrest-core-1.3.jar:/opt/hadoop/2.6.0/share/hadoop/common/lib/commons-math3-3.1.1.jar:/opt/hadoop/2.6.0/share/hadoop/common/lib/mockito-all-1.8.5.jar:/opt/hadoop/2.6.0/share/hadoop/common/lib/java-xmlbuilder-0.4.jar:/opt/hadoop/2.6.0/share/hadoop/common/lib/commons-codec-1.4.jar:/opt/hadoop/2.6.0/share/hadoop/common/lib/jsch-0.1.42.jar:/opt/hadoop/2.6.0/share/hadoop/common/lib/servlet-api-2.5.jar:/opt/hadoop/2.6.0/share/hadoop/common/lib/jackson-core-asl-1.9.13.jar:/opt/hadoop/2.6.0/share/hadoop/common/lib/curator-recipes-2.6.0.jar:/opt/hadoop/2.6.0/share/hadoop/common/lib/gson-2.2.4.jar:/opt/hadoop/2.6.0/share/hadoop/common/lib/commons-el-1.0.jar:/opt/hadoop/2.6.0/share/hadoop/common/lib/commons-net-3.1.jar:/opt/hadoop/2.6.0/share/hadoop/common/lib/jersey-json-1.9.jar:/opt/hadoop/2.6.0/share/hadoop/common/lib/commons-beanutils-1.7.0.jar:/opt/hadoop/2.6.0/share/hadoop/common/lib/xz-1.0.jar:/opt/hadoop/2.6.0/share/hadoop/common/lib/apacheds-i18n-2.0.0-M15.jar:/opt/hadoop/2.6.0/share/hadoop/common/lib/htrace-core-3.0.4.jar:/opt/hadoop/2.6.0/share/hadoop/common/lib/jasper-compiler-5.5.23.jar:/opt/hadoop/2.6.0/share/hadoop/common/lib/api-util-1.0.0-M20.jar:/opt/hadoop/2.6.0/share/hadoop/common/lib/xmlenc-0.52.jar:/opt/hadoop/2.6.0/share/hadoop/common/lib/jackson-jaxrs-1.9.13.jar:/opt/hadoop/2.6.0/share/hadoop/common/lib/commons-httpclient-3.1.jar:/opt/hadoop/2.6.0/share/hadoop/common/lib/protobuf-java-2.5.0.jar:/opt/hadoop/2.6.0/share/hadoop/common/lib/hadoop-annotations-2.6.0.jar:/opt/hadoop/2.6.0/share/hadoop/common/lib/commons-io-2.4.jar:/opt/hadoop/2.6.0/share/hadoop/common/lib/jackson-xc-1.9.13.jar:/opt/hadoop/2.6.0/share/hadoop/common/lib/jersey-server-1.9.jar:/opt/hadoop/2.6.0/share/hadoop/common/lib/apacheds-kerberos-codec-2.0.0-M15.jar:/opt/hadoop/2.6.0/share/hadoop/common/hadoop-common-2.6.0.jar:/opt/hadoop/2.6.0/share/hadoop/common/hadoop-common-2.6.0-tests.jar:/opt/hadoop/2.6.0/share/hadoop/common/hadoop-nfs-2.6.0.jar:/opt/hadoop/2.6.0/share/hadoop/hdfs:/opt/hadoop/2.6.0/share/hadoop/hdfs/lib/asm-3.2.jar:/opt/hadoop/2.6.0/share/hadoop/hdfs/lib/xml-apis-1.3.04.jar:/opt/hadoop/2.6.0/share/hadoop/hdfs/lib/jersey-core-1.9.jar:/opt/hadoop/2.6.0/share/hadoop/hdfs/lib/jackson-mapper-asl-1.9.13.jar:/opt/hadoop/2.6.0/share/hadoop/hdfs/lib/jetty-util-6.1.26.jar:/opt/hadoop/2.6.0/share/hadoop/hdfs/lib/guava-11.0.2.jar:/opt/hadoop/2.6.0/share/hadoop/hdfs/lib/netty-3.6.2.Final.jar:/opt/hadoop/2.6.0/share/hadoop/hdfs/lib/commons-lang-2.6.jar:/opt/hadoop/2.6.0/share/hadoop/hdfs/lib/xercesImpl-2.9.1.jar:/opt/hadoop/2.6.0/share/hadoop/hdfs/lib/commons-cli-1.2.jar:/opt/hadoop/2.6.0/share/hadoop/hdfs/lib/commons-daemon-1.0.13.jar:/opt/hadoop/2.6.0/share/hadoop/hdfs/lib/jsr305-1.3.9.jar:/opt/hadoop/2.6.0/share/hadoop/hdfs/lib/commons-logging-1.1.3.jar:/opt/hadoop/2.6.0/share/hadoop/hdfs/lib/jasper-runtime-5.5.23.jar:/opt/hadoop/2.6.0/share/hadoop/hdfs/lib/log4j-1.2.17.jar:/opt/hadoop/2.6.0/share/hadoop/hdfs/lib/jsp-api-2.1.jar:/opt/hadoop/2.6.0/share/hadoop/hdfs/lib/jetty-6.1.26.jar:/opt/hadoop/2.6.0/share/hadoop/hdfs/lib/commons-codec-1.4.jar:/opt/hadoop/2.6.0/share/hadoop/hdfs/lib/servlet-api-2.5.jar:/opt/hadoop/2.6.0/share/hadoop/hdfs/lib/jackson-core-asl-1.9.13.jar:/opt/hadoop/2.6.0/share/hadoop/hdfs/lib/commons-el-1.0.jar:/opt/hadoop/2.6.0/share/hadoop/hdfs/lib/htrace-core-3.0.4.jar:/opt/hadoop/2.6.0/share/hadoop/hdfs/lib/xmlenc-0.52.jar:/opt/hadoop/2.6.0/share/hadoop/hdfs/lib/protobuf-java-2.5.0.jar:/opt/hadoop/2.6.0/share/hadoop/hdfs/lib/commons-io-2.4.jar:/opt/hadoop/2.6.0/share/hadoop/hdfs/lib/jersey-server-1.9.jar:/opt/hadoop/2.6.0/share/hadoop/hdfs/hadoop-hdfs-nfs-2.6.0.jar:/opt/hadoop/2.6.0/share/hadoop/hdfs/hadoop-hdfs-2.6.0-tests.jar:/opt/hadoop/2.6.0/share/hadoop/hdfs/hadoop-hdfs-2.6.0.jar:/opt/hadoop/2.6.0/share/hadoop/yarn/lib/stax-api-1.0-2.jar:/opt/hadoop/2.6.0/share/hadoop/yarn/lib/asm-3.2.jar:/opt/hadoop/2.6.0/share/hadoop/yarn/lib/jaxb-impl-2.2.3-1.jar:/opt/hadoop/2.6.0/share/hadoop/yarn/lib/jline-0.9.94.jar:/opt/hadoop/2.6.0/share/hadoop/yarn/lib/jersey-core-1.9.jar:/opt/hadoop/2.6.0/share/hadoop/yarn/lib/jackson-mapper-asl-1.9.13.jar:/opt/hadoop/2.6.0/share/hadoop/yarn/lib/jetty-util-6.1.26.jar:/opt/hadoop/2.6.0/share/hadoop/yarn/lib/activation-1.1.jar:/opt/hadoop/2.6.0/share/hadoop/yarn/lib/javax.inject-1.jar:/opt/hadoop/2.6.0/share/hadoop/yarn/lib/guava-11.0.2.jar:/opt/hadoop/2.6.0/share/hadoop/yarn/lib/netty-3.6.2.Final.jar:/opt/hadoop/2.6.0/share/hadoop/yarn/lib/commons-collections-3.2.1.jar:/opt/hadoop/2.6.0/share/hadoop/yarn/lib/commons-lang-2.6.jar:/opt/hadoop/2.6.0/share/hadoop/yarn/lib/commons-cli-1.2.jar:/opt/hadoop/2.6.0/share/hadoop/yarn/lib/jsr305-1.3.9.jar:/opt/hadoop/2.6.0/share/hadoop/yarn/lib/commons-logging-1.1.3.jar:/opt/hadoop/2.6.0/share/hadoop/yarn/lib/jettison-1.1.jar:/opt/hadoop/2.6.0/share/hadoop/yarn/lib/log4j-1.2.17.jar:/opt/hadoop/2.6.0/share/hadoop/yarn/lib/aopalliance-1.0.jar:/opt/hadoop/2.6.0/share/hadoop/yarn/lib/jersey-client-1.9.jar:/opt/hadoop/2.6.0/share/hadoop/yarn/lib/guice-servlet-3.0.jar:/opt/hadoop/2.6.0/share/hadoop/yarn/lib/zookeeper-3.4.6.jar:/opt/hadoop/2.6.0/share/hadoop/yarn/lib/jetty-6.1.26.jar:/opt/hadoop/2.6.0/share/hadoop/yarn/lib/commons-compress-1.4.1.jar:/opt/hadoop/2.6.0/share/hadoop/yarn/lib/jaxb-api-2.2.2.jar:/opt/hadoop/2.6.0/share/hadoop/yarn/lib/commons-codec-1.4.jar:/opt/hadoop/2.6.0/share/hadoop/yarn/lib/leveldbjni-all-1.8.jar:/opt/hadoop/2.6.0/share/hadoop/yarn/lib/servlet-api-2.5.jar:/opt/hadoop/2.6.0/share/hadoop/yarn/lib/jackson-core-asl-1.9.13.jar:/opt/hadoop/2.6.0/share/hadoop/yarn/lib/jersey-json-1.9.jar:/opt/hadoop/2.6.0/share/hadoop/yarn/lib/xz-1.0.jar:/opt/hadoop/2.6.0/share/hadoop/yarn/lib/jersey-guice-1.9.jar:/opt/hadoop/2.6.0/share/hadoop/yarn/lib/guice-3.0.jar:/opt/hadoop/2.6.0/share/hadoop/yarn/lib/jackson-jaxrs-1.9.13.jar:/opt/hadoop/2.6.0/share/hadoop/yarn/lib/commons-httpclient-3.1.jar:/opt/hadoop/2.6.0/share/hadoop/yarn/lib/protobuf-java-2.5.0.jar:/opt/hadoop/2.6.0/share/hadoop/yarn/lib/commons-io-2.4.jar:/opt/hadoop/2.6.0/share/hadoop/yarn/lib/jackson-xc-1.9.13.jar:/opt/hadoop/2.6.0/share/hadoop/yarn/lib/jersey-server-1.9.jar:/opt/hadoop/2.6.0/share/hadoop/yarn/hadoop-yarn-registry-2.6.0.jar:/opt/hadoop/2.6.0/share/hadoop/yarn/hadoop-yarn-server-tests-2.6.0.jar:/opt/hadoop/2.6.0/share/hadoop/yarn/hadoop-yarn-applications-distributedshell-2.6.0.jar:/opt/hadoop/2.6.0/share/hadoop/yarn/hadoop-yarn-server-common-2.6.0.jar:/opt/hadoop/2.6.0/share/hadoop/yarn/hadoop-yarn-server-web-proxy-2.6.0.jar:/opt/hadoop/2.6.0/share/hadoop/yarn/hadoop-yarn-server-applicationhistoryservice-2.6.0.jar:/opt/hadoop/2.6.0/share/hadoop/yarn/hadoop-yarn-api-2.6.0.jar:/opt/hadoop/2.6.0/share/hadoop/yarn/hadoop-yarn-server-nodemanager-2.6.0.jar:/opt/hadoop/2.6.0/share/hadoop/yarn/hadoop-yarn-server-resourcemanager-2.6.0.jar:/opt/hadoop/2.6.0/share/hadoop/yarn/hadoop-yarn-common-2.6.0.jar:/opt/hadoop/2.6.0/share/hadoop/yarn/hadoop-yarn-applications-unmanaged-am-launcher-2.6.0.jar:/opt/hadoop/2.6.0/share/hadoop/yarn/hadoop-yarn-client-2.6.0.jar:/opt/hadoop/2.6.0/share/hadoop/mapreduce/lib/asm-3.2.jar:/opt/hadoop/2.6.0/share/hadoop/mapreduce/lib/jersey-core-1.9.jar:/opt/hadoop/2.6.0/share/hadoop/mapreduce/lib/jackson-mapper-asl-1.9.13.jar:/opt/hadoop/2.6.0/share/hadoop/mapreduce/lib/snappy-java-1.0.4.1.jar:/opt/hadoop/2.6.0/share/hadoop/mapreduce/lib/javax.inject-1.jar:/opt/hadoop/2.6.0/share/hadoop/mapreduce/lib/netty-3.6.2.Final.jar:/opt/hadoop/2.6.0/share/hadoop/mapreduce/lib/paranamer-2.3.jar:/opt/hadoop/2.6.0/share/hadoop/mapreduce/lib/log4j-1.2.17.jar:/opt/hadoop/2.6.0/share/hadoop/mapreduce/lib/junit-4.11.jar:/opt/hadoop/2.6.0/share/hadoop/mapreduce/lib/aopalliance-1.0.jar:/opt/hadoop/2.6.0/share/hadoop/mapreduce/lib/guice-servlet-3.0.jar:/opt/hadoop/2.6.0/share/hadoop/mapreduce/lib/avro-1.7.4.jar:/opt/hadoop/2.6.0/share/hadoop/mapreduce/lib/commons-compress-1.4.1.jar:/opt/hadoop/2.6.0/share/hadoop/mapreduce/lib/hamcrest-core-1.3.jar:/opt/hadoop/2.6.0/share/hadoop/mapreduce/lib/leveldbjni-all-1.8.jar:/opt/hadoop/2.6.0/share/hadoop/mapreduce/lib/jackson-core-asl-1.9.13.jar:/opt/hadoop/2.6.0/share/hadoop/mapreduce/lib/xz-1.0.jar:/opt/hadoop/2.6.0/share/hadoop/mapreduce/lib/jersey-guice-1.9.jar:/opt/hadoop/2.6.0/share/hadoop/mapreduce/lib/guice-3.0.jar:/opt/hadoop/2.6.0/share/hadoop/mapreduce/lib/protobuf-java-2.5.0.jar:/opt/hadoop/2.6.0/share/hadoop/mapreduce/lib/hadoop-annotations-2.6.0.jar:/opt/hadoop/2.6.0/share/hadoop/mapreduce/lib/commons-io-2.4.jar:/opt/hadoop/2.6.0/share/hadoop/mapreduce/lib/jersey-server-1.9.jar:/opt/hadoop/2.6.0/share/hadoop/mapreduce/hadoop-mapreduce-client-common-2.6.0.jar:/opt/hadoop/2.6.0/share/hadoop/mapreduce/hadoop-mapreduce-client-core-2.6.0.jar:/opt/hadoop/2.6.0/share/hadoop/mapreduce/hadoop-mapreduce-client-hs-2.6.0.jar:/opt/hadoop/2.6.0/share/hadoop/mapreduce/hadoop-mapreduce-client-hs-plugins-2.6.0.jar:/opt/hadoop/2.6.0/share/hadoop/mapreduce/hadoop-mapreduce-client-app-2.6.0.jar:/opt/hadoop/2.6.0/share/hadoop/mapreduce/hadoop-mapreduce-client-shuffle-2.6.0.jar:/opt/hadoop/2.6.0/share/hadoop/mapreduce/hadoop-mapreduce-client-jobclient-2.6.0.jar:/opt/hadoop/2.6.0/share/hadoop/mapreduce/hadoop-mapreduce-examples-2.6.0.jar:/opt/hadoop/2.6.0/share/hadoop/mapreduce/hadoop-mapreduce-client-jobclient-2.6.0-tests.jar:/opt/hadoop/2.6.0/contrib/capacity-scheduler/*.jar
STARTUP_MSG:   build = https://git-wip-us.apache.org/repos/asf/hadoop.git -r e3496499ecb8d220fba99dc5ed4c99c8f9e33bb1; compiled by 'jenkins' on 2014-11-13T21:10Z
STARTUP_MSG:   java = 1.8.0_60
************************************************************/
19/10/29 19:42:18 INFO namenode.NameNode: registered UNIX signal handlers for [TERM, HUP, INT]
19/10/29 19:42:18 INFO namenode.NameNode: createNameNode [-format]
19/10/29 19:42:18 WARN util.NativeCodeLoader: Unable to load native-hadoop library for your platform... using builtin-java classes where applicable
19/10/29 19:42:18 WARN common.Util: Path /scratch/sxm2809/27705409/namenode_data should be specified as a URI in configuration files. Please update hdfs configuration.
19/10/29 19:42:18 WARN common.Util: Path /scratch/sxm2809/27705409/namenode_data should be specified as a URI in configuration files. Please update hdfs configuration.
Formatting using clusterid: CID-02938f37-d0b8-4735-9aa1-af9531a05ab3
19/10/29 19:42:18 INFO namenode.FSNamesystem: No KeyProvider found.
19/10/29 19:42:18 INFO namenode.FSNamesystem: fsLock is fair:true
19/10/29 19:42:18 INFO blockmanagement.DatanodeManager: dfs.block.invalidate.limit=1000
19/10/29 19:42:18 INFO blockmanagement.DatanodeManager: dfs.namenode.datanode.registration.ip-hostname-check=true
19/10/29 19:42:18 INFO blockmanagement.BlockManager: dfs.namenode.startup.delay.block.deletion.sec is set to 000:00:00:00.000
19/10/29 19:42:18 INFO blockmanagement.BlockManager: The block deletion will start around 2019 Oct 29 19:42:18
19/10/29 19:42:18 INFO util.GSet: Computing capacity for map BlocksMap
19/10/29 19:42:18 INFO util.GSet: VM type       = 64-bit
19/10/29 19:42:18 INFO util.GSet: 2.0% max memory 958.5 MB = 19.2 MB
19/10/29 19:42:18 INFO util.GSet: capacity      = 2^21 = 2097152 entries
19/10/29 19:42:18 INFO blockmanagement.BlockManager: dfs.block.access.token.enable=false
19/10/29 19:42:18 INFO blockmanagement.BlockManager: defaultReplication         = 3
19/10/29 19:42:18 INFO blockmanagement.BlockManager: maxReplication             = 512
19/10/29 19:42:18 INFO blockmanagement.BlockManager: minReplication             = 1
19/10/29 19:42:18 INFO blockmanagement.BlockManager: maxReplicationStreams      = 2
19/10/29 19:42:18 INFO blockmanagement.BlockManager: shouldCheckForEnoughRacks  = false
19/10/29 19:42:18 INFO blockmanagement.BlockManager: replicationRecheckInterval = 3000
19/10/29 19:42:18 INFO blockmanagement.BlockManager: encryptDataTransfer        = false
19/10/29 19:42:18 INFO blockmanagement.BlockManager: maxNumBlocksToLog          = 1000
19/10/29 19:42:18 INFO namenode.FSNamesystem: fsOwner             = sxm2809 (auth:SIMPLE)
19/10/29 19:42:18 INFO namenode.FSNamesystem: supergroup          = supergroup
19/10/29 19:42:18 INFO namenode.FSNamesystem: isPermissionEnabled = true
19/10/29 19:42:18 INFO namenode.FSNamesystem: HA Enabled: false
19/10/29 19:42:18 INFO namenode.FSNamesystem: Append Enabled: true
19/10/29 19:42:18 INFO util.GSet: Computing capacity for map INodeMap
19/10/29 19:42:18 INFO util.GSet: VM type       = 64-bit
19/10/29 19:42:18 INFO util.GSet: 1.0% max memory 958.5 MB = 9.6 MB
19/10/29 19:42:18 INFO util.GSet: capacity      = 2^20 = 1048576 entries
19/10/29 19:42:18 INFO namenode.NameNode: Caching file names occuring more than 10 times
19/10/29 19:42:18 INFO util.GSet: Computing capacity for map cachedBlocks
19/10/29 19:42:18 INFO util.GSet: VM type       = 64-bit
19/10/29 19:42:18 INFO util.GSet: 0.25% max memory 958.5 MB = 2.4 MB
19/10/29 19:42:18 INFO util.GSet: capacity      = 2^18 = 262144 entries
19/10/29 19:42:18 INFO namenode.FSNamesystem: dfs.namenode.safemode.threshold-pct = 0.9990000128746033
19/10/29 19:42:18 INFO namenode.FSNamesystem: dfs.namenode.safemode.min.datanodes = 0
19/10/29 19:42:18 INFO namenode.FSNamesystem: dfs.namenode.safemode.extension     = 30000
19/10/29 19:42:18 INFO namenode.FSNamesystem: Retry cache on namenode is enabled
19/10/29 19:42:18 INFO namenode.FSNamesystem: Retry cache will use 0.03 of total heap and retry cache entry expiry time is 600000 millis
19/10/29 19:42:18 INFO util.GSet: Computing capacity for map NameNodeRetryCache
19/10/29 19:42:18 INFO util.GSet: VM type       = 64-bit
19/10/29 19:42:18 INFO util.GSet: 0.029999999329447746% max memory 958.5 MB = 294.5 KB
19/10/29 19:42:18 INFO util.GSet: capacity      = 2^15 = 32768 entries
19/10/29 19:42:18 INFO namenode.NNConf: ACLs enabled? false
19/10/29 19:42:18 INFO namenode.NNConf: XAttrs enabled? true
19/10/29 19:42:18 INFO namenode.NNConf: Maximum size of an xattr: 16384
19/10/29 19:42:18 INFO namenode.FSImage: Allocated new BlockPoolId: BP-638848902-198.202.119.47-1572403338757
19/10/29 19:42:18 INFO common.Storage: Storage directory /scratch/sxm2809/27705409/namenode_data has been successfully formatted.
19/10/29 19:42:18 INFO namenode.NNStorageRetentionManager: Going to retain 1 images with txid >= 0
19/10/29 19:42:18 INFO util.ExitUtil: Exiting with status 0
19/10/29 19:42:18 INFO namenode.NameNode: SHUTDOWN_MSG: 
/************************************************************
SHUTDOWN_MSG: Shutting down NameNode at comet-18-04.sdsc.edu/198.202.119.47
************************************************************/
myHadoop:  
myHadoop: Enabling experimental Spark support
myHadoop: Using SPARK_CONF_DIR=/home/sxm2809/cometcluster/spark
myHadoop:  
To use Spark, you will want to type the following commands:"
  source /home/sxm2809/cometcluster/spark/spark-env.sh
  myspark start
19/10/29 19:42:19 WARN util.NativeCodeLoader: Unable to load native-hadoop library for your platform... using builtin-java classes where applicable
Starting namenodes on [comet-18-04.ibnet]
comet-18-04.ibnet: starting namenode, logging to /scratch/sxm2809/27705409/logs/hadoop-sxm2809-namenode-comet-18-04.sdsc.edu.out
comet-18-04.ibnet: starting datanode, logging to /scratch/sxm2809/27705409/logs/hadoop-sxm2809-datanode-comet-18-04.sdsc.edu.out
comet-18-05.ibnet: starting datanode, logging to /scratch/sxm2809/27705409/logs/hadoop-sxm2809-datanode-comet-18-05.sdsc.edu.out
comet-18-06.ibnet: starting datanode, logging to /scratch/sxm2809/27705409/logs/hadoop-sxm2809-datanode-comet-18-06.sdsc.edu.out
Starting secondary namenodes [comet-18-04.ibnet]
comet-18-04.ibnet: starting secondarynamenode, logging to /scratch/sxm2809/27705409/logs/hadoop-sxm2809-secondarynamenode-comet-18-04.sdsc.edu.out
19/10/29 19:42:34 WARN util.NativeCodeLoader: Unable to load native-hadoop library for your platform... using builtin-java classes where applicable
starting yarn daemons
starting resourcemanager, logging to /scratch/sxm2809/27705409/logs/yarn-sxm2809-resourcemanager-comet-18-04.out
comet-18-04.ibnet: starting nodemanager, logging to /scratch/sxm2809/27705409/logs/yarn-sxm2809-nodemanager-comet-18-04.sdsc.edu.out
comet-18-05.ibnet: starting nodemanager, logging to /scratch/sxm2809/27705409/logs/yarn-sxm2809-nodemanager-comet-18-05.sdsc.edu.out
comet-18-06.ibnet: starting nodemanager, logging to /scratch/sxm2809/27705409/logs/yarn-sxm2809-nodemanager-comet-18-06.sdsc.edu.out
mySpark: Using /home/sxm2809/cometcluster/spark/slaves as our slaves file
mySpark: Reading in /home/sxm2809/cometcluster/spark/spark-env.sh as our slaves file
starting org.apache.spark.deploy.master.Master, logging to /scratch/sxm2809/27705409/logs/spark-sxm2809-org.apache.spark.deploy.master.Master-1-comet-18-04.out
mySpark: Starting worker on comet-18-04.ibnet:
  /opt/spark/1.5.2/sbin/spark-daemon.sh --config /home/sxm2809/cometcluster/spark start org.apache.spark.deploy.worker.Worker 1 spark://comet-18-04.ibnet:7077
starting org.apache.spark.deploy.worker.Worker, logging to /scratch/sxm2809/27705409/logs/spark-sxm2809-org.apache.spark.deploy.worker.Worker-1-comet-18-04.sdsc.edu.out
mySpark: Starting worker on comet-18-05.ibnet:
  /opt/spark/1.5.2/sbin/spark-daemon.sh --config /home/sxm2809/cometcluster/spark start org.apache.spark.deploy.worker.Worker 1 spark://comet-18-04.ibnet:7077
starting org.apache.spark.deploy.worker.Worker, logging to /scratch/sxm2809/27705409/logs/spark-sxm2809-org.apache.spark.deploy.worker.Worker-1-comet-18-05.sdsc.edu.out
mySpark: Starting worker on comet-18-06.ibnet:
  /opt/spark/1.5.2/sbin/spark-daemon.sh --config /home/sxm2809/cometcluster/spark start org.apache.spark.deploy.worker.Worker 1 spark://comet-18-04.ibnet:7077
starting org.apache.spark.deploy.worker.Worker, logging to /scratch/sxm2809/27705409/logs/spark-sxm2809-org.apache.spark.deploy.worker.Worker-1-comet-18-06.sdsc.edu.out
19/10/29 19:42:47 WARN util.NativeCodeLoader: Unable to load native-hadoop library for your platform... using builtin-java classes where applicable
19/10/29 19:42:48 WARN util.NativeCodeLoader: Unable to load native-hadoop library for your platform... using builtin-java classes where applicable
19/10/29 19:42:50 INFO spark.SparkContext: Running Spark version 1.5.2
19/10/29 19:42:50 WARN util.NativeCodeLoader: Unable to load native-hadoop library for your platform... using builtin-java classes where applicable
19/10/29 19:42:50 INFO spark.SecurityManager: Changing view acls to: sxm2809
19/10/29 19:42:50 INFO spark.SecurityManager: Changing modify acls to: sxm2809
19/10/29 19:42:50 INFO spark.SecurityManager: SecurityManager: authentication disabled; ui acls disabled; users with view permissions: Set(sxm2809); users with modify permissions: Set(sxm2809)
19/10/29 19:42:50 INFO slf4j.Slf4jLogger: Slf4jLogger started
19/10/29 19:42:50 INFO Remoting: Starting remoting
19/10/29 19:42:50 INFO Remoting: Remoting started; listening on addresses :[akka.tcp://sparkDriver@10.22.251.123:45698]
19/10/29 19:42:50 INFO util.Utils: Successfully started service 'sparkDriver' on port 45698.
19/10/29 19:42:50 INFO spark.SparkEnv: Registering MapOutputTracker
19/10/29 19:42:50 INFO spark.SparkEnv: Registering BlockManagerMaster
19/10/29 19:42:50 INFO storage.DiskBlockManager: Created local directory at /tmp/blockmgr-567b0c0c-730e-4964-ab29-cef525609431
19/10/29 19:42:51 INFO storage.MemoryStore: MemoryStore started with capacity 530.0 MB
19/10/29 19:42:51 INFO spark.HttpFileServer: HTTP File server directory is /tmp/spark-3e68b94b-9618-4e97-a2fc-0203ef7e3da8/httpd-0b440490-b172-486b-8f1a-f8a93203725c
19/10/29 19:42:51 INFO spark.HttpServer: Starting HTTP Server
19/10/29 19:42:51 INFO server.Server: jetty-8.y.z-SNAPSHOT
19/10/29 19:42:51 INFO server.AbstractConnector: Started SocketConnector@0.0.0.0:35487
19/10/29 19:42:51 INFO util.Utils: Successfully started service 'HTTP file server' on port 35487.
19/10/29 19:42:51 INFO spark.SparkEnv: Registering OutputCommitCoordinator
19/10/29 19:42:51 INFO server.Server: jetty-8.y.z-SNAPSHOT
19/10/29 19:42:51 INFO server.AbstractConnector: Started SelectChannelConnector@0.0.0.0:4040
19/10/29 19:42:51 INFO util.Utils: Successfully started service 'SparkUI' on port 4040.
19/10/29 19:42:51 INFO ui.SparkUI: Started SparkUI at http://10.22.251.123:4040
19/10/29 19:42:51 INFO spark.SparkContext: Added JAR file:/home/sxm2809/project5/partition.jar at http://10.22.251.123:35487/jars/partition.jar with timestamp 1572403371188
19/10/29 19:42:51 WARN metrics.MetricsSystem: Using default name DAGScheduler for source because spark.app.id is not set.
19/10/29 19:42:51 INFO client.AppClient$ClientEndpoint: Connecting to master spark://comet-18-04.ibnet:7077...
19/10/29 19:42:51 INFO cluster.SparkDeploySchedulerBackend: Connected to Spark cluster with app ID app-20191029194251-0000
19/10/29 19:42:51 INFO client.AppClient$ClientEndpoint: Executor added: app-20191029194251-0000/0 on worker-20191029194246-10.22.251.121-42363 (10.22.251.121:42363) with 24 cores
19/10/29 19:42:51 INFO cluster.SparkDeploySchedulerBackend: Granted executor ID app-20191029194251-0000/0 on hostPort 10.22.251.121:42363 with 24 cores, 1024.0 MB RAM
19/10/29 19:42:51 INFO client.AppClient$ClientEndpoint: Executor added: app-20191029194251-0000/1 on worker-20191029194241-10.22.251.123-39039 (10.22.251.123:39039) with 24 cores
19/10/29 19:42:51 INFO cluster.SparkDeploySchedulerBackend: Granted executor ID app-20191029194251-0000/1 on hostPort 10.22.251.123:39039 with 24 cores, 1024.0 MB RAM
19/10/29 19:42:51 INFO client.AppClient$ClientEndpoint: Executor added: app-20191029194251-0000/2 on worker-20191029194243-10.22.251.122-40003 (10.22.251.122:40003) with 24 cores
19/10/29 19:42:51 INFO cluster.SparkDeploySchedulerBackend: Granted executor ID app-20191029194251-0000/2 on hostPort 10.22.251.122:40003 with 24 cores, 1024.0 MB RAM
19/10/29 19:42:51 INFO client.AppClient$ClientEndpoint: Executor updated: app-20191029194251-0000/0 is now RUNNING
19/10/29 19:42:51 INFO client.AppClient$ClientEndpoint: Executor updated: app-20191029194251-0000/1 is now LOADING
19/10/29 19:42:51 INFO client.AppClient$ClientEndpoint: Executor updated: app-20191029194251-0000/2 is now LOADING
19/10/29 19:42:51 INFO client.AppClient$ClientEndpoint: Executor updated: app-20191029194251-0000/0 is now LOADING
19/10/29 19:42:51 INFO client.AppClient$ClientEndpoint: Executor updated: app-20191029194251-0000/1 is now RUNNING
19/10/29 19:42:51 INFO client.AppClient$ClientEndpoint: Executor updated: app-20191029194251-0000/2 is now RUNNING
19/10/29 19:42:51 INFO util.Utils: Successfully started service 'org.apache.spark.network.netty.NettyBlockTransferService' on port 42952.
19/10/29 19:42:51 INFO netty.NettyBlockTransferService: Server created on 42952
19/10/29 19:42:51 INFO storage.BlockManagerMaster: Trying to register BlockManager
19/10/29 19:42:51 INFO storage.BlockManagerMasterEndpoint: Registering block manager 10.22.251.123:42952 with 530.0 MB RAM, BlockManagerId(driver, 10.22.251.123, 42952)
19/10/29 19:42:51 INFO storage.BlockManagerMaster: Registered BlockManager
19/10/29 19:42:51 INFO cluster.SparkDeploySchedulerBackend: SchedulerBackend is ready for scheduling beginning after reached minRegisteredResourcesRatio: 0.0
19/10/29 19:42:51 INFO storage.MemoryStore: ensureFreeSpace(120176) called with curMem=0, maxMem=555755765
19/10/29 19:42:51 INFO storage.MemoryStore: Block broadcast_0 stored as values in memory (estimated size 117.4 KB, free 529.9 MB)
19/10/29 19:42:51 INFO storage.MemoryStore: ensureFreeSpace(12887) called with curMem=120176, maxMem=555755765
19/10/29 19:42:51 INFO storage.MemoryStore: Block broadcast_0_piece0 stored as bytes in memory (estimated size 12.6 KB, free 529.9 MB)
19/10/29 19:42:51 INFO storage.BlockManagerInfo: Added broadcast_0_piece0 in memory on 10.22.251.123:42952 (size: 12.6 KB, free: 530.0 MB)
19/10/29 19:42:51 INFO spark.SparkContext: Created broadcast 0 from textFile at Partition.scala:48
19/10/29 19:42:52 INFO mapred.FileInputFormat: Total input paths to process : 1
19/10/29 19:42:52 INFO spark.SparkContext: Starting job: collect at Partition.scala:53
19/10/29 19:42:52 INFO scheduler.DAGScheduler: Registering RDD 3 (flatMap at Partition.scala:50)
19/10/29 19:42:52 INFO scheduler.DAGScheduler: Registering RDD 6 (flatMap at Partition.scala:50)
19/10/29 19:42:52 INFO scheduler.DAGScheduler: Registering RDD 9 (flatMap at Partition.scala:50)
19/10/29 19:42:52 INFO scheduler.DAGScheduler: Registering RDD 12 (flatMap at Partition.scala:50)
19/10/29 19:42:52 INFO scheduler.DAGScheduler: Registering RDD 15 (flatMap at Partition.scala:50)
19/10/29 19:42:52 INFO scheduler.DAGScheduler: Registering RDD 18 (flatMap at Partition.scala:50)
19/10/29 19:42:52 INFO scheduler.DAGScheduler: Registering RDD 21 (map at Partition.scala:52)
19/10/29 19:42:52 INFO scheduler.DAGScheduler: Got job 0 (collect at Partition.scala:53) with 2 output partitions
19/10/29 19:42:52 INFO scheduler.DAGScheduler: Final stage: ResultStage 7(collect at Partition.scala:53)
19/10/29 19:42:52 INFO scheduler.DAGScheduler: Parents of final stage: List(ShuffleMapStage 6)
19/10/29 19:42:52 INFO scheduler.DAGScheduler: Missing parents: List(ShuffleMapStage 6)
19/10/29 19:42:52 INFO scheduler.DAGScheduler: Submitting ShuffleMapStage 0 (MapPartitionsRDD[3] at flatMap at Partition.scala:50), which has no missing parents
19/10/29 19:42:52 INFO storage.MemoryStore: ensureFreeSpace(4944) called with curMem=133063, maxMem=555755765
19/10/29 19:42:52 INFO storage.MemoryStore: Block broadcast_1 stored as values in memory (estimated size 4.8 KB, free 529.9 MB)
19/10/29 19:42:52 INFO storage.MemoryStore: ensureFreeSpace(2656) called with curMem=138007, maxMem=555755765
19/10/29 19:42:52 INFO storage.MemoryStore: Block broadcast_1_piece0 stored as bytes in memory (estimated size 2.6 KB, free 529.9 MB)
19/10/29 19:42:52 INFO storage.BlockManagerInfo: Added broadcast_1_piece0 in memory on 10.22.251.123:42952 (size: 2.6 KB, free: 530.0 MB)
19/10/29 19:42:52 INFO spark.SparkContext: Created broadcast 1 from broadcast at DAGScheduler.scala:861
19/10/29 19:42:52 INFO scheduler.DAGScheduler: Submitting 2 missing tasks from ShuffleMapStage 0 (MapPartitionsRDD[3] at flatMap at Partition.scala:50)
19/10/29 19:42:52 INFO scheduler.TaskSchedulerImpl: Adding task set 0.0 with 2 tasks
19/10/29 19:42:52 INFO cluster.SparkDeploySchedulerBackend: Registered executor: AkkaRpcEndpointRef(Actor[akka.tcp://sparkExecutor@10.22.251.122:36020/user/Executor#-2039014209]) with ID 2
19/10/29 19:42:52 INFO scheduler.TaskSetManager: Starting task 0.0 in stage 0.0 (TID 0, 10.22.251.122, ANY, 2212 bytes)
19/10/29 19:42:52 INFO scheduler.TaskSetManager: Starting task 1.0 in stage 0.0 (TID 1, 10.22.251.122, ANY, 2212 bytes)
19/10/29 19:42:52 INFO cluster.SparkDeploySchedulerBackend: Registered executor: AkkaRpcEndpointRef(Actor[akka.tcp://sparkExecutor@10.22.251.121:42964/user/Executor#-1679442737]) with ID 0
19/10/29 19:42:52 INFO cluster.SparkDeploySchedulerBackend: Registered executor: AkkaRpcEndpointRef(Actor[akka.tcp://sparkExecutor@10.22.251.123:41584/user/Executor#-1806626792]) with ID 1
19/10/29 19:42:53 INFO storage.BlockManagerMasterEndpoint: Registering block manager 10.22.251.122:35161 with 530.0 MB RAM, BlockManagerId(2, 10.22.251.122, 35161)
19/10/29 19:42:53 INFO storage.BlockManagerMasterEndpoint: Registering block manager 10.22.251.123:46246 with 530.0 MB RAM, BlockManagerId(1, 10.22.251.123, 46246)
19/10/29 19:42:53 INFO storage.BlockManagerMasterEndpoint: Registering block manager 10.22.251.121:45907 with 530.0 MB RAM, BlockManagerId(0, 10.22.251.121, 45907)
19/10/29 19:42:53 INFO storage.BlockManagerInfo: Added broadcast_1_piece0 in memory on 10.22.251.122:35161 (size: 2.6 KB, free: 530.0 MB)
19/10/29 19:42:53 INFO storage.BlockManagerInfo: Added broadcast_0_piece0 in memory on 10.22.251.122:35161 (size: 12.6 KB, free: 530.0 MB)
19/10/29 19:42:54 INFO scheduler.TaskSetManager: Finished task 0.0 in stage 0.0 (TID 0) in 1636 ms on 10.22.251.122 (1/2)
19/10/29 19:42:54 INFO scheduler.TaskSetManager: Finished task 1.0 in stage 0.0 (TID 1) in 1625 ms on 10.22.251.122 (2/2)
19/10/29 19:42:54 INFO scheduler.TaskSchedulerImpl: Removed TaskSet 0.0, whose tasks have all completed, from pool 
19/10/29 19:42:54 INFO scheduler.DAGScheduler: ShuffleMapStage 0 (flatMap at Partition.scala:50) finished in 2.182 s
19/10/29 19:42:54 INFO scheduler.DAGScheduler: looking for newly runnable stages
19/10/29 19:42:54 INFO scheduler.DAGScheduler: running: Set()
19/10/29 19:42:54 INFO scheduler.DAGScheduler: waiting: Set(ShuffleMapStage 1, ShuffleMapStage 5, ShuffleMapStage 2, ShuffleMapStage 6, ShuffleMapStage 3, ResultStage 7, ShuffleMapStage 4)
19/10/29 19:42:54 INFO scheduler.DAGScheduler: failed: Set()
19/10/29 19:42:54 INFO scheduler.DAGScheduler: Missing parents for ShuffleMapStage 1: List()
19/10/29 19:42:54 INFO scheduler.DAGScheduler: Missing parents for ShuffleMapStage 5: List(ShuffleMapStage 4)
19/10/29 19:42:54 INFO scheduler.DAGScheduler: Missing parents for ShuffleMapStage 2: List(ShuffleMapStage 1)
19/10/29 19:42:54 INFO scheduler.DAGScheduler: Missing parents for ShuffleMapStage 6: List(ShuffleMapStage 5)
19/10/29 19:42:54 INFO scheduler.DAGScheduler: Missing parents for ShuffleMapStage 3: List(ShuffleMapStage 2)
19/10/29 19:42:54 INFO scheduler.DAGScheduler: Missing parents for ResultStage 7: List(ShuffleMapStage 6)
19/10/29 19:42:54 INFO scheduler.DAGScheduler: Missing parents for ShuffleMapStage 4: List(ShuffleMapStage 3)
19/10/29 19:42:54 INFO scheduler.DAGScheduler: Submitting ShuffleMapStage 1 (MapPartitionsRDD[6] at flatMap at Partition.scala:50), which is now runnable
19/10/29 19:42:54 INFO storage.MemoryStore: ensureFreeSpace(5504) called with curMem=140663, maxMem=555755765
19/10/29 19:42:54 INFO storage.MemoryStore: Block broadcast_2 stored as values in memory (estimated size 5.4 KB, free 529.9 MB)
19/10/29 19:42:54 INFO storage.MemoryStore: ensureFreeSpace(2875) called with curMem=146167, maxMem=555755765
19/10/29 19:42:54 INFO storage.MemoryStore: Block broadcast_2_piece0 stored as bytes in memory (estimated size 2.8 KB, free 529.9 MB)
19/10/29 19:42:54 INFO storage.BlockManagerInfo: Added broadcast_2_piece0 in memory on 10.22.251.123:42952 (size: 2.8 KB, free: 530.0 MB)
19/10/29 19:42:54 INFO spark.SparkContext: Created broadcast 2 from broadcast at DAGScheduler.scala:861
19/10/29 19:42:54 INFO scheduler.DAGScheduler: Submitting 2 missing tasks from ShuffleMapStage 1 (MapPartitionsRDD[6] at flatMap at Partition.scala:50)
19/10/29 19:42:54 INFO scheduler.TaskSchedulerImpl: Adding task set 1.0 with 2 tasks
19/10/29 19:42:54 INFO scheduler.TaskSetManager: Starting task 0.0 in stage 1.0 (TID 2, 10.22.251.121, PROCESS_LOCAL, 1945 bytes)
19/10/29 19:42:54 INFO scheduler.TaskSetManager: Starting task 1.0 in stage 1.0 (TID 3, 10.22.251.122, PROCESS_LOCAL, 1945 bytes)
19/10/29 19:42:54 INFO storage.BlockManagerInfo: Added broadcast_2_piece0 in memory on 10.22.251.122:35161 (size: 2.8 KB, free: 530.0 MB)
19/10/29 19:42:54 INFO spark.MapOutputTrackerMasterEndpoint: Asked to send map output locations for shuffle 6 to 10.22.251.122:36020
19/10/29 19:42:54 INFO spark.MapOutputTrackerMaster: Size of output statuses for shuffle 6 is 151 bytes
19/10/29 19:42:54 INFO storage.BlockManagerInfo: Added broadcast_2_piece0 in memory on 10.22.251.121:45907 (size: 2.8 KB, free: 530.0 MB)
19/10/29 19:42:54 INFO spark.MapOutputTrackerMasterEndpoint: Asked to send map output locations for shuffle 6 to 10.22.251.121:42964
19/10/29 19:42:55 INFO scheduler.TaskSetManager: Finished task 1.0 in stage 1.0 (TID 3) in 1026 ms on 10.22.251.122 (1/2)
19/10/29 19:42:56 INFO scheduler.TaskSetManager: Finished task 0.0 in stage 1.0 (TID 2) in 1469 ms on 10.22.251.121 (2/2)
19/10/29 19:42:56 INFO scheduler.DAGScheduler: ShuffleMapStage 1 (flatMap at Partition.scala:50) finished in 1.469 s
19/10/29 19:42:56 INFO scheduler.TaskSchedulerImpl: Removed TaskSet 1.0, whose tasks have all completed, from pool 
19/10/29 19:42:56 INFO scheduler.DAGScheduler: looking for newly runnable stages
19/10/29 19:42:56 INFO scheduler.DAGScheduler: running: Set()
19/10/29 19:42:56 INFO scheduler.DAGScheduler: waiting: Set(ShuffleMapStage 5, ShuffleMapStage 2, ShuffleMapStage 6, ShuffleMapStage 3, ResultStage 7, ShuffleMapStage 4)
19/10/29 19:42:56 INFO scheduler.DAGScheduler: failed: Set()
19/10/29 19:42:56 INFO scheduler.DAGScheduler: Missing parents for ShuffleMapStage 5: List(ShuffleMapStage 4)
19/10/29 19:42:56 INFO scheduler.DAGScheduler: Missing parents for ShuffleMapStage 2: List()
19/10/29 19:42:56 INFO scheduler.DAGScheduler: Missing parents for ShuffleMapStage 6: List(ShuffleMapStage 5)
19/10/29 19:42:56 INFO scheduler.DAGScheduler: Missing parents for ShuffleMapStage 3: List(ShuffleMapStage 2)
19/10/29 19:42:56 INFO scheduler.DAGScheduler: Missing parents for ResultStage 7: List(ShuffleMapStage 6)
19/10/29 19:42:56 INFO scheduler.DAGScheduler: Missing parents for ShuffleMapStage 4: List(ShuffleMapStage 3)
19/10/29 19:42:56 INFO scheduler.DAGScheduler: Submitting ShuffleMapStage 2 (MapPartitionsRDD[9] at flatMap at Partition.scala:50), which is now runnable
19/10/29 19:42:56 INFO storage.MemoryStore: ensureFreeSpace(5832) called with curMem=149042, maxMem=555755765
19/10/29 19:42:56 INFO storage.MemoryStore: Block broadcast_3 stored as values in memory (estimated size 5.7 KB, free 529.9 MB)
19/10/29 19:42:56 INFO storage.MemoryStore: ensureFreeSpace(2980) called with curMem=154874, maxMem=555755765
19/10/29 19:42:56 INFO storage.MemoryStore: Block broadcast_3_piece0 stored as bytes in memory (estimated size 2.9 KB, free 529.9 MB)
19/10/29 19:42:56 INFO storage.BlockManagerInfo: Added broadcast_3_piece0 in memory on 10.22.251.123:42952 (size: 2.9 KB, free: 530.0 MB)
19/10/29 19:42:56 INFO spark.SparkContext: Created broadcast 3 from broadcast at DAGScheduler.scala:861
19/10/29 19:42:56 INFO scheduler.DAGScheduler: Submitting 2 missing tasks from ShuffleMapStage 2 (MapPartitionsRDD[9] at flatMap at Partition.scala:50)
19/10/29 19:42:56 INFO scheduler.TaskSchedulerImpl: Adding task set 2.0 with 2 tasks
19/10/29 19:42:56 INFO scheduler.TaskSetManager: Starting task 0.0 in stage 2.0 (TID 4, 10.22.251.122, PROCESS_LOCAL, 1945 bytes)
19/10/29 19:42:56 INFO scheduler.TaskSetManager: Starting task 1.0 in stage 2.0 (TID 5, 10.22.251.121, PROCESS_LOCAL, 1945 bytes)
19/10/29 19:42:56 INFO storage.BlockManagerInfo: Added broadcast_3_piece0 in memory on 10.22.251.122:35161 (size: 2.9 KB, free: 530.0 MB)
19/10/29 19:42:56 INFO storage.BlockManagerInfo: Added broadcast_3_piece0 in memory on 10.22.251.121:45907 (size: 2.9 KB, free: 530.0 MB)
19/10/29 19:42:56 INFO spark.MapOutputTrackerMasterEndpoint: Asked to send map output locations for shuffle 5 to 10.22.251.122:36020
19/10/29 19:42:56 INFO spark.MapOutputTrackerMaster: Size of output statuses for shuffle 5 is 164 bytes
19/10/29 19:42:56 INFO spark.MapOutputTrackerMasterEndpoint: Asked to send map output locations for shuffle 5 to 10.22.251.121:42964
19/10/29 19:42:56 INFO scheduler.TaskSetManager: Finished task 0.0 in stage 2.0 (TID 4) in 874 ms on 10.22.251.122 (1/2)
19/10/29 19:42:56 INFO scheduler.TaskSetManager: Finished task 1.0 in stage 2.0 (TID 5) in 892 ms on 10.22.251.121 (2/2)
19/10/29 19:42:56 INFO scheduler.DAGScheduler: ShuffleMapStage 2 (flatMap at Partition.scala:50) finished in 0.892 s
19/10/29 19:42:56 INFO scheduler.TaskSchedulerImpl: Removed TaskSet 2.0, whose tasks have all completed, from pool 
19/10/29 19:42:56 INFO scheduler.DAGScheduler: looking for newly runnable stages
19/10/29 19:42:56 INFO scheduler.DAGScheduler: running: Set()
19/10/29 19:42:56 INFO scheduler.DAGScheduler: waiting: Set(ShuffleMapStage 5, ShuffleMapStage 6, ShuffleMapStage 3, ResultStage 7, ShuffleMapStage 4)
19/10/29 19:42:56 INFO scheduler.DAGScheduler: failed: Set()
19/10/29 19:42:56 INFO scheduler.DAGScheduler: Missing parents for ShuffleMapStage 5: List(ShuffleMapStage 4)
19/10/29 19:42:56 INFO scheduler.DAGScheduler: Missing parents for ShuffleMapStage 6: List(ShuffleMapStage 5)
19/10/29 19:42:56 INFO scheduler.DAGScheduler: Missing parents for ShuffleMapStage 3: List()
19/10/29 19:42:56 INFO scheduler.DAGScheduler: Missing parents for ResultStage 7: List(ShuffleMapStage 6)
19/10/29 19:42:56 INFO scheduler.DAGScheduler: Missing parents for ShuffleMapStage 4: List(ShuffleMapStage 3)
19/10/29 19:42:56 INFO scheduler.DAGScheduler: Submitting ShuffleMapStage 3 (MapPartitionsRDD[12] at flatMap at Partition.scala:50), which is now runnable
19/10/29 19:42:56 INFO storage.MemoryStore: ensureFreeSpace(6168) called with curMem=157854, maxMem=555755765
19/10/29 19:42:56 INFO storage.MemoryStore: Block broadcast_4 stored as values in memory (estimated size 6.0 KB, free 529.9 MB)
19/10/29 19:42:57 INFO storage.MemoryStore: ensureFreeSpace(3058) called with curMem=164022, maxMem=555755765
19/10/29 19:42:57 INFO storage.MemoryStore: Block broadcast_4_piece0 stored as bytes in memory (estimated size 3.0 KB, free 529.9 MB)
19/10/29 19:42:57 INFO storage.BlockManagerInfo: Added broadcast_4_piece0 in memory on 10.22.251.123:42952 (size: 3.0 KB, free: 530.0 MB)
19/10/29 19:42:57 INFO spark.SparkContext: Created broadcast 4 from broadcast at DAGScheduler.scala:861
19/10/29 19:42:57 INFO scheduler.DAGScheduler: Submitting 2 missing tasks from ShuffleMapStage 3 (MapPartitionsRDD[12] at flatMap at Partition.scala:50)
19/10/29 19:42:57 INFO scheduler.TaskSchedulerImpl: Adding task set 3.0 with 2 tasks
19/10/29 19:42:57 INFO scheduler.TaskSetManager: Starting task 0.0 in stage 3.0 (TID 6, 10.22.251.123, PROCESS_LOCAL, 1945 bytes)
19/10/29 19:42:57 INFO scheduler.TaskSetManager: Starting task 1.0 in stage 3.0 (TID 7, 10.22.251.122, PROCESS_LOCAL, 1945 bytes)
19/10/29 19:42:57 INFO storage.BlockManagerInfo: Added broadcast_4_piece0 in memory on 10.22.251.122:35161 (size: 3.0 KB, free: 530.0 MB)
19/10/29 19:42:57 INFO spark.MapOutputTrackerMasterEndpoint: Asked to send map output locations for shuffle 4 to 10.22.251.122:36020
19/10/29 19:42:57 INFO spark.MapOutputTrackerMaster: Size of output statuses for shuffle 4 is 164 bytes
19/10/29 19:42:57 INFO storage.BlockManagerInfo: Added broadcast_4_piece0 in memory on 10.22.251.123:46246 (size: 3.0 KB, free: 530.0 MB)
19/10/29 19:42:57 INFO spark.MapOutputTrackerMasterEndpoint: Asked to send map output locations for shuffle 4 to 10.22.251.123:41584
19/10/29 19:42:57 INFO scheduler.TaskSetManager: Finished task 1.0 in stage 3.0 (TID 7) in 947 ms on 10.22.251.122 (1/2)
19/10/29 19:42:58 INFO scheduler.TaskSetManager: Finished task 0.0 in stage 3.0 (TID 6) in 1583 ms on 10.22.251.123 (2/2)
19/10/29 19:42:58 INFO scheduler.DAGScheduler: ShuffleMapStage 3 (flatMap at Partition.scala:50) finished in 1.583 s
19/10/29 19:42:58 INFO scheduler.TaskSchedulerImpl: Removed TaskSet 3.0, whose tasks have all completed, from pool 
19/10/29 19:42:58 INFO scheduler.DAGScheduler: looking for newly runnable stages
19/10/29 19:42:58 INFO scheduler.DAGScheduler: running: Set()
19/10/29 19:42:58 INFO scheduler.DAGScheduler: waiting: Set(ShuffleMapStage 5, ShuffleMapStage 6, ResultStage 7, ShuffleMapStage 4)
19/10/29 19:42:58 INFO scheduler.DAGScheduler: failed: Set()
19/10/29 19:42:58 INFO scheduler.DAGScheduler: Missing parents for ShuffleMapStage 5: List(ShuffleMapStage 4)
19/10/29 19:42:58 INFO scheduler.DAGScheduler: Missing parents for ShuffleMapStage 6: List(ShuffleMapStage 5)
19/10/29 19:42:58 INFO scheduler.DAGScheduler: Missing parents for ResultStage 7: List(ShuffleMapStage 6)
19/10/29 19:42:58 INFO scheduler.DAGScheduler: Missing parents for ShuffleMapStage 4: List()
19/10/29 19:42:58 INFO scheduler.DAGScheduler: Submitting ShuffleMapStage 4 (MapPartitionsRDD[15] at flatMap at Partition.scala:50), which is now runnable
19/10/29 19:42:58 INFO storage.MemoryStore: ensureFreeSpace(6496) called with curMem=167080, maxMem=555755765
19/10/29 19:42:58 INFO storage.MemoryStore: Block broadcast_5 stored as values in memory (estimated size 6.3 KB, free 529.8 MB)
19/10/29 19:42:58 INFO storage.MemoryStore: ensureFreeSpace(3150) called with curMem=173576, maxMem=555755765
19/10/29 19:42:58 INFO storage.MemoryStore: Block broadcast_5_piece0 stored as bytes in memory (estimated size 3.1 KB, free 529.8 MB)
19/10/29 19:42:58 INFO storage.BlockManagerInfo: Added broadcast_5_piece0 in memory on 10.22.251.123:42952 (size: 3.1 KB, free: 530.0 MB)
19/10/29 19:42:58 INFO spark.SparkContext: Created broadcast 5 from broadcast at DAGScheduler.scala:861
19/10/29 19:42:58 INFO scheduler.DAGScheduler: Submitting 2 missing tasks from ShuffleMapStage 4 (MapPartitionsRDD[15] at flatMap at Partition.scala:50)
19/10/29 19:42:58 INFO scheduler.TaskSchedulerImpl: Adding task set 4.0 with 2 tasks
19/10/29 19:42:58 INFO scheduler.TaskSetManager: Starting task 0.0 in stage 4.0 (TID 8, 10.22.251.123, PROCESS_LOCAL, 1945 bytes)
19/10/29 19:42:58 INFO scheduler.TaskSetManager: Starting task 1.0 in stage 4.0 (TID 9, 10.22.251.122, PROCESS_LOCAL, 1945 bytes)
19/10/29 19:42:58 INFO storage.BlockManagerInfo: Added broadcast_5_piece0 in memory on 10.22.251.122:35161 (size: 3.1 KB, free: 530.0 MB)
19/10/29 19:42:58 INFO spark.MapOutputTrackerMasterEndpoint: Asked to send map output locations for shuffle 3 to 10.22.251.122:36020
19/10/29 19:42:58 INFO spark.MapOutputTrackerMaster: Size of output statuses for shuffle 3 is 164 bytes
19/10/29 19:42:58 INFO storage.BlockManagerInfo: Added broadcast_5_piece0 in memory on 10.22.251.123:46246 (size: 3.1 KB, free: 530.0 MB)
19/10/29 19:42:58 INFO spark.MapOutputTrackerMasterEndpoint: Asked to send map output locations for shuffle 3 to 10.22.251.123:41584
19/10/29 19:43:00 INFO scheduler.TaskSetManager: Finished task 1.0 in stage 4.0 (TID 9) in 1604 ms on 10.22.251.122 (1/2)
19/10/29 19:43:00 INFO scheduler.TaskSetManager: Finished task 0.0 in stage 4.0 (TID 8) in 1690 ms on 10.22.251.123 (2/2)
19/10/29 19:43:00 INFO scheduler.DAGScheduler: ShuffleMapStage 4 (flatMap at Partition.scala:50) finished in 1.690 s
19/10/29 19:43:00 INFO scheduler.TaskSchedulerImpl: Removed TaskSet 4.0, whose tasks have all completed, from pool 
19/10/29 19:43:00 INFO scheduler.DAGScheduler: looking for newly runnable stages
19/10/29 19:43:00 INFO scheduler.DAGScheduler: running: Set()
19/10/29 19:43:00 INFO scheduler.DAGScheduler: waiting: Set(ShuffleMapStage 5, ShuffleMapStage 6, ResultStage 7)
19/10/29 19:43:00 INFO scheduler.DAGScheduler: failed: Set()
19/10/29 19:43:00 INFO scheduler.DAGScheduler: Missing parents for ShuffleMapStage 5: List()
19/10/29 19:43:00 INFO scheduler.DAGScheduler: Missing parents for ShuffleMapStage 6: List(ShuffleMapStage 5)
19/10/29 19:43:00 INFO scheduler.DAGScheduler: Missing parents for ResultStage 7: List(ShuffleMapStage 6)
19/10/29 19:43:00 INFO scheduler.DAGScheduler: Submitting ShuffleMapStage 5 (MapPartitionsRDD[18] at flatMap at Partition.scala:50), which is now runnable
19/10/29 19:43:00 INFO storage.MemoryStore: ensureFreeSpace(6832) called with curMem=176726, maxMem=555755765
19/10/29 19:43:00 INFO storage.MemoryStore: Block broadcast_6 stored as values in memory (estimated size 6.7 KB, free 529.8 MB)
19/10/29 19:43:00 INFO storage.MemoryStore: ensureFreeSpace(3219) called with curMem=183558, maxMem=555755765
19/10/29 19:43:00 INFO storage.MemoryStore: Block broadcast_6_piece0 stored as bytes in memory (estimated size 3.1 KB, free 529.8 MB)
19/10/29 19:43:00 INFO storage.BlockManagerInfo: Added broadcast_6_piece0 in memory on 10.22.251.123:42952 (size: 3.1 KB, free: 530.0 MB)
19/10/29 19:43:00 INFO spark.SparkContext: Created broadcast 6 from broadcast at DAGScheduler.scala:861
19/10/29 19:43:00 INFO scheduler.DAGScheduler: Submitting 2 missing tasks from ShuffleMapStage 5 (MapPartitionsRDD[18] at flatMap at Partition.scala:50)
19/10/29 19:43:00 INFO scheduler.TaskSchedulerImpl: Adding task set 5.0 with 2 tasks
19/10/29 19:43:00 INFO scheduler.TaskSetManager: Starting task 0.0 in stage 5.0 (TID 10, 10.22.251.123, PROCESS_LOCAL, 1945 bytes)
19/10/29 19:43:00 INFO scheduler.TaskSetManager: Starting task 1.0 in stage 5.0 (TID 11, 10.22.251.122, PROCESS_LOCAL, 1945 bytes)
19/10/29 19:43:00 INFO storage.BlockManagerInfo: Added broadcast_6_piece0 in memory on 10.22.251.123:46246 (size: 3.1 KB, free: 530.0 MB)
19/10/29 19:43:00 INFO storage.BlockManagerInfo: Added broadcast_6_piece0 in memory on 10.22.251.122:35161 (size: 3.1 KB, free: 530.0 MB)
19/10/29 19:43:00 INFO spark.MapOutputTrackerMasterEndpoint: Asked to send map output locations for shuffle 2 to 10.22.251.123:41584
19/10/29 19:43:00 INFO spark.MapOutputTrackerMaster: Size of output statuses for shuffle 2 is 164 bytes
19/10/29 19:43:00 INFO spark.MapOutputTrackerMasterEndpoint: Asked to send map output locations for shuffle 2 to 10.22.251.122:36020
19/10/29 19:43:02 INFO scheduler.TaskSetManager: Finished task 1.0 in stage 5.0 (TID 11) in 2158 ms on 10.22.251.122 (1/2)
19/10/29 19:43:02 INFO scheduler.TaskSetManager: Finished task 0.0 in stage 5.0 (TID 10) in 2209 ms on 10.22.251.123 (2/2)
19/10/29 19:43:02 INFO scheduler.DAGScheduler: ShuffleMapStage 5 (flatMap at Partition.scala:50) finished in 2.209 s
19/10/29 19:43:02 INFO scheduler.TaskSchedulerImpl: Removed TaskSet 5.0, whose tasks have all completed, from pool 
19/10/29 19:43:02 INFO scheduler.DAGScheduler: looking for newly runnable stages
19/10/29 19:43:02 INFO scheduler.DAGScheduler: running: Set()
19/10/29 19:43:02 INFO scheduler.DAGScheduler: waiting: Set(ShuffleMapStage 6, ResultStage 7)
19/10/29 19:43:02 INFO scheduler.DAGScheduler: failed: Set()
19/10/29 19:43:02 INFO scheduler.DAGScheduler: Missing parents for ShuffleMapStage 6: List()
19/10/29 19:43:02 INFO scheduler.DAGScheduler: Missing parents for ResultStage 7: List(ShuffleMapStage 6)
19/10/29 19:43:02 INFO scheduler.DAGScheduler: Submitting ShuffleMapStage 6 (MapPartitionsRDD[21] at map at Partition.scala:52), which is now runnable
19/10/29 19:43:02 INFO storage.MemoryStore: ensureFreeSpace(7272) called with curMem=186777, maxMem=555755765
19/10/29 19:43:02 INFO storage.MemoryStore: Block broadcast_7 stored as values in memory (estimated size 7.1 KB, free 529.8 MB)
19/10/29 19:43:02 INFO storage.MemoryStore: ensureFreeSpace(3349) called with curMem=194049, maxMem=555755765
19/10/29 19:43:02 INFO storage.MemoryStore: Block broadcast_7_piece0 stored as bytes in memory (estimated size 3.3 KB, free 529.8 MB)
19/10/29 19:43:02 INFO storage.BlockManagerInfo: Added broadcast_7_piece0 in memory on 10.22.251.123:42952 (size: 3.3 KB, free: 530.0 MB)
19/10/29 19:43:02 INFO spark.SparkContext: Created broadcast 7 from broadcast at DAGScheduler.scala:861
19/10/29 19:43:02 INFO scheduler.DAGScheduler: Submitting 2 missing tasks from ShuffleMapStage 6 (MapPartitionsRDD[21] at map at Partition.scala:52)
19/10/29 19:43:02 INFO scheduler.TaskSchedulerImpl: Adding task set 6.0 with 2 tasks
19/10/29 19:43:02 INFO scheduler.TaskSetManager: Starting task 0.0 in stage 6.0 (TID 12, 10.22.251.123, PROCESS_LOCAL, 1945 bytes)
19/10/29 19:43:02 INFO scheduler.TaskSetManager: Starting task 1.0 in stage 6.0 (TID 13, 10.22.251.121, PROCESS_LOCAL, 1945 bytes)
19/10/29 19:43:02 INFO storage.BlockManagerInfo: Added broadcast_7_piece0 in memory on 10.22.251.123:46246 (size: 3.3 KB, free: 530.0 MB)
19/10/29 19:43:02 INFO storage.BlockManagerInfo: Added broadcast_7_piece0 in memory on 10.22.251.121:45907 (size: 3.3 KB, free: 530.0 MB)
19/10/29 19:43:02 INFO spark.MapOutputTrackerMasterEndpoint: Asked to send map output locations for shuffle 1 to 10.22.251.123:41584
19/10/29 19:43:02 INFO spark.MapOutputTrackerMaster: Size of output statuses for shuffle 1 is 164 bytes
19/10/29 19:43:02 INFO spark.MapOutputTrackerMasterEndpoint: Asked to send map output locations for shuffle 1 to 10.22.251.121:42964
19/10/29 19:43:03 INFO scheduler.TaskSetManager: Finished task 1.0 in stage 6.0 (TID 13) in 1201 ms on 10.22.251.121 (1/2)
19/10/29 19:43:03 INFO scheduler.TaskSetManager: Finished task 0.0 in stage 6.0 (TID 12) in 1207 ms on 10.22.251.123 (2/2)
19/10/29 19:43:03 INFO scheduler.DAGScheduler: ShuffleMapStage 6 (map at Partition.scala:52) finished in 1.207 s
19/10/29 19:43:03 INFO scheduler.TaskSchedulerImpl: Removed TaskSet 6.0, whose tasks have all completed, from pool 
19/10/29 19:43:03 INFO scheduler.DAGScheduler: looking for newly runnable stages
19/10/29 19:43:03 INFO scheduler.DAGScheduler: running: Set()
19/10/29 19:43:03 INFO scheduler.DAGScheduler: waiting: Set(ResultStage 7)
19/10/29 19:43:03 INFO scheduler.DAGScheduler: failed: Set()
19/10/29 19:43:03 INFO scheduler.DAGScheduler: Missing parents for ResultStage 7: List()
19/10/29 19:43:03 INFO scheduler.DAGScheduler: Submitting ResultStage 7 (ShuffledRDD[22] at reduceByKey at Partition.scala:53), which is now runnable
19/10/29 19:43:03 INFO storage.MemoryStore: ensureFreeSpace(2280) called with curMem=197398, maxMem=555755765
19/10/29 19:43:03 INFO storage.MemoryStore: Block broadcast_8 stored as values in memory (estimated size 2.2 KB, free 529.8 MB)
19/10/29 19:43:03 INFO storage.MemoryStore: ensureFreeSpace(1369) called with curMem=199678, maxMem=555755765
19/10/29 19:43:03 INFO storage.MemoryStore: Block broadcast_8_piece0 stored as bytes in memory (estimated size 1369.0 B, free 529.8 MB)
19/10/29 19:43:03 INFO storage.BlockManagerInfo: Added broadcast_8_piece0 in memory on 10.22.251.123:42952 (size: 1369.0 B, free: 530.0 MB)
19/10/29 19:43:03 INFO spark.SparkContext: Created broadcast 8 from broadcast at DAGScheduler.scala:861
19/10/29 19:43:03 INFO scheduler.DAGScheduler: Submitting 2 missing tasks from ResultStage 7 (ShuffledRDD[22] at reduceByKey at Partition.scala:53)
19/10/29 19:43:03 INFO scheduler.TaskSchedulerImpl: Adding task set 7.0 with 2 tasks
19/10/29 19:43:03 INFO scheduler.TaskSetManager: Starting task 0.0 in stage 7.0 (TID 14, 10.22.251.122, PROCESS_LOCAL, 1956 bytes)
19/10/29 19:43:03 INFO scheduler.TaskSetManager: Starting task 1.0 in stage 7.0 (TID 15, 10.22.251.121, PROCESS_LOCAL, 1956 bytes)
19/10/29 19:43:03 INFO storage.BlockManagerInfo: Added broadcast_8_piece0 in memory on 10.22.251.122:35161 (size: 1369.0 B, free: 530.0 MB)
19/10/29 19:43:03 INFO storage.BlockManagerInfo: Added broadcast_8_piece0 in memory on 10.22.251.121:45907 (size: 1369.0 B, free: 530.0 MB)
19/10/29 19:43:03 INFO spark.MapOutputTrackerMasterEndpoint: Asked to send map output locations for shuffle 0 to 10.22.251.122:36020
19/10/29 19:43:03 INFO spark.MapOutputTrackerMaster: Size of output statuses for shuffle 0 is 161 bytes
19/10/29 19:43:03 INFO spark.MapOutputTrackerMasterEndpoint: Asked to send map output locations for shuffle 0 to 10.22.251.121:42964
19/10/29 19:43:03 INFO scheduler.TaskSetManager: Finished task 0.0 in stage 7.0 (TID 14) in 23 ms on 10.22.251.122 (1/2)
19/10/29 19:43:03 INFO scheduler.TaskSetManager: Finished task 1.0 in stage 7.0 (TID 15) in 23 ms on 10.22.251.121 (2/2)
19/10/29 19:43:03 INFO scheduler.DAGScheduler: ResultStage 7 (collect at Partition.scala:53) finished in 0.024 s
19/10/29 19:43:03 INFO scheduler.TaskSchedulerImpl: Removed TaskSet 7.0, whose tasks have all completed, from pool 
19/10/29 19:43:03 INFO scheduler.DAGScheduler: Job 0 finished: collect at Partition.scala:53, took 11.348746 s
(85396,8286)
(21958,13267)
(40720,6129)
(32616,15077)
(59780,7318)
(67668,8749)
(24310,4675)
(29,11404)
(9943,7279)
(81217,7713)
(10147,10103)
19/10/29 19:43:03 INFO spark.SparkContext: Invoking stop() from shutdown hook
19/10/29 19:43:03 INFO handler.ContextHandler: stopped o.s.j.s.ServletContextHandler{/metrics/json,null}
19/10/29 19:43:03 INFO handler.ContextHandler: stopped o.s.j.s.ServletContextHandler{/stages/stage/kill,null}
19/10/29 19:43:03 INFO handler.ContextHandler: stopped o.s.j.s.ServletContextHandler{/api,null}
19/10/29 19:43:03 INFO handler.ContextHandler: stopped o.s.j.s.ServletContextHandler{/,null}
19/10/29 19:43:03 INFO handler.ContextHandler: stopped o.s.j.s.ServletContextHandler{/static,null}
19/10/29 19:43:03 INFO handler.ContextHandler: stopped o.s.j.s.ServletContextHandler{/executors/threadDump/json,null}
19/10/29 19:43:03 INFO handler.ContextHandler: stopped o.s.j.s.ServletContextHandler{/executors/threadDump,null}
19/10/29 19:43:03 INFO handler.ContextHandler: stopped o.s.j.s.ServletContextHandler{/executors/json,null}
19/10/29 19:43:03 INFO handler.ContextHandler: stopped o.s.j.s.ServletContextHandler{/executors,null}
19/10/29 19:43:03 INFO handler.ContextHandler: stopped o.s.j.s.ServletContextHandler{/environment/json,null}
19/10/29 19:43:03 INFO handler.ContextHandler: stopped o.s.j.s.ServletContextHandler{/environment,null}
19/10/29 19:43:03 INFO handler.ContextHandler: stopped o.s.j.s.ServletContextHandler{/storage/rdd/json,null}
19/10/29 19:43:03 INFO handler.ContextHandler: stopped o.s.j.s.ServletContextHandler{/storage/rdd,null}
19/10/29 19:43:03 INFO handler.ContextHandler: stopped o.s.j.s.ServletContextHandler{/storage/json,null}
19/10/29 19:43:03 INFO handler.ContextHandler: stopped o.s.j.s.ServletContextHandler{/storage,null}
19/10/29 19:43:03 INFO handler.ContextHandler: stopped o.s.j.s.ServletContextHandler{/stages/pool/json,null}
19/10/29 19:43:03 INFO handler.ContextHandler: stopped o.s.j.s.ServletContextHandler{/stages/pool,null}
19/10/29 19:43:03 INFO handler.ContextHandler: stopped o.s.j.s.ServletContextHandler{/stages/stage/json,null}
19/10/29 19:43:03 INFO handler.ContextHandler: stopped o.s.j.s.ServletContextHandler{/stages/stage,null}
19/10/29 19:43:03 INFO handler.ContextHandler: stopped o.s.j.s.ServletContextHandler{/stages/json,null}
19/10/29 19:43:03 INFO handler.ContextHandler: stopped o.s.j.s.ServletContextHandler{/stages,null}
19/10/29 19:43:03 INFO handler.ContextHandler: stopped o.s.j.s.ServletContextHandler{/jobs/job/json,null}
19/10/29 19:43:03 INFO handler.ContextHandler: stopped o.s.j.s.ServletContextHandler{/jobs/job,null}
19/10/29 19:43:03 INFO handler.ContextHandler: stopped o.s.j.s.ServletContextHandler{/jobs/json,null}
19/10/29 19:43:03 INFO handler.ContextHandler: stopped o.s.j.s.ServletContextHandler{/jobs,null}
19/10/29 19:43:03 INFO ui.SparkUI: Stopped Spark web UI at http://10.22.251.123:4040
19/10/29 19:43:03 INFO scheduler.DAGScheduler: Stopping DAGScheduler
19/10/29 19:43:03 INFO cluster.SparkDeploySchedulerBackend: Shutting down all executors
19/10/29 19:43:03 INFO cluster.SparkDeploySchedulerBackend: Asking each executor to shut down
19/10/29 19:43:03 INFO spark.MapOutputTrackerMasterEndpoint: MapOutputTrackerMasterEndpoint stopped!
19/10/29 19:43:03 INFO storage.MemoryStore: MemoryStore cleared
19/10/29 19:43:03 INFO storage.BlockManager: BlockManager stopped
19/10/29 19:43:03 INFO storage.BlockManagerMaster: BlockManagerMaster stopped
19/10/29 19:43:03 INFO scheduler.OutputCommitCoordinator$OutputCommitCoordinatorEndpoint: OutputCommitCoordinator stopped!
19/10/29 19:43:03 INFO spark.SparkContext: Successfully stopped SparkContext
19/10/29 19:43:03 INFO util.ShutdownHookManager: Shutdown hook called
19/10/29 19:43:03 INFO util.ShutdownHookManager: Deleting directory /tmp/spark-3e68b94b-9618-4e97-a2fc-0203ef7e3da8
19/10/29 19:43:03 INFO remote.RemoteActorRefProvider$RemotingTerminator: Shutting down remote daemon.
19/10/29 19:43:03 INFO remote.RemoteActorRefProvider$RemotingTerminator: Remote daemon shut down; proceeding with flushing remote transports.
stopping yarn daemons
stopping resourcemanager
comet-18-04.ibnet: stopping nodemanager
comet-18-05.ibnet: stopping nodemanager
comet-18-06.ibnet: stopping nodemanager
no proxyserver to stop
19/10/29 19:43:15 WARN util.NativeCodeLoader: Unable to load native-hadoop library for your platform... using builtin-java classes where applicable
Stopping namenodes on [comet-18-04.ibnet]
comet-18-04.ibnet: stopping namenode
comet-18-04.ibnet: stopping datanode
comet-18-06.ibnet: stopping datanode
comet-18-05.ibnet: stopping datanode
Stopping secondary namenodes [comet-18-04.ibnet]
comet-18-04.ibnet: stopping secondarynamenode
19/10/29 19:43:33 WARN util.NativeCodeLoader: Unable to load native-hadoop library for your platform... using builtin-java classes where applicable
Copying Hadoop logs back to /home/sxm2809/cometcluster/logs...
`/scratch/sxm2809/27705409/logs' -> `/home/sxm2809/cometcluster/logs'
`/scratch/sxm2809/27705409/logs/yarn-sxm2809-nodemanager-comet-18-04.sdsc.edu.out' -> `/home/sxm2809/cometcluster/logs/yarn-sxm2809-nodemanager-comet-18-04.sdsc.edu.out'
`/scratch/sxm2809/27705409/logs/hadoop-sxm2809-datanode-comet-18-04.sdsc.edu.out' -> `/home/sxm2809/cometcluster/logs/hadoop-sxm2809-datanode-comet-18-04.sdsc.edu.out'
`/scratch/sxm2809/27705409/logs/spark-sxm2809-org.apache.spark.deploy.worker.Worker-1-comet-18-04.sdsc.edu.out' -> `/home/sxm2809/cometcluster/logs/spark-sxm2809-org.apache.spark.deploy.worker.Worker-1-comet-18-04.sdsc.edu.out'
`/scratch/sxm2809/27705409/logs/hadoop-sxm2809-secondarynamenode-comet-18-04.sdsc.edu.log' -> `/home/sxm2809/cometcluster/logs/hadoop-sxm2809-secondarynamenode-comet-18-04.sdsc.edu.log'
`/scratch/sxm2809/27705409/logs/yarn-sxm2809-resourcemanager-comet-18-04.log' -> `/home/sxm2809/cometcluster/logs/yarn-sxm2809-resourcemanager-comet-18-04.log'
`/scratch/sxm2809/27705409/logs/hadoop-sxm2809-namenode-comet-18-04.sdsc.edu.out' -> `/home/sxm2809/cometcluster/logs/hadoop-sxm2809-namenode-comet-18-04.sdsc.edu.out'
`/scratch/sxm2809/27705409/logs/spark-sxm2809-org.apache.spark.deploy.master.Master-1-comet-18-04.out' -> `/home/sxm2809/cometcluster/logs/spark-sxm2809-org.apache.spark.deploy.master.Master-1-comet-18-04.out'
`/scratch/sxm2809/27705409/logs/SecurityAuth-sxm2809.audit' -> `/home/sxm2809/cometcluster/logs/SecurityAuth-sxm2809.audit'
`/scratch/sxm2809/27705409/logs/hadoop-sxm2809-secondarynamenode-comet-18-04.sdsc.edu.out' -> `/home/sxm2809/cometcluster/logs/hadoop-sxm2809-secondarynamenode-comet-18-04.sdsc.edu.out'
`/scratch/sxm2809/27705409/logs/yarn-sxm2809-resourcemanager-comet-18-04.out' -> `/home/sxm2809/cometcluster/logs/yarn-sxm2809-resourcemanager-comet-18-04.out'
`/scratch/sxm2809/27705409/logs/hadoop-sxm2809-namenode-comet-18-04.sdsc.edu.log' -> `/home/sxm2809/cometcluster/logs/hadoop-sxm2809-namenode-comet-18-04.sdsc.edu.log'
`/scratch/sxm2809/27705409/logs/yarn-sxm2809-nodemanager-comet-18-04.sdsc.edu.log' -> `/home/sxm2809/cometcluster/logs/yarn-sxm2809-nodemanager-comet-18-04.sdsc.edu.log'
`/scratch/sxm2809/27705409/logs/hadoop-sxm2809-datanode-comet-18-04.sdsc.edu.log' -> `/home/sxm2809/cometcluster/logs/hadoop-sxm2809-datanode-comet-18-04.sdsc.edu.log'
`/scratch/sxm2809/27705409/logs/userlogs' -> `/home/sxm2809/cometcluster/logs/userlogs'
removed directory: `/scratch/sxm2809/27705409/mapred_scratch/nmPrivate'
removed directory: `/scratch/sxm2809/27705409/mapred_scratch/usercache'
removed directory: `/scratch/sxm2809/27705409/mapred_scratch/filecache'
removed directory: `/scratch/sxm2809/27705409/mapred_scratch'
removed directory: `/scratch/sxm2809/27705409/tmp/dfs/namesecondary'
removed directory: `/scratch/sxm2809/27705409/tmp/dfs'
removed directory: `/scratch/sxm2809/27705409/tmp'
removed `/scratch/sxm2809/27705409/namenode_data/current/VERSION'
removed `/scratch/sxm2809/27705409/namenode_data/current/seen_txid'
removed `/scratch/sxm2809/27705409/namenode_data/current/fsimage_0000000000000000000'
removed `/scratch/sxm2809/27705409/namenode_data/current/fsimage_0000000000000000000.md5'
removed `/scratch/sxm2809/27705409/namenode_data/current/edits_inprogress_0000000000000000001'
removed directory: `/scratch/sxm2809/27705409/namenode_data/current'
removed directory: `/scratch/sxm2809/27705409/namenode_data'
removed `/scratch/sxm2809/27705409/hdfs_data/current/VERSION'
removed directory: `/scratch/sxm2809/27705409/hdfs_data/current/BP-638848902-198.202.119.47-1572403338757/tmp'
removed `/scratch/sxm2809/27705409/hdfs_data/current/BP-638848902-198.202.119.47-1572403338757/dncp_block_verification.log.prev'
removed directory: `/scratch/sxm2809/27705409/hdfs_data/current/BP-638848902-198.202.119.47-1572403338757/current/rbw'
removed `/scratch/sxm2809/27705409/hdfs_data/current/BP-638848902-198.202.119.47-1572403338757/current/finalized/subdir0/subdir0/blk_1073741825'
removed `/scratch/sxm2809/27705409/hdfs_data/current/BP-638848902-198.202.119.47-1572403338757/current/finalized/subdir0/subdir0/blk_1073741825_1001.meta'
removed directory: `/scratch/sxm2809/27705409/hdfs_data/current/BP-638848902-198.202.119.47-1572403338757/current/finalized/subdir0/subdir0'
removed directory: `/scratch/sxm2809/27705409/hdfs_data/current/BP-638848902-198.202.119.47-1572403338757/current/finalized/subdir0'
removed directory: `/scratch/sxm2809/27705409/hdfs_data/current/BP-638848902-198.202.119.47-1572403338757/current/finalized'
removed `/scratch/sxm2809/27705409/hdfs_data/current/BP-638848902-198.202.119.47-1572403338757/current/dfsUsed'
removed `/scratch/sxm2809/27705409/hdfs_data/current/BP-638848902-198.202.119.47-1572403338757/current/VERSION'
removed directory: `/scratch/sxm2809/27705409/hdfs_data/current/BP-638848902-198.202.119.47-1572403338757/current'
removed `/scratch/sxm2809/27705409/hdfs_data/current/BP-638848902-198.202.119.47-1572403338757/dncp_block_verification.log.curr'
removed directory: `/scratch/sxm2809/27705409/hdfs_data/current/BP-638848902-198.202.119.47-1572403338757'
removed directory: `/scratch/sxm2809/27705409/hdfs_data/current'
removed directory: `/scratch/sxm2809/27705409/hdfs_data'
removed directory: `/scratch/sxm2809/27705409/pids'
removed `/scratch/sxm2809/27705409/logs/yarn-sxm2809-nodemanager-comet-18-04.sdsc.edu.out'
removed `/scratch/sxm2809/27705409/logs/hadoop-sxm2809-datanode-comet-18-04.sdsc.edu.out'
removed `/scratch/sxm2809/27705409/logs/spark-sxm2809-org.apache.spark.deploy.worker.Worker-1-comet-18-04.sdsc.edu.out'
removed `/scratch/sxm2809/27705409/logs/hadoop-sxm2809-secondarynamenode-comet-18-04.sdsc.edu.log'
removed `/scratch/sxm2809/27705409/logs/yarn-sxm2809-resourcemanager-comet-18-04.log'
removed `/scratch/sxm2809/27705409/logs/hadoop-sxm2809-namenode-comet-18-04.sdsc.edu.out'
removed `/scratch/sxm2809/27705409/logs/spark-sxm2809-org.apache.spark.deploy.master.Master-1-comet-18-04.out'
removed `/scratch/sxm2809/27705409/logs/SecurityAuth-sxm2809.audit'
removed `/scratch/sxm2809/27705409/logs/hadoop-sxm2809-secondarynamenode-comet-18-04.sdsc.edu.out'
removed `/scratch/sxm2809/27705409/logs/yarn-sxm2809-resourcemanager-comet-18-04.out'
removed `/scratch/sxm2809/27705409/logs/hadoop-sxm2809-namenode-comet-18-04.sdsc.edu.log'
removed `/scratch/sxm2809/27705409/logs/yarn-sxm2809-nodemanager-comet-18-04.sdsc.edu.log'
removed `/scratch/sxm2809/27705409/logs/hadoop-sxm2809-datanode-comet-18-04.sdsc.edu.log'
removed directory: `/scratch/sxm2809/27705409/logs/userlogs'
removed directory: `/scratch/sxm2809/27705409/logs'
removed directory: `/scratch/sxm2809/27705409/mapred_scratch/filecache'
removed directory: `/scratch/sxm2809/27705409/mapred_scratch/nmPrivate'
removed directory: `/scratch/sxm2809/27705409/mapred_scratch/usercache'
removed directory: `/scratch/sxm2809/27705409/mapred_scratch'
removed `/scratch/sxm2809/27705409/hdfs_data/current/VERSION'
removed `/scratch/sxm2809/27705409/hdfs_data/current/BP-638848902-198.202.119.47-1572403338757/dncp_block_verification.log.curr'
removed `/scratch/sxm2809/27705409/hdfs_data/current/BP-638848902-198.202.119.47-1572403338757/current/finalized/subdir0/subdir0/blk_1073741825'
removed `/scratch/sxm2809/27705409/hdfs_data/current/BP-638848902-198.202.119.47-1572403338757/current/finalized/subdir0/subdir0/blk_1073741825_1001.meta'
removed directory: `/scratch/sxm2809/27705409/hdfs_data/current/BP-638848902-198.202.119.47-1572403338757/current/finalized/subdir0/subdir0'
removed directory: `/scratch/sxm2809/27705409/hdfs_data/current/BP-638848902-198.202.119.47-1572403338757/current/finalized/subdir0'
removed directory: `/scratch/sxm2809/27705409/hdfs_data/current/BP-638848902-198.202.119.47-1572403338757/current/finalized'
removed `/scratch/sxm2809/27705409/hdfs_data/current/BP-638848902-198.202.119.47-1572403338757/current/dfsUsed'
removed directory: `/scratch/sxm2809/27705409/hdfs_data/current/BP-638848902-198.202.119.47-1572403338757/current/rbw'
removed `/scratch/sxm2809/27705409/hdfs_data/current/BP-638848902-198.202.119.47-1572403338757/current/VERSION'
removed directory: `/scratch/sxm2809/27705409/hdfs_data/current/BP-638848902-198.202.119.47-1572403338757/current'
removed `/scratch/sxm2809/27705409/hdfs_data/current/BP-638848902-198.202.119.47-1572403338757/dncp_block_verification.log.prev'
removed directory: `/scratch/sxm2809/27705409/hdfs_data/current/BP-638848902-198.202.119.47-1572403338757/tmp'
removed directory: `/scratch/sxm2809/27705409/hdfs_data/current/BP-638848902-198.202.119.47-1572403338757'
removed directory: `/scratch/sxm2809/27705409/hdfs_data/current'
removed directory: `/scratch/sxm2809/27705409/hdfs_data'
removed directory: `/scratch/sxm2809/27705409/pids'
removed `/scratch/sxm2809/27705409/logs/hadoop-sxm2809-datanode-comet-18-05.sdsc.edu.log'
removed `/scratch/sxm2809/27705409/logs/yarn-sxm2809-nodemanager-comet-18-05.sdsc.edu.out'
removed directory: `/scratch/sxm2809/27705409/logs/userlogs'
removed `/scratch/sxm2809/27705409/logs/SecurityAuth-sxm2809.audit'
removed `/scratch/sxm2809/27705409/logs/yarn-sxm2809-nodemanager-comet-18-05.sdsc.edu.log'
removed `/scratch/sxm2809/27705409/logs/spark-sxm2809-org.apache.spark.deploy.worker.Worker-1-comet-18-05.sdsc.edu.out'
removed `/scratch/sxm2809/27705409/logs/hadoop-sxm2809-datanode-comet-18-05.sdsc.edu.out'
removed directory: `/scratch/sxm2809/27705409/logs'
removed directory: `/scratch/sxm2809/27705409/mapred_scratch/nmPrivate'
removed directory: `/scratch/sxm2809/27705409/mapred_scratch/usercache'
removed directory: `/scratch/sxm2809/27705409/mapred_scratch/filecache'
removed directory: `/scratch/sxm2809/27705409/mapred_scratch'
removed `/scratch/sxm2809/27705409/hdfs_data/current/VERSION'
removed `/scratch/sxm2809/27705409/hdfs_data/current/BP-638848902-198.202.119.47-1572403338757/dncp_block_verification.log.prev'
removed directory: `/scratch/sxm2809/27705409/hdfs_data/current/BP-638848902-198.202.119.47-1572403338757/current/rbw'
removed `/scratch/sxm2809/27705409/hdfs_data/current/BP-638848902-198.202.119.47-1572403338757/current/finalized/subdir0/subdir0/blk_1073741825'
removed `/scratch/sxm2809/27705409/hdfs_data/current/BP-638848902-198.202.119.47-1572403338757/current/finalized/subdir0/subdir0/blk_1073741825_1001.meta'
removed directory: `/scratch/sxm2809/27705409/hdfs_data/current/BP-638848902-198.202.119.47-1572403338757/current/finalized/subdir0/subdir0'
removed directory: `/scratch/sxm2809/27705409/hdfs_data/current/BP-638848902-198.202.119.47-1572403338757/current/finalized/subdir0'
removed directory: `/scratch/sxm2809/27705409/hdfs_data/current/BP-638848902-198.202.119.47-1572403338757/current/finalized'
removed `/scratch/sxm2809/27705409/hdfs_data/current/BP-638848902-198.202.119.47-1572403338757/current/VERSION'
removed `/scratch/sxm2809/27705409/hdfs_data/current/BP-638848902-198.202.119.47-1572403338757/current/dfsUsed'
removed directory: `/scratch/sxm2809/27705409/hdfs_data/current/BP-638848902-198.202.119.47-1572403338757/current'
removed directory: `/scratch/sxm2809/27705409/hdfs_data/current/BP-638848902-198.202.119.47-1572403338757/tmp'
removed `/scratch/sxm2809/27705409/hdfs_data/current/BP-638848902-198.202.119.47-1572403338757/dncp_block_verification.log.curr'
removed directory: `/scratch/sxm2809/27705409/hdfs_data/current/BP-638848902-198.202.119.47-1572403338757'
removed directory: `/scratch/sxm2809/27705409/hdfs_data/current'
removed directory: `/scratch/sxm2809/27705409/hdfs_data'
removed directory: `/scratch/sxm2809/27705409/pids'
removed `/scratch/sxm2809/27705409/logs/yarn-sxm2809-nodemanager-comet-18-06.sdsc.edu.log'
removed directory: `/scratch/sxm2809/27705409/logs/userlogs'
removed `/scratch/sxm2809/27705409/logs/SecurityAuth-sxm2809.audit'
removed `/scratch/sxm2809/27705409/logs/hadoop-sxm2809-datanode-comet-18-06.sdsc.edu.log'
removed `/scratch/sxm2809/27705409/logs/spark-sxm2809-org.apache.spark.deploy.worker.Worker-1-comet-18-06.sdsc.edu.out'
removed `/scratch/sxm2809/27705409/logs/hadoop-sxm2809-datanode-comet-18-06.sdsc.edu.out'
removed `/scratch/sxm2809/27705409/logs/yarn-sxm2809-nodemanager-comet-18-06.sdsc.edu.out'
removed directory: `/scratch/sxm2809/27705409/logs'
removed directory: `/tmp/Jetty_comet.18.04_ibnet_50090_secondary____xz05ik/.active'
removed directory: `/tmp/Jetty_comet.18.04_ibnet_50090_secondary____xz05ik/jsp'
removed directory: `/tmp/Jetty_comet.18.04_ibnet_50090_secondary____xz05ik'
removed directory: `/tmp/Jetty_0_0_0_0_50075_datanode____hwtdwq_4752082391194957139/.active'
removed directory: `/tmp/Jetty_0_0_0_0_50075_datanode____hwtdwq_4752082391194957139/jsp'
removed directory: `/tmp/Jetty_0_0_0_0_50075_datanode____hwtdwq_4752082391194957139'
removed directory: `/tmp/Jetty_0_0_0_0_50070_hdfs____w2cu08/.active'
removed directory: `/tmp/Jetty_0_0_0_0_50070_hdfs____w2cu08/jsp'
removed directory: `/tmp/Jetty_0_0_0_0_50070_hdfs____w2cu08'
