myHadoop: Setting MH_IPOIB_TRANSFORM='s/\([^.]*\).*$/\1.ibnet/' from myhadoop.conf
myHadoop: Setting MH_SCRATCH_DIR=/scratch/$USER/$SLURM_JOBID from myhadoop.conf
myHadoop: Using HADOOP_HOME=/opt/hadoop/2.6.0
myHadoop: Using MH_SCRATCH_DIR=/scratch/sxm2809/27910980
myHadoop: Using JAVA_HOME=/usr/java/latest
myHadoop: Generating Hadoop configuration in directory in /home/sxm2809/cometcluster...
myHadoop: Backing up old config dir to /home/sxm2809/cometcluster.11...
`/home/sxm2809/cometcluster' -> `/home/sxm2809/cometcluster.11'
myHadoop: Designating comet-12-51.ibnet as master node (namenode, secondary namenode, and jobtracker)
myHadoop: The following nodes will be slaves (datanode, tasktracer):
comet-12-51.ibnet
comet-12-52.ibnet
comet-12-61.ibnet
19/11/05 19:41:15 INFO namenode.NameNode: STARTUP_MSG: 
/************************************************************
STARTUP_MSG: Starting NameNode
STARTUP_MSG:   host = comet-12-51.sdsc.edu/198.202.116.207
STARTUP_MSG:   args = [-format]
STARTUP_MSG:   version = 2.6.0
STARTUP_MSG:   classpath = /home/sxm2809/cometcluster:/opt/hadoop/2.6.0/share/hadoop/common/lib/commons-beanutils-1.7.0.jar:/opt/hadoop/2.6.0/share/hadoop/common/lib/commons-lang-2.6.jar:/opt/hadoop/2.6.0/share/hadoop/common/lib/junit-4.11.jar:/opt/hadoop/2.6.0/share/hadoop/common/lib/java-xmlbuilder-0.4.jar:/opt/hadoop/2.6.0/share/hadoop/common/lib/log4j-1.2.17.jar:/opt/hadoop/2.6.0/share/hadoop/common/lib/zookeeper-3.4.6.jar:/opt/hadoop/2.6.0/share/hadoop/common/lib/jetty-util-6.1.26.jar:/opt/hadoop/2.6.0/share/hadoop/common/lib/jsr305-1.3.9.jar:/opt/hadoop/2.6.0/share/hadoop/common/lib/apacheds-kerberos-codec-2.0.0-M15.jar:/opt/hadoop/2.6.0/share/hadoop/common/lib/guava-11.0.2.jar:/opt/hadoop/2.6.0/share/hadoop/common/lib/xmlenc-0.52.jar:/opt/hadoop/2.6.0/share/hadoop/common/lib/httpclient-4.2.5.jar:/opt/hadoop/2.6.0/share/hadoop/common/lib/jackson-xc-1.9.13.jar:/opt/hadoop/2.6.0/share/hadoop/common/lib/apacheds-i18n-2.0.0-M15.jar:/opt/hadoop/2.6.0/share/hadoop/common/lib/jasper-compiler-5.5.23.jar:/opt/hadoop/2.6.0/share/hadoop/common/lib/asm-3.2.jar:/opt/hadoop/2.6.0/share/hadoop/common/lib/jasper-runtime-5.5.23.jar:/opt/hadoop/2.6.0/share/hadoop/common/lib/commons-beanutils-core-1.8.0.jar:/opt/hadoop/2.6.0/share/hadoop/common/lib/commons-cli-1.2.jar:/opt/hadoop/2.6.0/share/hadoop/common/lib/jets3t-0.9.0.jar:/opt/hadoop/2.6.0/share/hadoop/common/lib/avro-1.7.4.jar:/opt/hadoop/2.6.0/share/hadoop/common/lib/curator-framework-2.6.0.jar:/opt/hadoop/2.6.0/share/hadoop/common/lib/commons-configuration-1.6.jar:/opt/hadoop/2.6.0/share/hadoop/common/lib/jetty-6.1.26.jar:/opt/hadoop/2.6.0/share/hadoop/common/lib/hamcrest-core-1.3.jar:/opt/hadoop/2.6.0/share/hadoop/common/lib/gson-2.2.4.jar:/opt/hadoop/2.6.0/share/hadoop/common/lib/jaxb-api-2.2.2.jar:/opt/hadoop/2.6.0/share/hadoop/common/lib/jersey-core-1.9.jar:/opt/hadoop/2.6.0/share/hadoop/common/lib/hadoop-annotations-2.6.0.jar:/opt/hadoop/2.6.0/share/hadoop/common/lib/slf4j-log4j12-1.7.5.jar:/opt/hadoop/2.6.0/share/hadoop/common/lib/xz-1.0.jar:/opt/hadoop/2.6.0/share/hadoop/common/lib/slf4j-api-1.7.5.jar:/opt/hadoop/2.6.0/share/hadoop/common/lib/commons-el-1.0.jar:/opt/hadoop/2.6.0/share/hadoop/common/lib/commons-logging-1.1.3.jar:/opt/hadoop/2.6.0/share/hadoop/common/lib/commons-net-3.1.jar:/opt/hadoop/2.6.0/share/hadoop/common/lib/snappy-java-1.0.4.1.jar:/opt/hadoop/2.6.0/share/hadoop/common/lib/jackson-core-asl-1.9.13.jar:/opt/hadoop/2.6.0/share/hadoop/common/lib/hadoop-auth-2.6.0.jar:/opt/hadoop/2.6.0/share/hadoop/common/lib/jackson-mapper-asl-1.9.13.jar:/opt/hadoop/2.6.0/share/hadoop/common/lib/commons-compress-1.4.1.jar:/opt/hadoop/2.6.0/share/hadoop/common/lib/api-asn1-api-1.0.0-M20.jar:/opt/hadoop/2.6.0/share/hadoop/common/lib/jettison-1.1.jar:/opt/hadoop/2.6.0/share/hadoop/common/lib/jersey-json-1.9.jar:/opt/hadoop/2.6.0/share/hadoop/common/lib/servlet-api-2.5.jar:/opt/hadoop/2.6.0/share/hadoop/common/lib/jsch-0.1.42.jar:/opt/hadoop/2.6.0/share/hadoop/common/lib/curator-recipes-2.6.0.jar:/opt/hadoop/2.6.0/share/hadoop/common/lib/commons-digester-1.8.jar:/opt/hadoop/2.6.0/share/hadoop/common/lib/htrace-core-3.0.4.jar:/opt/hadoop/2.6.0/share/hadoop/common/lib/commons-io-2.4.jar:/opt/hadoop/2.6.0/share/hadoop/common/lib/jersey-server-1.9.jar:/opt/hadoop/2.6.0/share/hadoop/common/lib/commons-collections-3.2.1.jar:/opt/hadoop/2.6.0/share/hadoop/common/lib/activation-1.1.jar:/opt/hadoop/2.6.0/share/hadoop/common/lib/jaxb-impl-2.2.3-1.jar:/opt/hadoop/2.6.0/share/hadoop/common/lib/api-util-1.0.0-M20.jar:/opt/hadoop/2.6.0/share/hadoop/common/lib/mockito-all-1.8.5.jar:/opt/hadoop/2.6.0/share/hadoop/common/lib/httpcore-4.2.5.jar:/opt/hadoop/2.6.0/share/hadoop/common/lib/commons-codec-1.4.jar:/opt/hadoop/2.6.0/share/hadoop/common/lib/protobuf-java-2.5.0.jar:/opt/hadoop/2.6.0/share/hadoop/common/lib/jackson-jaxrs-1.9.13.jar:/opt/hadoop/2.6.0/share/hadoop/common/lib/netty-3.6.2.Final.jar:/opt/hadoop/2.6.0/share/hadoop/common/lib/paranamer-2.3.jar:/opt/hadoop/2.6.0/share/hadoop/common/lib/commons-math3-3.1.1.jar:/opt/hadoop/2.6.0/share/hadoop/common/lib/commons-httpclient-3.1.jar:/opt/hadoop/2.6.0/share/hadoop/common/lib/stax-api-1.0-2.jar:/opt/hadoop/2.6.0/share/hadoop/common/lib/jsp-api-2.1.jar:/opt/hadoop/2.6.0/share/hadoop/common/lib/curator-client-2.6.0.jar:/opt/hadoop/2.6.0/share/hadoop/common/hadoop-nfs-2.6.0.jar:/opt/hadoop/2.6.0/share/hadoop/common/hadoop-common-2.6.0.jar:/opt/hadoop/2.6.0/share/hadoop/common/hadoop-common-2.6.0-tests.jar:/opt/hadoop/2.6.0/share/hadoop/hdfs:/opt/hadoop/2.6.0/share/hadoop/hdfs/lib/commons-lang-2.6.jar:/opt/hadoop/2.6.0/share/hadoop/hdfs/lib/log4j-1.2.17.jar:/opt/hadoop/2.6.0/share/hadoop/hdfs/lib/jetty-util-6.1.26.jar:/opt/hadoop/2.6.0/share/hadoop/hdfs/lib/jsr305-1.3.9.jar:/opt/hadoop/2.6.0/share/hadoop/hdfs/lib/guava-11.0.2.jar:/opt/hadoop/2.6.0/share/hadoop/hdfs/lib/xmlenc-0.52.jar:/opt/hadoop/2.6.0/share/hadoop/hdfs/lib/asm-3.2.jar:/opt/hadoop/2.6.0/share/hadoop/hdfs/lib/jasper-runtime-5.5.23.jar:/opt/hadoop/2.6.0/share/hadoop/hdfs/lib/commons-cli-1.2.jar:/opt/hadoop/2.6.0/share/hadoop/hdfs/lib/jetty-6.1.26.jar:/opt/hadoop/2.6.0/share/hadoop/hdfs/lib/jersey-core-1.9.jar:/opt/hadoop/2.6.0/share/hadoop/hdfs/lib/commons-el-1.0.jar:/opt/hadoop/2.6.0/share/hadoop/hdfs/lib/commons-logging-1.1.3.jar:/opt/hadoop/2.6.0/share/hadoop/hdfs/lib/jackson-core-asl-1.9.13.jar:/opt/hadoop/2.6.0/share/hadoop/hdfs/lib/jackson-mapper-asl-1.9.13.jar:/opt/hadoop/2.6.0/share/hadoop/hdfs/lib/servlet-api-2.5.jar:/opt/hadoop/2.6.0/share/hadoop/hdfs/lib/htrace-core-3.0.4.jar:/opt/hadoop/2.6.0/share/hadoop/hdfs/lib/commons-io-2.4.jar:/opt/hadoop/2.6.0/share/hadoop/hdfs/lib/jersey-server-1.9.jar:/opt/hadoop/2.6.0/share/hadoop/hdfs/lib/commons-codec-1.4.jar:/opt/hadoop/2.6.0/share/hadoop/hdfs/lib/protobuf-java-2.5.0.jar:/opt/hadoop/2.6.0/share/hadoop/hdfs/lib/netty-3.6.2.Final.jar:/opt/hadoop/2.6.0/share/hadoop/hdfs/lib/commons-daemon-1.0.13.jar:/opt/hadoop/2.6.0/share/hadoop/hdfs/lib/xml-apis-1.3.04.jar:/opt/hadoop/2.6.0/share/hadoop/hdfs/lib/xercesImpl-2.9.1.jar:/opt/hadoop/2.6.0/share/hadoop/hdfs/lib/jsp-api-2.1.jar:/opt/hadoop/2.6.0/share/hadoop/hdfs/hadoop-hdfs-nfs-2.6.0.jar:/opt/hadoop/2.6.0/share/hadoop/hdfs/hadoop-hdfs-2.6.0-tests.jar:/opt/hadoop/2.6.0/share/hadoop/hdfs/hadoop-hdfs-2.6.0.jar:/opt/hadoop/2.6.0/share/hadoop/yarn/lib/jline-0.9.94.jar:/opt/hadoop/2.6.0/share/hadoop/yarn/lib/commons-lang-2.6.jar:/opt/hadoop/2.6.0/share/hadoop/yarn/lib/guice-3.0.jar:/opt/hadoop/2.6.0/share/hadoop/yarn/lib/log4j-1.2.17.jar:/opt/hadoop/2.6.0/share/hadoop/yarn/lib/zookeeper-3.4.6.jar:/opt/hadoop/2.6.0/share/hadoop/yarn/lib/jetty-util-6.1.26.jar:/opt/hadoop/2.6.0/share/hadoop/yarn/lib/jsr305-1.3.9.jar:/opt/hadoop/2.6.0/share/hadoop/yarn/lib/guava-11.0.2.jar:/opt/hadoop/2.6.0/share/hadoop/yarn/lib/jackson-xc-1.9.13.jar:/opt/hadoop/2.6.0/share/hadoop/yarn/lib/asm-3.2.jar:/opt/hadoop/2.6.0/share/hadoop/yarn/lib/commons-cli-1.2.jar:/opt/hadoop/2.6.0/share/hadoop/yarn/lib/leveldbjni-all-1.8.jar:/opt/hadoop/2.6.0/share/hadoop/yarn/lib/jetty-6.1.26.jar:/opt/hadoop/2.6.0/share/hadoop/yarn/lib/aopalliance-1.0.jar:/opt/hadoop/2.6.0/share/hadoop/yarn/lib/jaxb-api-2.2.2.jar:/opt/hadoop/2.6.0/share/hadoop/yarn/lib/jersey-core-1.9.jar:/opt/hadoop/2.6.0/share/hadoop/yarn/lib/xz-1.0.jar:/opt/hadoop/2.6.0/share/hadoop/yarn/lib/guice-servlet-3.0.jar:/opt/hadoop/2.6.0/share/hadoop/yarn/lib/commons-logging-1.1.3.jar:/opt/hadoop/2.6.0/share/hadoop/yarn/lib/jackson-core-asl-1.9.13.jar:/opt/hadoop/2.6.0/share/hadoop/yarn/lib/jackson-mapper-asl-1.9.13.jar:/opt/hadoop/2.6.0/share/hadoop/yarn/lib/commons-compress-1.4.1.jar:/opt/hadoop/2.6.0/share/hadoop/yarn/lib/jettison-1.1.jar:/opt/hadoop/2.6.0/share/hadoop/yarn/lib/jersey-json-1.9.jar:/opt/hadoop/2.6.0/share/hadoop/yarn/lib/servlet-api-2.5.jar:/opt/hadoop/2.6.0/share/hadoop/yarn/lib/commons-io-2.4.jar:/opt/hadoop/2.6.0/share/hadoop/yarn/lib/jersey-server-1.9.jar:/opt/hadoop/2.6.0/share/hadoop/yarn/lib/commons-collections-3.2.1.jar:/opt/hadoop/2.6.0/share/hadoop/yarn/lib/activation-1.1.jar:/opt/hadoop/2.6.0/share/hadoop/yarn/lib/jaxb-impl-2.2.3-1.jar:/opt/hadoop/2.6.0/share/hadoop/yarn/lib/commons-codec-1.4.jar:/opt/hadoop/2.6.0/share/hadoop/yarn/lib/protobuf-java-2.5.0.jar:/opt/hadoop/2.6.0/share/hadoop/yarn/lib/jackson-jaxrs-1.9.13.jar:/opt/hadoop/2.6.0/share/hadoop/yarn/lib/netty-3.6.2.Final.jar:/opt/hadoop/2.6.0/share/hadoop/yarn/lib/jersey-client-1.9.jar:/opt/hadoop/2.6.0/share/hadoop/yarn/lib/commons-httpclient-3.1.jar:/opt/hadoop/2.6.0/share/hadoop/yarn/lib/stax-api-1.0-2.jar:/opt/hadoop/2.6.0/share/hadoop/yarn/lib/jersey-guice-1.9.jar:/opt/hadoop/2.6.0/share/hadoop/yarn/lib/javax.inject-1.jar:/opt/hadoop/2.6.0/share/hadoop/yarn/hadoop-yarn-server-tests-2.6.0.jar:/opt/hadoop/2.6.0/share/hadoop/yarn/hadoop-yarn-server-applicationhistoryservice-2.6.0.jar:/opt/hadoop/2.6.0/share/hadoop/yarn/hadoop-yarn-client-2.6.0.jar:/opt/hadoop/2.6.0/share/hadoop/yarn/hadoop-yarn-applications-distributedshell-2.6.0.jar:/opt/hadoop/2.6.0/share/hadoop/yarn/hadoop-yarn-server-nodemanager-2.6.0.jar:/opt/hadoop/2.6.0/share/hadoop/yarn/hadoop-yarn-applications-unmanaged-am-launcher-2.6.0.jar:/opt/hadoop/2.6.0/share/hadoop/yarn/hadoop-yarn-api-2.6.0.jar:/opt/hadoop/2.6.0/share/hadoop/yarn/hadoop-yarn-server-common-2.6.0.jar:/opt/hadoop/2.6.0/share/hadoop/yarn/hadoop-yarn-common-2.6.0.jar:/opt/hadoop/2.6.0/share/hadoop/yarn/hadoop-yarn-registry-2.6.0.jar:/opt/hadoop/2.6.0/share/hadoop/yarn/hadoop-yarn-server-resourcemanager-2.6.0.jar:/opt/hadoop/2.6.0/share/hadoop/yarn/hadoop-yarn-server-web-proxy-2.6.0.jar:/opt/hadoop/2.6.0/share/hadoop/mapreduce/lib/guice-3.0.jar:/opt/hadoop/2.6.0/share/hadoop/mapreduce/lib/junit-4.11.jar:/opt/hadoop/2.6.0/share/hadoop/mapreduce/lib/log4j-1.2.17.jar:/opt/hadoop/2.6.0/share/hadoop/mapreduce/lib/asm-3.2.jar:/opt/hadoop/2.6.0/share/hadoop/mapreduce/lib/avro-1.7.4.jar:/opt/hadoop/2.6.0/share/hadoop/mapreduce/lib/leveldbjni-all-1.8.jar:/opt/hadoop/2.6.0/share/hadoop/mapreduce/lib/hamcrest-core-1.3.jar:/opt/hadoop/2.6.0/share/hadoop/mapreduce/lib/aopalliance-1.0.jar:/opt/hadoop/2.6.0/share/hadoop/mapreduce/lib/jersey-core-1.9.jar:/opt/hadoop/2.6.0/share/hadoop/mapreduce/lib/hadoop-annotations-2.6.0.jar:/opt/hadoop/2.6.0/share/hadoop/mapreduce/lib/xz-1.0.jar:/opt/hadoop/2.6.0/share/hadoop/mapreduce/lib/guice-servlet-3.0.jar:/opt/hadoop/2.6.0/share/hadoop/mapreduce/lib/snappy-java-1.0.4.1.jar:/opt/hadoop/2.6.0/share/hadoop/mapreduce/lib/jackson-core-asl-1.9.13.jar:/opt/hadoop/2.6.0/share/hadoop/mapreduce/lib/jackson-mapper-asl-1.9.13.jar:/opt/hadoop/2.6.0/share/hadoop/mapreduce/lib/commons-compress-1.4.1.jar:/opt/hadoop/2.6.0/share/hadoop/mapreduce/lib/commons-io-2.4.jar:/opt/hadoop/2.6.0/share/hadoop/mapreduce/lib/jersey-server-1.9.jar:/opt/hadoop/2.6.0/share/hadoop/mapreduce/lib/protobuf-java-2.5.0.jar:/opt/hadoop/2.6.0/share/hadoop/mapreduce/lib/netty-3.6.2.Final.jar:/opt/hadoop/2.6.0/share/hadoop/mapreduce/lib/paranamer-2.3.jar:/opt/hadoop/2.6.0/share/hadoop/mapreduce/lib/jersey-guice-1.9.jar:/opt/hadoop/2.6.0/share/hadoop/mapreduce/lib/javax.inject-1.jar:/opt/hadoop/2.6.0/share/hadoop/mapreduce/hadoop-mapreduce-client-app-2.6.0.jar:/opt/hadoop/2.6.0/share/hadoop/mapreduce/hadoop-mapreduce-examples-2.6.0.jar:/opt/hadoop/2.6.0/share/hadoop/mapreduce/hadoop-mapreduce-client-jobclient-2.6.0.jar:/opt/hadoop/2.6.0/share/hadoop/mapreduce/hadoop-mapreduce-client-shuffle-2.6.0.jar:/opt/hadoop/2.6.0/share/hadoop/mapreduce/hadoop-mapreduce-client-hs-2.6.0.jar:/opt/hadoop/2.6.0/share/hadoop/mapreduce/hadoop-mapreduce-client-core-2.6.0.jar:/opt/hadoop/2.6.0/share/hadoop/mapreduce/hadoop-mapreduce-client-jobclient-2.6.0-tests.jar:/opt/hadoop/2.6.0/share/hadoop/mapreduce/hadoop-mapreduce-client-common-2.6.0.jar:/opt/hadoop/2.6.0/share/hadoop/mapreduce/hadoop-mapreduce-client-hs-plugins-2.6.0.jar:/opt/hadoop/2.6.0/contrib/capacity-scheduler/*.jar
STARTUP_MSG:   build = https://git-wip-us.apache.org/repos/asf/hadoop.git -r e3496499ecb8d220fba99dc5ed4c99c8f9e33bb1; compiled by 'jenkins' on 2014-11-13T21:10Z
STARTUP_MSG:   java = 1.8.0_60
************************************************************/
19/11/05 19:41:15 INFO namenode.NameNode: registered UNIX signal handlers for [TERM, HUP, INT]
19/11/05 19:41:15 INFO namenode.NameNode: createNameNode [-format]
19/11/05 19:41:15 WARN util.NativeCodeLoader: Unable to load native-hadoop library for your platform... using builtin-java classes where applicable
19/11/05 19:41:15 WARN common.Util: Path /scratch/sxm2809/27910980/namenode_data should be specified as a URI in configuration files. Please update hdfs configuration.
19/11/05 19:41:15 WARN common.Util: Path /scratch/sxm2809/27910980/namenode_data should be specified as a URI in configuration files. Please update hdfs configuration.
Formatting using clusterid: CID-f81b013e-cb6a-41b7-91cd-938aacada2c6
19/11/05 19:41:15 INFO namenode.FSNamesystem: No KeyProvider found.
19/11/05 19:41:15 INFO namenode.FSNamesystem: fsLock is fair:true
19/11/05 19:41:15 INFO blockmanagement.DatanodeManager: dfs.block.invalidate.limit=1000
19/11/05 19:41:15 INFO blockmanagement.DatanodeManager: dfs.namenode.datanode.registration.ip-hostname-check=true
19/11/05 19:41:15 INFO blockmanagement.BlockManager: dfs.namenode.startup.delay.block.deletion.sec is set to 000:00:00:00.000
19/11/05 19:41:15 INFO blockmanagement.BlockManager: The block deletion will start around 2019 Nov 05 19:41:15
19/11/05 19:41:15 INFO util.GSet: Computing capacity for map BlocksMap
19/11/05 19:41:15 INFO util.GSet: VM type       = 64-bit
19/11/05 19:41:15 INFO util.GSet: 2.0% max memory 958.5 MB = 19.2 MB
19/11/05 19:41:15 INFO util.GSet: capacity      = 2^21 = 2097152 entries
19/11/05 19:41:15 INFO blockmanagement.BlockManager: dfs.block.access.token.enable=false
19/11/05 19:41:15 INFO blockmanagement.BlockManager: defaultReplication         = 3
19/11/05 19:41:15 INFO blockmanagement.BlockManager: maxReplication             = 512
19/11/05 19:41:15 INFO blockmanagement.BlockManager: minReplication             = 1
19/11/05 19:41:15 INFO blockmanagement.BlockManager: maxReplicationStreams      = 2
19/11/05 19:41:15 INFO blockmanagement.BlockManager: shouldCheckForEnoughRacks  = false
19/11/05 19:41:15 INFO blockmanagement.BlockManager: replicationRecheckInterval = 3000
19/11/05 19:41:15 INFO blockmanagement.BlockManager: encryptDataTransfer        = false
19/11/05 19:41:15 INFO blockmanagement.BlockManager: maxNumBlocksToLog          = 1000
19/11/05 19:41:15 INFO namenode.FSNamesystem: fsOwner             = sxm2809 (auth:SIMPLE)
19/11/05 19:41:15 INFO namenode.FSNamesystem: supergroup          = supergroup
19/11/05 19:41:15 INFO namenode.FSNamesystem: isPermissionEnabled = true
19/11/05 19:41:15 INFO namenode.FSNamesystem: HA Enabled: false
19/11/05 19:41:15 INFO namenode.FSNamesystem: Append Enabled: true
19/11/05 19:41:15 INFO util.GSet: Computing capacity for map INodeMap
19/11/05 19:41:15 INFO util.GSet: VM type       = 64-bit
19/11/05 19:41:15 INFO util.GSet: 1.0% max memory 958.5 MB = 9.6 MB
19/11/05 19:41:15 INFO util.GSet: capacity      = 2^20 = 1048576 entries
19/11/05 19:41:15 INFO namenode.NameNode: Caching file names occuring more than 10 times
19/11/05 19:41:15 INFO util.GSet: Computing capacity for map cachedBlocks
19/11/05 19:41:15 INFO util.GSet: VM type       = 64-bit
19/11/05 19:41:15 INFO util.GSet: 0.25% max memory 958.5 MB = 2.4 MB
19/11/05 19:41:15 INFO util.GSet: capacity      = 2^18 = 262144 entries
19/11/05 19:41:15 INFO namenode.FSNamesystem: dfs.namenode.safemode.threshold-pct = 0.9990000128746033
19/11/05 19:41:15 INFO namenode.FSNamesystem: dfs.namenode.safemode.min.datanodes = 0
19/11/05 19:41:15 INFO namenode.FSNamesystem: dfs.namenode.safemode.extension     = 30000
19/11/05 19:41:15 INFO namenode.FSNamesystem: Retry cache on namenode is enabled
19/11/05 19:41:15 INFO namenode.FSNamesystem: Retry cache will use 0.03 of total heap and retry cache entry expiry time is 600000 millis
19/11/05 19:41:15 INFO util.GSet: Computing capacity for map NameNodeRetryCache
19/11/05 19:41:15 INFO util.GSet: VM type       = 64-bit
19/11/05 19:41:15 INFO util.GSet: 0.029999999329447746% max memory 958.5 MB = 294.5 KB
19/11/05 19:41:15 INFO util.GSet: capacity      = 2^15 = 32768 entries
19/11/05 19:41:15 INFO namenode.NNConf: ACLs enabled? false
19/11/05 19:41:15 INFO namenode.NNConf: XAttrs enabled? true
19/11/05 19:41:15 INFO namenode.NNConf: Maximum size of an xattr: 16384
19/11/05 19:41:15 INFO namenode.FSImage: Allocated new BlockPoolId: BP-1011913313-198.202.116.207-1573011675715
19/11/05 19:41:15 INFO common.Storage: Storage directory /scratch/sxm2809/27910980/namenode_data has been successfully formatted.
19/11/05 19:41:15 INFO namenode.NNStorageRetentionManager: Going to retain 1 images with txid >= 0
19/11/05 19:41:15 INFO util.ExitUtil: Exiting with status 0
19/11/05 19:41:15 INFO namenode.NameNode: SHUTDOWN_MSG: 
/************************************************************
SHUTDOWN_MSG: Shutting down NameNode at comet-12-51.sdsc.edu/198.202.116.207
************************************************************/
19/11/05 19:41:16 WARN util.NativeCodeLoader: Unable to load native-hadoop library for your platform... using builtin-java classes where applicable
Starting namenodes on [comet-12-51.ibnet]
comet-12-51.ibnet: starting namenode, logging to /scratch/sxm2809/27910980/logs/hadoop-sxm2809-namenode-comet-12-51.sdsc.edu.out
comet-12-51.ibnet: starting datanode, logging to /scratch/sxm2809/27910980/logs/hadoop-sxm2809-datanode-comet-12-51.sdsc.edu.out
comet-12-61.ibnet: starting datanode, logging to /scratch/sxm2809/27910980/logs/hadoop-sxm2809-datanode-comet-12-61.sdsc.edu.out
comet-12-52.ibnet: starting datanode, logging to /scratch/sxm2809/27910980/logs/hadoop-sxm2809-datanode-comet-12-52.sdsc.edu.out
Starting secondary namenodes [comet-12-51.ibnet]
comet-12-51.ibnet: starting secondarynamenode, logging to /scratch/sxm2809/27910980/logs/hadoop-sxm2809-secondarynamenode-comet-12-51.sdsc.edu.out
19/11/05 19:41:31 WARN util.NativeCodeLoader: Unable to load native-hadoop library for your platform... using builtin-java classes where applicable
starting yarn daemons
starting resourcemanager, logging to /scratch/sxm2809/27910980/logs/yarn-sxm2809-resourcemanager-comet-12-51.out
comet-12-51.ibnet: starting nodemanager, logging to /scratch/sxm2809/27910980/logs/yarn-sxm2809-nodemanager-comet-12-51.sdsc.edu.out
comet-12-61.ibnet: starting nodemanager, logging to /scratch/sxm2809/27910980/logs/yarn-sxm2809-nodemanager-comet-12-61.sdsc.edu.out
comet-12-52.ibnet: starting nodemanager, logging to /scratch/sxm2809/27910980/logs/yarn-sxm2809-nodemanager-comet-12-52.sdsc.edu.out
chown: changing ownership of `/tmp': Operation not permitted
starting historyserver, logging to /tmp/mapred-sxm2809-historyserver-comet-12-51.out
19/11/05 19:41:35 WARN util.NativeCodeLoader: Unable to load native-hadoop library for your platform... using builtin-java classes where applicable
19/11/05 19:41:36 WARN util.NativeCodeLoader: Unable to load native-hadoop library for your platform... using builtin-java classes where applicable
19/11/05 19:41:40 INFO pig.ExecTypeProvider: Trying ExecType : LOCAL
19/11/05 19:41:40 INFO pig.ExecTypeProvider: Trying ExecType : MAPREDUCE
19/11/05 19:41:40 INFO pig.ExecTypeProvider: Picked MAPREDUCE as the ExecType
2019-11-05 19:41:40,565 [main] INFO  org.apache.pig.Main - Apache Pig version 0.16.0 (r1746530) compiled Jun 01 2016, 23:10:49
2019-11-05 19:41:40,565 [main] INFO  org.apache.pig.Main - Logging error messages to: /home/sxm2809/project6/pig_1573011700564.log
2019-11-05 19:41:40,778 [main] WARN  org.apache.hadoop.util.NativeCodeLoader - Unable to load native-hadoop library for your platform... using builtin-java classes where applicable
2019-11-05 19:41:40,866 [main] INFO  org.apache.pig.impl.util.Utils - Default bootup file /home/sxm2809/.pigbootup not found
2019-11-05 19:41:40,937 [main] INFO  org.apache.hadoop.conf.Configuration.deprecation - mapred.job.tracker is deprecated. Instead, use mapreduce.jobtracker.address
2019-11-05 19:41:40,937 [main] INFO  org.apache.hadoop.conf.Configuration.deprecation - fs.default.name is deprecated. Instead, use fs.defaultFS
2019-11-05 19:41:40,937 [main] INFO  org.apache.pig.backend.hadoop.executionengine.HExecutionEngine - Connecting to hadoop file system at: hdfs://comet-12-51.ibnet:54310
2019-11-05 19:41:41,244 [main] INFO  org.apache.pig.PigServer - Pig Script ID for the session: PIG-graph.pig-e6a5c006-131b-47ca-b0a6-90e2a721dba7
2019-11-05 19:41:41,244 [main] WARN  org.apache.pig.PigServer - ATS is disabled since yarn.timeline-service.enabled set to false
2019-11-05 19:41:41,730 [main] INFO  org.apache.hadoop.conf.Configuration.deprecation - fs.default.name is deprecated. Instead, use fs.defaultFS
2019-11-05 19:41:41,807 [main] INFO  org.apache.hadoop.conf.Configuration.deprecation - fs.default.name is deprecated. Instead, use fs.defaultFS
2019-11-05 19:41:41,827 [main] INFO  org.apache.hadoop.conf.Configuration.deprecation - mapred.textoutputformat.separator is deprecated. Instead, use mapreduce.output.textoutputformat.separator
2019-11-05 19:41:41,840 [main] INFO  org.apache.pig.tools.pigstats.ScriptState - Pig features used in the script: GROUP_BY,ORDER_BY
2019-11-05 19:41:41,858 [main] INFO  org.apache.hadoop.conf.Configuration.deprecation - fs.default.name is deprecated. Instead, use fs.defaultFS
2019-11-05 19:41:41,860 [main] INFO  org.apache.pig.data.SchemaTupleBackend - Key [pig.schematuple] was not set... will not generate code.
2019-11-05 19:41:41,878 [main] INFO  org.apache.pig.newplan.logical.optimizer.LogicalPlanOptimizer - {RULES_ENABLED=[AddForEach, ColumnMapKeyPrune, ConstantCalculator, GroupByConstParallelSetter, LimitOptimizer, LoadTypeCastInserter, MergeFilter, MergeForEach, PartitionFilterOptimizer, PredicatePushdownOptimizer, PushDownForEachFlatten, PushUpFilter, SplitFilter, StreamTypeCastInserter]}
2019-11-05 19:41:41,916 [main] INFO  org.apache.pig.impl.util.SpillableMemoryManager - Selected heap (PS Old Gen) of size 699400192 to monitor. collectionUsageThreshold = 489580128, usageThreshold = 489580128
2019-11-05 19:41:41,950 [main] INFO  org.apache.pig.backend.hadoop.executionengine.mapReduceLayer.MRCompiler - File concatenation threshold: 100 optimistic? false
2019-11-05 19:41:41,976 [main] INFO  org.apache.pig.backend.hadoop.executionengine.util.CombinerOptimizerUtil - Choosing to move algebraic foreach to combiner
2019-11-05 19:41:41,986 [main] INFO  org.apache.pig.backend.hadoop.executionengine.mapReduceLayer.SecondaryKeyOptimizerMR - Using Secondary Key Optimization for MapReduce node scope-24
2019-11-05 19:41:41,992 [main] INFO  org.apache.pig.backend.hadoop.executionengine.mapReduceLayer.MultiQueryOptimizer - MR plan size before optimization: 3
2019-11-05 19:41:41,993 [main] INFO  org.apache.pig.backend.hadoop.executionengine.mapReduceLayer.MultiQueryOptimizer - MR plan size after optimization: 3
2019-11-05 19:41:42,008 [main] INFO  org.apache.hadoop.conf.Configuration.deprecation - fs.default.name is deprecated. Instead, use fs.defaultFS
2019-11-05 19:41:42,025 [main] INFO  org.apache.hadoop.yarn.client.RMProxy - Connecting to ResourceManager at comet-12-51.ibnet/10.22.252.252:8032
2019-11-05 19:41:42,146 [main] INFO  org.apache.pig.tools.pigstats.mapreduce.MRScriptState - Pig script settings are added to the job
2019-11-05 19:41:42,150 [main] INFO  org.apache.hadoop.conf.Configuration.deprecation - mapred.job.reduce.markreset.buffer.percent is deprecated. Instead, use mapreduce.reduce.markreset.buffer.percent
2019-11-05 19:41:42,150 [main] INFO  org.apache.pig.backend.hadoop.executionengine.mapReduceLayer.JobControlCompiler - mapred.job.reduce.markreset.buffer.percent is not set, set to default 0.3
2019-11-05 19:41:42,150 [main] INFO  org.apache.hadoop.conf.Configuration.deprecation - mapred.output.compress is deprecated. Instead, use mapreduce.output.fileoutputformat.compress
2019-11-05 19:41:42,151 [main] INFO  org.apache.pig.backend.hadoop.executionengine.mapReduceLayer.JobControlCompiler - Reduce phase detected, estimating # of required reducers.
2019-11-05 19:41:42,152 [main] INFO  org.apache.pig.backend.hadoop.executionengine.mapReduceLayer.JobControlCompiler - Using reducer estimator: org.apache.pig.backend.hadoop.executionengine.mapReduceLayer.InputSizeReducerEstimator
2019-11-05 19:41:42,156 [main] INFO  org.apache.pig.backend.hadoop.executionengine.mapReduceLayer.InputSizeReducerEstimator - BytesPerReducer=1000000000 maxReducers=999 totalInputFileSize=140791854
2019-11-05 19:41:42,156 [main] INFO  org.apache.pig.backend.hadoop.executionengine.mapReduceLayer.JobControlCompiler - Setting Parallelism to 1
2019-11-05 19:41:42,156 [main] INFO  org.apache.hadoop.conf.Configuration.deprecation - mapred.reduce.tasks is deprecated. Instead, use mapreduce.job.reduces
2019-11-05 19:41:42,157 [main] INFO  org.apache.pig.backend.hadoop.executionengine.mapReduceLayer.JobControlCompiler - This job cannot be converted run in-process
2019-11-05 19:41:42,167 [main] INFO  org.apache.hadoop.conf.Configuration.deprecation - mapred.submit.replication is deprecated. Instead, use mapreduce.client.submit.file.replication
2019-11-05 19:41:42,340 [main] INFO  org.apache.pig.backend.hadoop.executionengine.mapReduceLayer.JobControlCompiler - Added jar file:/oasis/projects/nsf/uot143/fegaras/pig-0.16.0/pig-0.16.0-core-h2.jar to DistributedCache through /tmp/temp-255738738/tmp1662841751/pig-0.16.0-core-h2.jar
2019-11-05 19:41:42,363 [main] INFO  org.apache.pig.backend.hadoop.executionengine.mapReduceLayer.JobControlCompiler - Added jar file:/oasis/projects/nsf/uot143/fegaras/pig-0.16.0/lib/automaton-1.11-8.jar to DistributedCache through /tmp/temp-255738738/tmp1497911069/automaton-1.11-8.jar
2019-11-05 19:41:42,378 [main] INFO  org.apache.pig.backend.hadoop.executionengine.mapReduceLayer.JobControlCompiler - Added jar file:/oasis/projects/nsf/uot143/fegaras/pig-0.16.0/lib/antlr-runtime-3.4.jar to DistributedCache through /tmp/temp-255738738/tmp462957395/antlr-runtime-3.4.jar
2019-11-05 19:41:42,398 [main] INFO  org.apache.pig.backend.hadoop.executionengine.mapReduceLayer.JobControlCompiler - Added jar file:/oasis/projects/nsf/uot143/fegaras/pig-0.16.0/lib/joda-time-2.9.3.jar to DistributedCache through /tmp/temp-255738738/tmp-860837560/joda-time-2.9.3.jar
2019-11-05 19:41:42,405 [main] INFO  org.apache.pig.backend.hadoop.executionengine.mapReduceLayer.JobControlCompiler - Setting up single store job
2019-11-05 19:41:42,409 [main] INFO  org.apache.pig.data.SchemaTupleFrontend - Key [pig.schematuple] is false, will not generate code.
2019-11-05 19:41:42,409 [main] INFO  org.apache.pig.data.SchemaTupleFrontend - Starting process to move generated code to distributed cacche
2019-11-05 19:41:42,409 [main] INFO  org.apache.pig.data.SchemaTupleFrontend - Setting key [pig.schematuple.classes] with classes to deserialize []
2019-11-05 19:41:42,457 [main] INFO  org.apache.pig.backend.hadoop.executionengine.mapReduceLayer.MapReduceLauncher - 1 map-reduce job(s) waiting for submission.
2019-11-05 19:41:42,457 [main] INFO  org.apache.hadoop.conf.Configuration.deprecation - mapred.job.tracker.http.address is deprecated. Instead, use mapreduce.jobtracker.http.address
2019-11-05 19:41:42,460 [JobControl] INFO  org.apache.hadoop.yarn.client.RMProxy - Connecting to ResourceManager at comet-12-51.ibnet/10.22.252.252:8032
2019-11-05 19:41:42,469 [JobControl] INFO  org.apache.hadoop.conf.Configuration.deprecation - mapred.task.id is deprecated. Instead, use mapreduce.task.attempt.id
2019-11-05 19:41:42,469 [JobControl] INFO  org.apache.hadoop.conf.Configuration.deprecation - fs.default.name is deprecated. Instead, use fs.defaultFS
2019-11-05 19:41:42,611 [JobControl] WARN  org.apache.hadoop.mapreduce.JobSubmitter - No job jar file set.  User classes may not be found. See Job or Job#setJar(String).
2019-11-05 19:41:42,627 [JobControl] INFO  org.apache.pig.builtin.PigStorage - Using PigTextInputFormat
2019-11-05 19:41:42,630 [JobControl] INFO  org.apache.hadoop.mapreduce.lib.input.FileInputFormat - Total input paths to process : 1
2019-11-05 19:41:42,630 [JobControl] INFO  org.apache.pig.backend.hadoop.executionengine.util.MapRedUtil - Total input paths to process : 1
2019-11-05 19:41:42,651 [JobControl] INFO  org.apache.pig.backend.hadoop.executionengine.util.MapRedUtil - Total input paths (combined) to process : 1
2019-11-05 19:41:42,686 [JobControl] INFO  org.apache.hadoop.mapreduce.JobSubmitter - number of splits:1
2019-11-05 19:41:42,765 [JobControl] INFO  org.apache.hadoop.mapreduce.JobSubmitter - Submitting tokens for job: job_1573011692746_0001
2019-11-05 19:41:42,860 [JobControl] INFO  org.apache.hadoop.mapred.YARNRunner - Job jar is not present. Not adding any jar to the list of resources.
2019-11-05 19:41:42,992 [JobControl] INFO  org.apache.hadoop.yarn.client.api.impl.YarnClientImpl - Submitted application application_1573011692746_0001
2019-11-05 19:41:43,032 [JobControl] INFO  org.apache.hadoop.mapreduce.Job - The url to track the job: http://comet-12-51.ibnet:8088/proxy/application_1573011692746_0001/
2019-11-05 19:41:43,032 [main] INFO  org.apache.pig.backend.hadoop.executionengine.mapReduceLayer.MapReduceLauncher - HadoopJobId: job_1573011692746_0001
2019-11-05 19:41:43,032 [main] INFO  org.apache.pig.backend.hadoop.executionengine.mapReduceLayer.MapReduceLauncher - Processing aliases group_by_entity,group_entity,input_entity
2019-11-05 19:41:43,032 [main] INFO  org.apache.pig.backend.hadoop.executionengine.mapReduceLayer.MapReduceLauncher - detailed locations: M: input_entity[8,15],input_entity[-1,-1],group_by_entity[12,18],group_entity[10,15] C: group_by_entity[12,18],group_entity[10,15] R: group_by_entity[12,18]
2019-11-05 19:41:43,072 [main] INFO  org.apache.pig.backend.hadoop.executionengine.mapReduceLayer.MapReduceLauncher - 0% complete
2019-11-05 19:41:43,072 [main] INFO  org.apache.pig.backend.hadoop.executionengine.mapReduceLayer.MapReduceLauncher - Running jobs are [job_1573011692746_0001]
2019-11-05 19:42:07,630 [main] INFO  org.apache.pig.backend.hadoop.executionengine.mapReduceLayer.MapReduceLauncher - 5% complete
2019-11-05 19:42:07,630 [main] INFO  org.apache.pig.backend.hadoop.executionengine.mapReduceLayer.MapReduceLauncher - Running jobs are [job_1573011692746_0001]
2019-11-05 19:42:20,142 [main] INFO  org.apache.pig.backend.hadoop.executionengine.mapReduceLayer.MapReduceLauncher - 9% complete
2019-11-05 19:42:20,143 [main] INFO  org.apache.pig.backend.hadoop.executionengine.mapReduceLayer.MapReduceLauncher - Running jobs are [job_1573011692746_0001]
2019-11-05 19:42:32,654 [main] INFO  org.apache.pig.backend.hadoop.executionengine.mapReduceLayer.MapReduceLauncher - 16% complete
2019-11-05 19:42:32,655 [main] INFO  org.apache.pig.backend.hadoop.executionengine.mapReduceLayer.MapReduceLauncher - Running jobs are [job_1573011692746_0001]
2019-11-05 19:42:37,659 [main] INFO  org.apache.pig.backend.hadoop.executionengine.mapReduceLayer.MapReduceLauncher - 33% complete
2019-11-05 19:42:37,659 [main] INFO  org.apache.pig.backend.hadoop.executionengine.mapReduceLayer.MapReduceLauncher - Running jobs are [job_1573011692746_0001]
2019-11-05 19:42:43,167 [main] INFO  org.apache.hadoop.yarn.client.RMProxy - Connecting to ResourceManager at comet-12-51.ibnet/10.22.252.252:8032
2019-11-05 19:42:43,172 [main] INFO  org.apache.hadoop.mapred.ClientServiceDelegate - Application state is completed. FinalApplicationStatus=SUCCEEDED. Redirecting to job history server
2019-11-05 19:42:43,696 [main] INFO  org.apache.hadoop.yarn.client.RMProxy - Connecting to ResourceManager at comet-12-51.ibnet/10.22.252.252:8032
2019-11-05 19:42:43,700 [main] INFO  org.apache.hadoop.mapred.ClientServiceDelegate - Application state is completed. FinalApplicationStatus=SUCCEEDED. Redirecting to job history server
2019-11-05 19:42:43,738 [main] INFO  org.apache.hadoop.yarn.client.RMProxy - Connecting to ResourceManager at comet-12-51.ibnet/10.22.252.252:8032
2019-11-05 19:42:43,740 [main] INFO  org.apache.hadoop.mapred.ClientServiceDelegate - Application state is completed. FinalApplicationStatus=SUCCEEDED. Redirecting to job history server
2019-11-05 19:42:43,811 [main] INFO  org.apache.pig.tools.pigstats.mapreduce.MRScriptState - Pig script settings are added to the job
2019-11-05 19:42:43,812 [main] INFO  org.apache.pig.backend.hadoop.executionengine.mapReduceLayer.JobControlCompiler - mapred.job.reduce.markreset.buffer.percent is not set, set to default 0.3
2019-11-05 19:42:43,812 [main] INFO  org.apache.pig.backend.hadoop.executionengine.mapReduceLayer.JobControlCompiler - Reduce phase detected, estimating # of required reducers.
2019-11-05 19:42:43,812 [main] INFO  org.apache.pig.backend.hadoop.executionengine.mapReduceLayer.JobControlCompiler - Using reducer estimator: org.apache.pig.backend.hadoop.executionengine.mapReduceLayer.InputSizeReducerEstimator
2019-11-05 19:42:43,820 [main] INFO  org.apache.pig.backend.hadoop.executionengine.mapReduceLayer.InputSizeReducerEstimator - BytesPerReducer=1000000000 maxReducers=999 totalInputFileSize=5707573
2019-11-05 19:42:43,820 [main] INFO  org.apache.pig.backend.hadoop.executionengine.mapReduceLayer.JobControlCompiler - Setting Parallelism to 1
2019-11-05 19:42:43,820 [main] INFO  org.apache.pig.backend.hadoop.executionengine.mapReduceLayer.JobControlCompiler - This job cannot be converted run in-process
2019-11-05 19:42:43,875 [main] INFO  org.apache.pig.backend.hadoop.executionengine.mapReduceLayer.JobControlCompiler - Added jar file:/oasis/projects/nsf/uot143/fegaras/pig-0.16.0/pig-0.16.0-core-h2.jar to DistributedCache through /tmp/temp-255738738/tmp1535552719/pig-0.16.0-core-h2.jar
2019-11-05 19:42:43,889 [main] INFO  org.apache.pig.backend.hadoop.executionengine.mapReduceLayer.JobControlCompiler - Added jar file:/oasis/projects/nsf/uot143/fegaras/pig-0.16.0/lib/automaton-1.11-8.jar to DistributedCache through /tmp/temp-255738738/tmp191491928/automaton-1.11-8.jar
2019-11-05 19:42:43,903 [main] INFO  org.apache.pig.backend.hadoop.executionengine.mapReduceLayer.JobControlCompiler - Added jar file:/oasis/projects/nsf/uot143/fegaras/pig-0.16.0/lib/antlr-runtime-3.4.jar to DistributedCache through /tmp/temp-255738738/tmp438370001/antlr-runtime-3.4.jar
2019-11-05 19:42:43,920 [main] INFO  org.apache.pig.backend.hadoop.executionengine.mapReduceLayer.JobControlCompiler - Added jar file:/oasis/projects/nsf/uot143/fegaras/pig-0.16.0/lib/joda-time-2.9.3.jar to DistributedCache through /tmp/temp-255738738/tmp-1824177385/joda-time-2.9.3.jar
2019-11-05 19:42:43,921 [main] INFO  org.apache.pig.backend.hadoop.executionengine.mapReduceLayer.JobControlCompiler - Setting up single store job
2019-11-05 19:42:43,921 [main] INFO  org.apache.pig.data.SchemaTupleFrontend - Key [pig.schematuple] is false, will not generate code.
2019-11-05 19:42:43,921 [main] INFO  org.apache.pig.data.SchemaTupleFrontend - Starting process to move generated code to distributed cacche
2019-11-05 19:42:43,921 [main] INFO  org.apache.pig.data.SchemaTupleFrontend - Setting key [pig.schematuple.classes] with classes to deserialize []
2019-11-05 19:42:43,936 [main] INFO  org.apache.pig.backend.hadoop.executionengine.mapReduceLayer.MapReduceLauncher - 1 map-reduce job(s) waiting for submission.
2019-11-05 19:42:43,937 [JobControl] INFO  org.apache.hadoop.yarn.client.RMProxy - Connecting to ResourceManager at comet-12-51.ibnet/10.22.252.252:8032
2019-11-05 19:42:43,940 [JobControl] INFO  org.apache.hadoop.conf.Configuration.deprecation - fs.default.name is deprecated. Instead, use fs.defaultFS
2019-11-05 19:42:43,945 [JobControl] WARN  org.apache.hadoop.mapreduce.JobSubmitter - No job jar file set.  User classes may not be found. See Job or Job#setJar(String).
2019-11-05 19:42:43,957 [JobControl] INFO  org.apache.hadoop.mapreduce.lib.input.FileInputFormat - Total input paths to process : 1
2019-11-05 19:42:43,957 [JobControl] INFO  org.apache.pig.backend.hadoop.executionengine.util.MapRedUtil - Total input paths to process : 1
2019-11-05 19:42:43,957 [JobControl] INFO  org.apache.pig.backend.hadoop.executionengine.util.MapRedUtil - Total input paths (combined) to process : 1
2019-11-05 19:42:43,983 [JobControl] INFO  org.apache.hadoop.mapreduce.JobSubmitter - number of splits:1
2019-11-05 19:42:44,003 [JobControl] INFO  org.apache.hadoop.mapreduce.JobSubmitter - Submitting tokens for job: job_1573011692746_0002
2019-11-05 19:42:44,005 [JobControl] INFO  org.apache.hadoop.mapred.YARNRunner - Job jar is not present. Not adding any jar to the list of resources.
2019-11-05 19:42:44,015 [JobControl] INFO  org.apache.hadoop.yarn.client.api.impl.YarnClientImpl - Submitted application application_1573011692746_0002
2019-11-05 19:42:44,018 [JobControl] INFO  org.apache.hadoop.mapreduce.Job - The url to track the job: http://comet-12-51.ibnet:8088/proxy/application_1573011692746_0002/
2019-11-05 19:42:44,436 [main] INFO  org.apache.pig.backend.hadoop.executionengine.mapReduceLayer.MapReduceLauncher - HadoopJobId: job_1573011692746_0002
2019-11-05 19:42:44,436 [main] INFO  org.apache.pig.backend.hadoop.executionengine.mapReduceLayer.MapReduceLauncher - Processing aliases output_entity
2019-11-05 19:42:44,436 [main] INFO  org.apache.pig.backend.hadoop.executionengine.mapReduceLayer.MapReduceLauncher - detailed locations: M: output_entity[14,16] C:  R: 
2019-11-05 19:42:53,975 [main] INFO  org.apache.pig.backend.hadoop.executionengine.mapReduceLayer.MapReduceLauncher - 50% complete
2019-11-05 19:42:53,975 [main] INFO  org.apache.pig.backend.hadoop.executionengine.mapReduceLayer.MapReduceLauncher - Running jobs are [job_1573011692746_0002]
2019-11-05 19:42:58,982 [main] INFO  org.apache.pig.backend.hadoop.executionengine.mapReduceLayer.MapReduceLauncher - 66% complete
2019-11-05 19:42:58,982 [main] INFO  org.apache.pig.backend.hadoop.executionengine.mapReduceLayer.MapReduceLauncher - Running jobs are [job_1573011692746_0002]
2019-11-05 19:42:59,484 [main] INFO  org.apache.hadoop.yarn.client.RMProxy - Connecting to ResourceManager at comet-12-51.ibnet/10.22.252.252:8032
2019-11-05 19:42:59,488 [main] INFO  org.apache.hadoop.mapred.ClientServiceDelegate - Application state is completed. FinalApplicationStatus=SUCCEEDED. Redirecting to job history server
2019-11-05 19:42:59,535 [main] INFO  org.apache.hadoop.yarn.client.RMProxy - Connecting to ResourceManager at comet-12-51.ibnet/10.22.252.252:8032
2019-11-05 19:42:59,539 [main] INFO  org.apache.hadoop.mapred.ClientServiceDelegate - Application state is completed. FinalApplicationStatus=SUCCEEDED. Redirecting to job history server
2019-11-05 19:42:59,558 [main] INFO  org.apache.hadoop.yarn.client.RMProxy - Connecting to ResourceManager at comet-12-51.ibnet/10.22.252.252:8032
2019-11-05 19:42:59,560 [main] INFO  org.apache.hadoop.mapred.ClientServiceDelegate - Application state is completed. FinalApplicationStatus=SUCCEEDED. Redirecting to job history server
2019-11-05 19:42:59,577 [main] INFO  org.apache.pig.tools.pigstats.mapreduce.MRScriptState - Pig script settings are added to the job
2019-11-05 19:42:59,577 [main] INFO  org.apache.pig.backend.hadoop.executionengine.mapReduceLayer.JobControlCompiler - mapred.job.reduce.markreset.buffer.percent is not set, set to default 0.3
2019-11-05 19:42:59,577 [main] INFO  org.apache.pig.backend.hadoop.executionengine.mapReduceLayer.JobControlCompiler - Reduce phase detected, estimating # of required reducers.
2019-11-05 19:42:59,577 [main] INFO  org.apache.pig.backend.hadoop.executionengine.mapReduceLayer.JobControlCompiler - Setting Parallelism to 1
2019-11-05 19:42:59,577 [main] INFO  org.apache.pig.backend.hadoop.executionengine.mapReduceLayer.JobControlCompiler - This job cannot be converted run in-process
2019-11-05 19:42:59,633 [main] INFO  org.apache.pig.backend.hadoop.executionengine.mapReduceLayer.JobControlCompiler - Added jar file:/oasis/projects/nsf/uot143/fegaras/pig-0.16.0/pig-0.16.0-core-h2.jar to DistributedCache through /tmp/temp-255738738/tmp-1977146463/pig-0.16.0-core-h2.jar
2019-11-05 19:42:59,650 [main] INFO  org.apache.pig.backend.hadoop.executionengine.mapReduceLayer.JobControlCompiler - Added jar file:/oasis/projects/nsf/uot143/fegaras/pig-0.16.0/lib/automaton-1.11-8.jar to DistributedCache through /tmp/temp-255738738/tmp-172123085/automaton-1.11-8.jar
2019-11-05 19:42:59,664 [main] INFO  org.apache.pig.backend.hadoop.executionengine.mapReduceLayer.JobControlCompiler - Added jar file:/oasis/projects/nsf/uot143/fegaras/pig-0.16.0/lib/antlr-runtime-3.4.jar to DistributedCache through /tmp/temp-255738738/tmp207568892/antlr-runtime-3.4.jar
2019-11-05 19:42:59,680 [main] INFO  org.apache.pig.backend.hadoop.executionengine.mapReduceLayer.JobControlCompiler - Added jar file:/oasis/projects/nsf/uot143/fegaras/pig-0.16.0/lib/joda-time-2.9.3.jar to DistributedCache through /tmp/temp-255738738/tmp-317387628/joda-time-2.9.3.jar
2019-11-05 19:42:59,681 [main] INFO  org.apache.pig.backend.hadoop.executionengine.mapReduceLayer.JobControlCompiler - Setting up single store job
2019-11-05 19:42:59,681 [main] INFO  org.apache.pig.data.SchemaTupleFrontend - Key [pig.schematuple] is false, will not generate code.
2019-11-05 19:42:59,681 [main] INFO  org.apache.pig.data.SchemaTupleFrontend - Starting process to move generated code to distributed cacche
2019-11-05 19:42:59,681 [main] INFO  org.apache.pig.data.SchemaTupleFrontend - Setting key [pig.schematuple.classes] with classes to deserialize []
2019-11-05 19:42:59,693 [main] INFO  org.apache.pig.backend.hadoop.executionengine.mapReduceLayer.MapReduceLauncher - 1 map-reduce job(s) waiting for submission.
2019-11-05 19:42:59,694 [JobControl] INFO  org.apache.hadoop.yarn.client.RMProxy - Connecting to ResourceManager at comet-12-51.ibnet/10.22.252.252:8032
2019-11-05 19:42:59,698 [JobControl] INFO  org.apache.hadoop.conf.Configuration.deprecation - fs.default.name is deprecated. Instead, use fs.defaultFS
2019-11-05 19:42:59,704 [JobControl] WARN  org.apache.hadoop.mapreduce.JobSubmitter - No job jar file set.  User classes may not be found. See Job or Job#setJar(String).
2019-11-05 19:42:59,712 [JobControl] INFO  org.apache.hadoop.mapreduce.lib.input.FileInputFormat - Total input paths to process : 1
2019-11-05 19:42:59,712 [JobControl] INFO  org.apache.pig.backend.hadoop.executionengine.util.MapRedUtil - Total input paths to process : 1
2019-11-05 19:42:59,712 [JobControl] INFO  org.apache.pig.backend.hadoop.executionengine.util.MapRedUtil - Total input paths (combined) to process : 1
2019-11-05 19:42:59,735 [JobControl] INFO  org.apache.hadoop.mapreduce.JobSubmitter - number of splits:1
2019-11-05 19:42:59,751 [JobControl] INFO  org.apache.hadoop.mapreduce.JobSubmitter - Submitting tokens for job: job_1573011692746_0003
2019-11-05 19:42:59,753 [JobControl] INFO  org.apache.hadoop.mapred.YARNRunner - Job jar is not present. Not adding any jar to the list of resources.
2019-11-05 19:42:59,765 [JobControl] INFO  org.apache.hadoop.yarn.client.api.impl.YarnClientImpl - Submitted application application_1573011692746_0003
2019-11-05 19:42:59,767 [JobControl] INFO  org.apache.hadoop.mapreduce.Job - The url to track the job: http://comet-12-51.ibnet:8088/proxy/application_1573011692746_0003/
2019-11-05 19:43:00,193 [main] INFO  org.apache.pig.backend.hadoop.executionengine.mapReduceLayer.MapReduceLauncher - HadoopJobId: job_1573011692746_0003
2019-11-05 19:43:00,193 [main] INFO  org.apache.pig.backend.hadoop.executionengine.mapReduceLayer.MapReduceLauncher - Processing aliases output_entity
2019-11-05 19:43:00,193 [main] INFO  org.apache.pig.backend.hadoop.executionengine.mapReduceLayer.MapReduceLauncher - detailed locations: M: output_entity[14,16] C:  R: 
2019-11-05 19:43:09,235 [main] INFO  org.apache.pig.backend.hadoop.executionengine.mapReduceLayer.MapReduceLauncher - 83% complete
2019-11-05 19:43:09,236 [main] INFO  org.apache.pig.backend.hadoop.executionengine.mapReduceLayer.MapReduceLauncher - Running jobs are [job_1573011692746_0003]
2019-11-05 19:43:14,740 [main] INFO  org.apache.pig.backend.hadoop.executionengine.mapReduceLayer.MapReduceLauncher - Running jobs are [job_1573011692746_0003]
2019-11-05 19:43:15,242 [main] INFO  org.apache.hadoop.yarn.client.RMProxy - Connecting to ResourceManager at comet-12-51.ibnet/10.22.252.252:8032
2019-11-05 19:43:15,245 [main] INFO  org.apache.hadoop.mapred.ClientServiceDelegate - Application state is completed. FinalApplicationStatus=SUCCEEDED. Redirecting to job history server
2019-11-05 19:43:15,284 [main] INFO  org.apache.hadoop.yarn.client.RMProxy - Connecting to ResourceManager at comet-12-51.ibnet/10.22.252.252:8032
2019-11-05 19:43:15,286 [main] INFO  org.apache.hadoop.mapred.ClientServiceDelegate - Application state is completed. FinalApplicationStatus=SUCCEEDED. Redirecting to job history server
2019-11-05 19:43:15,304 [main] INFO  org.apache.hadoop.yarn.client.RMProxy - Connecting to ResourceManager at comet-12-51.ibnet/10.22.252.252:8032
2019-11-05 19:43:15,306 [main] INFO  org.apache.hadoop.mapred.ClientServiceDelegate - Application state is completed. FinalApplicationStatus=SUCCEEDED. Redirecting to job history server
2019-11-05 19:43:15,323 [main] INFO  org.apache.pig.backend.hadoop.executionengine.mapReduceLayer.MapReduceLauncher - 100% complete
2019-11-05 19:43:15,331 [main] INFO  org.apache.pig.tools.pigstats.mapreduce.SimplePigStats - Script Statistics: 

HadoopVersion	PigVersion	UserId	StartedAt	FinishedAt	Features
2.6.0	0.16.0	sxm2809	2019-11-05 19:41:42	2019-11-05 19:43:15	GROUP_BY,ORDER_BY

Success!

Job Stats (time in seconds):
JobId	Maps	Reduces	MaxMapTime	MinMapTime	AvgMapTime	MedianMapTime	MaxReduceTime	MinReduceTime	AvgReduceTime	MedianReducetime	Alias	Feature	Outputs
job_1573011692746_0001	1	1	42	42	42	42	3	3	3	3	group_by_entity,group_entity,input_entity	GROUP_BY,COMBINER	
job_1573011692746_0002	1	1	2	2	2	2	2	2	2	2	output_entity	SAMPLER	
job_1573011692746_0003	1	1	2	2	2	2	3	3	3	3	output_entity	ORDER_BY	/user/sxm2809/output,

Input(s):
Successfully read 10000000 records (140792240 bytes) from: "/user/sxm2809/large-graph.txt"

Output(s):
Successfully stored 519705 records (5058099 bytes) in: "/user/sxm2809/output"

Counters:
Total records written : 519705
Total bytes written : 5058099
Spillable Memory Manager spill count : 0
Total bags proactively spilled: 0
Total records proactively spilled: 0

Job DAG:
job_1573011692746_0001	->	job_1573011692746_0002,
job_1573011692746_0002	->	job_1573011692746_0003,
job_1573011692746_0003


2019-11-05 19:43:15,332 [main] INFO  org.apache.hadoop.yarn.client.RMProxy - Connecting to ResourceManager at comet-12-51.ibnet/10.22.252.252:8032
2019-11-05 19:43:15,334 [main] INFO  org.apache.hadoop.mapred.ClientServiceDelegate - Application state is completed. FinalApplicationStatus=SUCCEEDED. Redirecting to job history server
2019-11-05 19:43:15,350 [main] INFO  org.apache.hadoop.yarn.client.RMProxy - Connecting to ResourceManager at comet-12-51.ibnet/10.22.252.252:8032
2019-11-05 19:43:15,353 [main] INFO  org.apache.hadoop.mapred.ClientServiceDelegate - Application state is completed. FinalApplicationStatus=SUCCEEDED. Redirecting to job history server
2019-11-05 19:43:15,368 [main] INFO  org.apache.hadoop.yarn.client.RMProxy - Connecting to ResourceManager at comet-12-51.ibnet/10.22.252.252:8032
2019-11-05 19:43:15,371 [main] INFO  org.apache.hadoop.mapred.ClientServiceDelegate - Application state is completed. FinalApplicationStatus=SUCCEEDED. Redirecting to job history server
2019-11-05 19:43:15,388 [main] INFO  org.apache.hadoop.yarn.client.RMProxy - Connecting to ResourceManager at comet-12-51.ibnet/10.22.252.252:8032
2019-11-05 19:43:15,390 [main] INFO  org.apache.hadoop.mapred.ClientServiceDelegate - Application state is completed. FinalApplicationStatus=SUCCEEDED. Redirecting to job history server
2019-11-05 19:43:15,405 [main] INFO  org.apache.hadoop.yarn.client.RMProxy - Connecting to ResourceManager at comet-12-51.ibnet/10.22.252.252:8032
2019-11-05 19:43:15,406 [main] INFO  org.apache.hadoop.mapred.ClientServiceDelegate - Application state is completed. FinalApplicationStatus=SUCCEEDED. Redirecting to job history server
2019-11-05 19:43:15,421 [main] INFO  org.apache.hadoop.yarn.client.RMProxy - Connecting to ResourceManager at comet-12-51.ibnet/10.22.252.252:8032
2019-11-05 19:43:15,422 [main] INFO  org.apache.hadoop.mapred.ClientServiceDelegate - Application state is completed. FinalApplicationStatus=SUCCEEDED. Redirecting to job history server
2019-11-05 19:43:15,438 [main] INFO  org.apache.hadoop.yarn.client.RMProxy - Connecting to ResourceManager at comet-12-51.ibnet/10.22.252.252:8032
2019-11-05 19:43:15,440 [main] INFO  org.apache.hadoop.mapred.ClientServiceDelegate - Application state is completed. FinalApplicationStatus=SUCCEEDED. Redirecting to job history server
2019-11-05 19:43:15,455 [main] INFO  org.apache.hadoop.yarn.client.RMProxy - Connecting to ResourceManager at comet-12-51.ibnet/10.22.252.252:8032
2019-11-05 19:43:15,457 [main] INFO  org.apache.hadoop.mapred.ClientServiceDelegate - Application state is completed. FinalApplicationStatus=SUCCEEDED. Redirecting to job history server
2019-11-05 19:43:15,472 [main] INFO  org.apache.hadoop.yarn.client.RMProxy - Connecting to ResourceManager at comet-12-51.ibnet/10.22.252.252:8032
2019-11-05 19:43:15,473 [main] INFO  org.apache.hadoop.mapred.ClientServiceDelegate - Application state is completed. FinalApplicationStatus=SUCCEEDED. Redirecting to job history server
2019-11-05 19:43:15,488 [main] INFO  org.apache.pig.backend.hadoop.executionengine.mapReduceLayer.MapReduceLauncher - Success!
2019-11-05 19:43:15,504 [main] INFO  org.apache.pig.Main - Pig script completed in 1 minute, 35 seconds and 70 milliseconds (95070 ms)
19/11/05 19:43:16 WARN util.NativeCodeLoader: Unable to load native-hadoop library for your platform... using builtin-java classes where applicable
chown: changing ownership of `/tmp': Operation not permitted
stopping historyserver
stopping yarn daemons
stopping resourcemanager
comet-12-61.ibnet: stopping nodemanager
comet-12-61.ibnet: nodemanager did not stop gracefully after 5 seconds: killing with kill -9
comet-12-51.ibnet: stopping nodemanager
comet-12-51.ibnet: nodemanager did not stop gracefully after 5 seconds: killing with kill -9
comet-12-52.ibnet: stopping nodemanager
comet-12-52.ibnet: nodemanager did not stop gracefully after 5 seconds: killing with kill -9
no proxyserver to stop
19/11/05 19:43:32 WARN util.NativeCodeLoader: Unable to load native-hadoop library for your platform... using builtin-java classes where applicable
Stopping namenodes on [comet-12-51.ibnet]
comet-12-51.ibnet: stopping namenode
comet-12-51.ibnet: stopping datanode
comet-12-61.ibnet: stopping datanode
comet-12-52.ibnet: stopping datanode
Stopping secondary namenodes [comet-12-51.ibnet]
comet-12-51.ibnet: stopping secondarynamenode
19/11/05 19:43:50 WARN util.NativeCodeLoader: Unable to load native-hadoop library for your platform... using builtin-java classes where applicable
Copying Hadoop logs back to /home/sxm2809/cometcluster/logs...
`/scratch/sxm2809/27910980/logs' -> `/home/sxm2809/cometcluster/logs'
`/scratch/sxm2809/27910980/logs/hadoop-sxm2809-namenode-comet-12-51.sdsc.edu.out' -> `/home/sxm2809/cometcluster/logs/hadoop-sxm2809-namenode-comet-12-51.sdsc.edu.out'
`/scratch/sxm2809/27910980/logs/hadoop-sxm2809-secondarynamenode-comet-12-51.sdsc.edu.log' -> `/home/sxm2809/cometcluster/logs/hadoop-sxm2809-secondarynamenode-comet-12-51.sdsc.edu.log'
`/scratch/sxm2809/27910980/logs/yarn-sxm2809-nodemanager-comet-12-51.sdsc.edu.log' -> `/home/sxm2809/cometcluster/logs/yarn-sxm2809-nodemanager-comet-12-51.sdsc.edu.log'
`/scratch/sxm2809/27910980/logs/yarn-sxm2809-resourcemanager-comet-12-51.out' -> `/home/sxm2809/cometcluster/logs/yarn-sxm2809-resourcemanager-comet-12-51.out'
`/scratch/sxm2809/27910980/logs/SecurityAuth-sxm2809.audit' -> `/home/sxm2809/cometcluster/logs/SecurityAuth-sxm2809.audit'
`/scratch/sxm2809/27910980/logs/userlogs' -> `/home/sxm2809/cometcluster/logs/userlogs'
`/scratch/sxm2809/27910980/logs/userlogs/application_1573011692746_0003' -> `/home/sxm2809/cometcluster/logs/userlogs/application_1573011692746_0003'
`/scratch/sxm2809/27910980/logs/userlogs/application_1573011692746_0003/container_1573011692746_0003_01_000003' -> `/home/sxm2809/cometcluster/logs/userlogs/application_1573011692746_0003/container_1573011692746_0003_01_000003'
`/scratch/sxm2809/27910980/logs/userlogs/application_1573011692746_0003/container_1573011692746_0003_01_000003/stderr' -> `/home/sxm2809/cometcluster/logs/userlogs/application_1573011692746_0003/container_1573011692746_0003_01_000003/stderr'
`/scratch/sxm2809/27910980/logs/userlogs/application_1573011692746_0003/container_1573011692746_0003_01_000003/syslog' -> `/home/sxm2809/cometcluster/logs/userlogs/application_1573011692746_0003/container_1573011692746_0003_01_000003/syslog'
`/scratch/sxm2809/27910980/logs/userlogs/application_1573011692746_0003/container_1573011692746_0003_01_000003/stdout' -> `/home/sxm2809/cometcluster/logs/userlogs/application_1573011692746_0003/container_1573011692746_0003_01_000003/stdout'
`/scratch/sxm2809/27910980/logs/userlogs/application_1573011692746_0001' -> `/home/sxm2809/cometcluster/logs/userlogs/application_1573011692746_0001'
`/scratch/sxm2809/27910980/logs/userlogs/application_1573011692746_0001/container_1573011692746_0001_01_000002' -> `/home/sxm2809/cometcluster/logs/userlogs/application_1573011692746_0001/container_1573011692746_0001_01_000002'
`/scratch/sxm2809/27910980/logs/userlogs/application_1573011692746_0001/container_1573011692746_0001_01_000002/stdout' -> `/home/sxm2809/cometcluster/logs/userlogs/application_1573011692746_0001/container_1573011692746_0001_01_000002/stdout'
`/scratch/sxm2809/27910980/logs/userlogs/application_1573011692746_0001/container_1573011692746_0001_01_000002/syslog' -> `/home/sxm2809/cometcluster/logs/userlogs/application_1573011692746_0001/container_1573011692746_0001_01_000002/syslog'
`/scratch/sxm2809/27910980/logs/userlogs/application_1573011692746_0001/container_1573011692746_0001_01_000002/stderr' -> `/home/sxm2809/cometcluster/logs/userlogs/application_1573011692746_0001/container_1573011692746_0001_01_000002/stderr'
`/scratch/sxm2809/27910980/logs/userlogs/application_1573011692746_0001/container_1573011692746_0001_01_000003' -> `/home/sxm2809/cometcluster/logs/userlogs/application_1573011692746_0001/container_1573011692746_0001_01_000003'
`/scratch/sxm2809/27910980/logs/userlogs/application_1573011692746_0001/container_1573011692746_0001_01_000003/syslog' -> `/home/sxm2809/cometcluster/logs/userlogs/application_1573011692746_0001/container_1573011692746_0001_01_000003/syslog'
`/scratch/sxm2809/27910980/logs/userlogs/application_1573011692746_0001/container_1573011692746_0001_01_000003/stdout' -> `/home/sxm2809/cometcluster/logs/userlogs/application_1573011692746_0001/container_1573011692746_0001_01_000003/stdout'
`/scratch/sxm2809/27910980/logs/userlogs/application_1573011692746_0001/container_1573011692746_0001_01_000003/stderr' -> `/home/sxm2809/cometcluster/logs/userlogs/application_1573011692746_0001/container_1573011692746_0001_01_000003/stderr'
`/scratch/sxm2809/27910980/logs/hadoop-sxm2809-datanode-comet-12-51.sdsc.edu.out' -> `/home/sxm2809/cometcluster/logs/hadoop-sxm2809-datanode-comet-12-51.sdsc.edu.out'
`/scratch/sxm2809/27910980/logs/hadoop-sxm2809-datanode-comet-12-51.sdsc.edu.log' -> `/home/sxm2809/cometcluster/logs/hadoop-sxm2809-datanode-comet-12-51.sdsc.edu.log'
`/scratch/sxm2809/27910980/logs/yarn-sxm2809-resourcemanager-comet-12-51.log' -> `/home/sxm2809/cometcluster/logs/yarn-sxm2809-resourcemanager-comet-12-51.log'
`/scratch/sxm2809/27910980/logs/hadoop-sxm2809-namenode-comet-12-51.sdsc.edu.log' -> `/home/sxm2809/cometcluster/logs/hadoop-sxm2809-namenode-comet-12-51.sdsc.edu.log'
`/scratch/sxm2809/27910980/logs/hadoop-sxm2809-secondarynamenode-comet-12-51.sdsc.edu.out' -> `/home/sxm2809/cometcluster/logs/hadoop-sxm2809-secondarynamenode-comet-12-51.sdsc.edu.out'
`/scratch/sxm2809/27910980/logs/yarn-sxm2809-nodemanager-comet-12-51.sdsc.edu.out' -> `/home/sxm2809/cometcluster/logs/yarn-sxm2809-nodemanager-comet-12-51.sdsc.edu.out'
removed directory: `/scratch/sxm2809/27910980/mapred_scratch/usercache/sxm2809/appcache'
removed `/scratch/sxm2809/27910980/mapred_scratch/usercache/sxm2809/filecache/14/.tmp_pig-0.16.0-core-h2.jar.crc'
removed `/scratch/sxm2809/27910980/mapred_scratch/usercache/sxm2809/filecache/14/pig-0.16.0-core-h2.jar'
removed directory: `/scratch/sxm2809/27910980/mapred_scratch/usercache/sxm2809/filecache/14'
removed `/scratch/sxm2809/27910980/mapred_scratch/usercache/sxm2809/filecache/13/.tmp_antlr-runtime-3.4.jar.crc'
removed `/scratch/sxm2809/27910980/mapred_scratch/usercache/sxm2809/filecache/13/antlr-runtime-3.4.jar'
removed directory: `/scratch/sxm2809/27910980/mapred_scratch/usercache/sxm2809/filecache/13'
removed `/scratch/sxm2809/27910980/mapred_scratch/usercache/sxm2809/filecache/17/tmp-2146985178/_SUCCESS'
removed `/scratch/sxm2809/27910980/mapred_scratch/usercache/sxm2809/filecache/17/tmp-2146985178/._SUCCESS.crc'
removed `/scratch/sxm2809/27910980/mapred_scratch/usercache/sxm2809/filecache/17/tmp-2146985178/part-r-00000'
removed `/scratch/sxm2809/27910980/mapred_scratch/usercache/sxm2809/filecache/17/tmp-2146985178/.part-r-00000.crc'
removed directory: `/scratch/sxm2809/27910980/mapred_scratch/usercache/sxm2809/filecache/17/tmp-2146985178'
removed directory: `/scratch/sxm2809/27910980/mapred_scratch/usercache/sxm2809/filecache/17'
removed `/scratch/sxm2809/27910980/mapred_scratch/usercache/sxm2809/filecache/10/.tmp_pig-0.16.0-core-h2.jar.crc'
removed `/scratch/sxm2809/27910980/mapred_scratch/usercache/sxm2809/filecache/10/pig-0.16.0-core-h2.jar'
removed directory: `/scratch/sxm2809/27910980/mapred_scratch/usercache/sxm2809/filecache/10'
removed `/scratch/sxm2809/27910980/mapred_scratch/usercache/sxm2809/filecache/12/joda-time-2.9.3.jar'
removed `/scratch/sxm2809/27910980/mapred_scratch/usercache/sxm2809/filecache/12/.tmp_joda-time-2.9.3.jar.crc'
removed directory: `/scratch/sxm2809/27910980/mapred_scratch/usercache/sxm2809/filecache/12'
removed `/scratch/sxm2809/27910980/mapred_scratch/usercache/sxm2809/filecache/18/.tmp_antlr-runtime-3.4.jar.crc'
removed `/scratch/sxm2809/27910980/mapred_scratch/usercache/sxm2809/filecache/18/antlr-runtime-3.4.jar'
removed directory: `/scratch/sxm2809/27910980/mapred_scratch/usercache/sxm2809/filecache/18'
removed `/scratch/sxm2809/27910980/mapred_scratch/usercache/sxm2809/filecache/15/automaton-1.11-8.jar'
removed `/scratch/sxm2809/27910980/mapred_scratch/usercache/sxm2809/filecache/15/.tmp_automaton-1.11-8.jar.crc'
removed directory: `/scratch/sxm2809/27910980/mapred_scratch/usercache/sxm2809/filecache/15'
removed `/scratch/sxm2809/27910980/mapred_scratch/usercache/sxm2809/filecache/11/automaton-1.11-8.jar'
removed `/scratch/sxm2809/27910980/mapred_scratch/usercache/sxm2809/filecache/11/.tmp_automaton-1.11-8.jar.crc'
removed directory: `/scratch/sxm2809/27910980/mapred_scratch/usercache/sxm2809/filecache/11'
removed `/scratch/sxm2809/27910980/mapred_scratch/usercache/sxm2809/filecache/16/joda-time-2.9.3.jar'
removed `/scratch/sxm2809/27910980/mapred_scratch/usercache/sxm2809/filecache/16/.tmp_joda-time-2.9.3.jar.crc'
removed directory: `/scratch/sxm2809/27910980/mapred_scratch/usercache/sxm2809/filecache/16'
removed directory: `/scratch/sxm2809/27910980/mapred_scratch/usercache/sxm2809/filecache'
removed directory: `/scratch/sxm2809/27910980/mapred_scratch/usercache/sxm2809'
removed directory: `/scratch/sxm2809/27910980/mapred_scratch/usercache'
removed directory: `/scratch/sxm2809/27910980/mapred_scratch/nmPrivate'
removed directory: `/scratch/sxm2809/27910980/mapred_scratch/filecache'
removed directory: `/scratch/sxm2809/27910980/mapred_scratch'
removed `/scratch/sxm2809/27910980/tmp/dfs/namesecondary/current/fsimage_0000000000000000084'
removed `/scratch/sxm2809/27910980/tmp/dfs/namesecondary/current/VERSION'
removed `/scratch/sxm2809/27910980/tmp/dfs/namesecondary/current/fsimage_0000000000000000000'
removed `/scratch/sxm2809/27910980/tmp/dfs/namesecondary/current/fsimage_0000000000000000000.md5'
removed `/scratch/sxm2809/27910980/tmp/dfs/namesecondary/current/edits_0000000000000000001-0000000000000000084'
removed `/scratch/sxm2809/27910980/tmp/dfs/namesecondary/current/fsimage_0000000000000000084.md5'
removed directory: `/scratch/sxm2809/27910980/tmp/dfs/namesecondary/current'
removed directory: `/scratch/sxm2809/27910980/tmp/dfs/namesecondary'
removed directory: `/scratch/sxm2809/27910980/tmp/dfs'
removed directory: `/scratch/sxm2809/27910980/tmp'
removed `/scratch/sxm2809/27910980/namenode_data/current/VERSION'
removed `/scratch/sxm2809/27910980/namenode_data/current/edits_inprogress_0000000000000000085'
removed `/scratch/sxm2809/27910980/namenode_data/current/seen_txid'
removed `/scratch/sxm2809/27910980/namenode_data/current/fsimage_0000000000000000000.md5'
removed `/scratch/sxm2809/27910980/namenode_data/current/edits_0000000000000000001-0000000000000000084'
removed `/scratch/sxm2809/27910980/namenode_data/current/fsimage_0000000000000000000'
removed `/scratch/sxm2809/27910980/namenode_data/current/fsimage_0000000000000000084.md5'
removed `/scratch/sxm2809/27910980/namenode_data/current/fsimage_0000000000000000084'
removed directory: `/scratch/sxm2809/27910980/namenode_data/current'
removed directory: `/scratch/sxm2809/27910980/namenode_data'
removed `/scratch/sxm2809/27910980/hdfs_data/current/BP-1011913313-198.202.116.207-1573011675715/dncp_block_verification.log.curr'
removed directory: `/scratch/sxm2809/27910980/hdfs_data/current/BP-1011913313-198.202.116.207-1573011675715/tmp'
removed `/scratch/sxm2809/27910980/hdfs_data/current/BP-1011913313-198.202.116.207-1573011675715/current/dfsUsed'
removed `/scratch/sxm2809/27910980/hdfs_data/current/BP-1011913313-198.202.116.207-1573011675715/current/VERSION'
removed directory: `/scratch/sxm2809/27910980/hdfs_data/current/BP-1011913313-198.202.116.207-1573011675715/current/rbw'
removed `/scratch/sxm2809/27910980/hdfs_data/current/BP-1011913313-198.202.116.207-1573011675715/current/finalized/subdir0/subdir0/blk_1073741864_1040.meta'
removed `/scratch/sxm2809/27910980/hdfs_data/current/BP-1011913313-198.202.116.207-1573011675715/current/finalized/subdir0/subdir0/blk_1073741852'
removed `/scratch/sxm2809/27910980/hdfs_data/current/BP-1011913313-198.202.116.207-1573011675715/current/finalized/subdir0/subdir0/blk_1073741825'
removed `/scratch/sxm2809/27910980/hdfs_data/current/BP-1011913313-198.202.116.207-1573011675715/current/finalized/subdir0/subdir0/blk_1073741864'
removed `/scratch/sxm2809/27910980/hdfs_data/current/BP-1011913313-198.202.116.207-1573011675715/current/finalized/subdir0/subdir0/blk_1073741838'
removed `/scratch/sxm2809/27910980/hdfs_data/current/BP-1011913313-198.202.116.207-1573011675715/current/finalized/subdir0/subdir0/blk_1073741852_1028.meta'
removed `/scratch/sxm2809/27910980/hdfs_data/current/BP-1011913313-198.202.116.207-1573011675715/current/finalized/subdir0/subdir0/blk_1073741825_1001.meta'
removed `/scratch/sxm2809/27910980/hdfs_data/current/BP-1011913313-198.202.116.207-1573011675715/current/finalized/subdir0/subdir0/blk_1073741865_1041.meta'
removed `/scratch/sxm2809/27910980/hdfs_data/current/BP-1011913313-198.202.116.207-1573011675715/current/finalized/subdir0/subdir0/blk_1073741826'
removed `/scratch/sxm2809/27910980/hdfs_data/current/BP-1011913313-198.202.116.207-1573011675715/current/finalized/subdir0/subdir0/blk_1073741851'
removed `/scratch/sxm2809/27910980/hdfs_data/current/BP-1011913313-198.202.116.207-1573011675715/current/finalized/subdir0/subdir0/blk_1073741838_1014.meta'
removed `/scratch/sxm2809/27910980/hdfs_data/current/BP-1011913313-198.202.116.207-1573011675715/current/finalized/subdir0/subdir0/blk_1073741862'
removed `/scratch/sxm2809/27910980/hdfs_data/current/BP-1011913313-198.202.116.207-1573011675715/current/finalized/subdir0/subdir0/blk_1073741839_1015.meta'
removed `/scratch/sxm2809/27910980/hdfs_data/current/BP-1011913313-198.202.116.207-1573011675715/current/finalized/subdir0/subdir0/blk_1073741826_1002.meta'
removed `/scratch/sxm2809/27910980/hdfs_data/current/BP-1011913313-198.202.116.207-1573011675715/current/finalized/subdir0/subdir0/blk_1073741839'
removed `/scratch/sxm2809/27910980/hdfs_data/current/BP-1011913313-198.202.116.207-1573011675715/current/finalized/subdir0/subdir0/blk_1073741862_1038.meta'
removed `/scratch/sxm2809/27910980/hdfs_data/current/BP-1011913313-198.202.116.207-1573011675715/current/finalized/subdir0/subdir0/blk_1073741851_1027.meta'
removed `/scratch/sxm2809/27910980/hdfs_data/current/BP-1011913313-198.202.116.207-1573011675715/current/finalized/subdir0/subdir0/blk_1073741865'
removed directory: `/scratch/sxm2809/27910980/hdfs_data/current/BP-1011913313-198.202.116.207-1573011675715/current/finalized/subdir0/subdir0'
removed directory: `/scratch/sxm2809/27910980/hdfs_data/current/BP-1011913313-198.202.116.207-1573011675715/current/finalized/subdir0'
removed directory: `/scratch/sxm2809/27910980/hdfs_data/current/BP-1011913313-198.202.116.207-1573011675715/current/finalized'
removed directory: `/scratch/sxm2809/27910980/hdfs_data/current/BP-1011913313-198.202.116.207-1573011675715/current'
removed `/scratch/sxm2809/27910980/hdfs_data/current/BP-1011913313-198.202.116.207-1573011675715/dncp_block_verification.log.prev'
removed directory: `/scratch/sxm2809/27910980/hdfs_data/current/BP-1011913313-198.202.116.207-1573011675715'
removed `/scratch/sxm2809/27910980/hdfs_data/current/VERSION'
removed directory: `/scratch/sxm2809/27910980/hdfs_data/current'
removed directory: `/scratch/sxm2809/27910980/hdfs_data'
removed directory: `/scratch/sxm2809/27910980/pids'
removed `/scratch/sxm2809/27910980/logs/hadoop-sxm2809-namenode-comet-12-51.sdsc.edu.out'
removed `/scratch/sxm2809/27910980/logs/hadoop-sxm2809-secondarynamenode-comet-12-51.sdsc.edu.log'
removed `/scratch/sxm2809/27910980/logs/yarn-sxm2809-nodemanager-comet-12-51.sdsc.edu.log'
removed `/scratch/sxm2809/27910980/logs/yarn-sxm2809-resourcemanager-comet-12-51.out'
removed `/scratch/sxm2809/27910980/logs/SecurityAuth-sxm2809.audit'
removed `/scratch/sxm2809/27910980/logs/userlogs/application_1573011692746_0003/container_1573011692746_0003_01_000003/stderr'
removed `/scratch/sxm2809/27910980/logs/userlogs/application_1573011692746_0003/container_1573011692746_0003_01_000003/syslog'
removed `/scratch/sxm2809/27910980/logs/userlogs/application_1573011692746_0003/container_1573011692746_0003_01_000003/stdout'
removed directory: `/scratch/sxm2809/27910980/logs/userlogs/application_1573011692746_0003/container_1573011692746_0003_01_000003'
removed directory: `/scratch/sxm2809/27910980/logs/userlogs/application_1573011692746_0003'
removed `/scratch/sxm2809/27910980/logs/userlogs/application_1573011692746_0001/container_1573011692746_0001_01_000002/stdout'
removed `/scratch/sxm2809/27910980/logs/userlogs/application_1573011692746_0001/container_1573011692746_0001_01_000002/syslog'
removed `/scratch/sxm2809/27910980/logs/userlogs/application_1573011692746_0001/container_1573011692746_0001_01_000002/stderr'
removed directory: `/scratch/sxm2809/27910980/logs/userlogs/application_1573011692746_0001/container_1573011692746_0001_01_000002'
removed `/scratch/sxm2809/27910980/logs/userlogs/application_1573011692746_0001/container_1573011692746_0001_01_000003/syslog'
removed `/scratch/sxm2809/27910980/logs/userlogs/application_1573011692746_0001/container_1573011692746_0001_01_000003/stdout'
removed `/scratch/sxm2809/27910980/logs/userlogs/application_1573011692746_0001/container_1573011692746_0001_01_000003/stderr'
removed directory: `/scratch/sxm2809/27910980/logs/userlogs/application_1573011692746_0001/container_1573011692746_0001_01_000003'
removed directory: `/scratch/sxm2809/27910980/logs/userlogs/application_1573011692746_0001'
removed directory: `/scratch/sxm2809/27910980/logs/userlogs'
removed `/scratch/sxm2809/27910980/logs/hadoop-sxm2809-datanode-comet-12-51.sdsc.edu.out'
removed `/scratch/sxm2809/27910980/logs/hadoop-sxm2809-datanode-comet-12-51.sdsc.edu.log'
removed `/scratch/sxm2809/27910980/logs/yarn-sxm2809-resourcemanager-comet-12-51.log'
removed `/scratch/sxm2809/27910980/logs/hadoop-sxm2809-namenode-comet-12-51.sdsc.edu.log'
removed `/scratch/sxm2809/27910980/logs/hadoop-sxm2809-secondarynamenode-comet-12-51.sdsc.edu.out'
removed `/scratch/sxm2809/27910980/logs/yarn-sxm2809-nodemanager-comet-12-51.sdsc.edu.out'
removed directory: `/scratch/sxm2809/27910980/logs'
removed directory: `/scratch/sxm2809/27910980/mapred_scratch/nmPrivate'
removed directory: `/scratch/sxm2809/27910980/mapred_scratch/usercache/sxm2809/appcache'
removed `/scratch/sxm2809/27910980/mapred_scratch/usercache/sxm2809/filecache/12/joda-time-2.9.3.jar'
removed `/scratch/sxm2809/27910980/mapred_scratch/usercache/sxm2809/filecache/12/.tmp_joda-time-2.9.3.jar.crc'
removed directory: `/scratch/sxm2809/27910980/mapred_scratch/usercache/sxm2809/filecache/12'
removed `/scratch/sxm2809/27910980/mapred_scratch/usercache/sxm2809/filecache/11/.tmp_automaton-1.11-8.jar.crc'
removed `/scratch/sxm2809/27910980/mapred_scratch/usercache/sxm2809/filecache/11/automaton-1.11-8.jar'
removed directory: `/scratch/sxm2809/27910980/mapred_scratch/usercache/sxm2809/filecache/11'
removed `/scratch/sxm2809/27910980/mapred_scratch/usercache/sxm2809/filecache/13/antlr-runtime-3.4.jar'
removed `/scratch/sxm2809/27910980/mapred_scratch/usercache/sxm2809/filecache/13/.tmp_antlr-runtime-3.4.jar.crc'
removed directory: `/scratch/sxm2809/27910980/mapred_scratch/usercache/sxm2809/filecache/13'
removed `/scratch/sxm2809/27910980/mapred_scratch/usercache/sxm2809/filecache/10/.tmp_pig-0.16.0-core-h2.jar.crc'
removed `/scratch/sxm2809/27910980/mapred_scratch/usercache/sxm2809/filecache/10/pig-0.16.0-core-h2.jar'
removed directory: `/scratch/sxm2809/27910980/mapred_scratch/usercache/sxm2809/filecache/10'
removed directory: `/scratch/sxm2809/27910980/mapred_scratch/usercache/sxm2809/filecache'
removed directory: `/scratch/sxm2809/27910980/mapred_scratch/usercache/sxm2809'
removed directory: `/scratch/sxm2809/27910980/mapred_scratch/usercache'
removed directory: `/scratch/sxm2809/27910980/mapred_scratch/filecache'
removed directory: `/scratch/sxm2809/27910980/mapred_scratch'
removed `/scratch/sxm2809/27910980/hdfs_data/current/VERSION'
removed `/scratch/sxm2809/27910980/hdfs_data/current/BP-1011913313-198.202.116.207-1573011675715/dncp_block_verification.log.prev'
removed directory: `/scratch/sxm2809/27910980/hdfs_data/current/BP-1011913313-198.202.116.207-1573011675715/tmp'
removed `/scratch/sxm2809/27910980/hdfs_data/current/BP-1011913313-198.202.116.207-1573011675715/dncp_block_verification.log.curr'
removed `/scratch/sxm2809/27910980/hdfs_data/current/BP-1011913313-198.202.116.207-1573011675715/current/dfsUsed'
removed directory: `/scratch/sxm2809/27910980/hdfs_data/current/BP-1011913313-198.202.116.207-1573011675715/current/rbw'
removed `/scratch/sxm2809/27910980/hdfs_data/current/BP-1011913313-198.202.116.207-1573011675715/current/VERSION'
removed `/scratch/sxm2809/27910980/hdfs_data/current/BP-1011913313-198.202.116.207-1573011675715/current/finalized/subdir0/subdir0/blk_1073741838_1014.meta'
removed `/scratch/sxm2809/27910980/hdfs_data/current/BP-1011913313-198.202.116.207-1573011675715/current/finalized/subdir0/subdir0/blk_1073741826'
removed `/scratch/sxm2809/27910980/hdfs_data/current/BP-1011913313-198.202.116.207-1573011675715/current/finalized/subdir0/subdir0/blk_1073741851'
removed `/scratch/sxm2809/27910980/hdfs_data/current/BP-1011913313-198.202.116.207-1573011675715/current/finalized/subdir0/subdir0/blk_1073741864'
removed `/scratch/sxm2809/27910980/hdfs_data/current/BP-1011913313-198.202.116.207-1573011675715/current/finalized/subdir0/subdir0/blk_1073741838'
removed `/scratch/sxm2809/27910980/hdfs_data/current/BP-1011913313-198.202.116.207-1573011675715/current/finalized/subdir0/subdir0/blk_1073741851_1027.meta'
removed `/scratch/sxm2809/27910980/hdfs_data/current/BP-1011913313-198.202.116.207-1573011675715/current/finalized/subdir0/subdir0/blk_1073741862_1038.meta'
removed `/scratch/sxm2809/27910980/hdfs_data/current/BP-1011913313-198.202.116.207-1573011675715/current/finalized/subdir0/subdir0/blk_1073741852'
removed `/scratch/sxm2809/27910980/hdfs_data/current/BP-1011913313-198.202.116.207-1573011675715/current/finalized/subdir0/subdir0/blk_1073741825'
removed `/scratch/sxm2809/27910980/hdfs_data/current/BP-1011913313-198.202.116.207-1573011675715/current/finalized/subdir0/subdir0/blk_1073741826_1002.meta'
removed `/scratch/sxm2809/27910980/hdfs_data/current/BP-1011913313-198.202.116.207-1573011675715/current/finalized/subdir0/subdir0/blk_1073741839_1015.meta'
removed `/scratch/sxm2809/27910980/hdfs_data/current/BP-1011913313-198.202.116.207-1573011675715/current/finalized/subdir0/subdir0/blk_1073741839'
removed `/scratch/sxm2809/27910980/hdfs_data/current/BP-1011913313-198.202.116.207-1573011675715/current/finalized/subdir0/subdir0/blk_1073741865'
removed `/scratch/sxm2809/27910980/hdfs_data/current/BP-1011913313-198.202.116.207-1573011675715/current/finalized/subdir0/subdir0/blk_1073741862'
removed `/scratch/sxm2809/27910980/hdfs_data/current/BP-1011913313-198.202.116.207-1573011675715/current/finalized/subdir0/subdir0/blk_1073741864_1040.meta'
removed `/scratch/sxm2809/27910980/hdfs_data/current/BP-1011913313-198.202.116.207-1573011675715/current/finalized/subdir0/subdir0/blk_1073741825_1001.meta'
removed `/scratch/sxm2809/27910980/hdfs_data/current/BP-1011913313-198.202.116.207-1573011675715/current/finalized/subdir0/subdir0/blk_1073741852_1028.meta'
removed `/scratch/sxm2809/27910980/hdfs_data/current/BP-1011913313-198.202.116.207-1573011675715/current/finalized/subdir0/subdir0/blk_1073741865_1041.meta'
removed directory: `/scratch/sxm2809/27910980/hdfs_data/current/BP-1011913313-198.202.116.207-1573011675715/current/finalized/subdir0/subdir0'
removed directory: `/scratch/sxm2809/27910980/hdfs_data/current/BP-1011913313-198.202.116.207-1573011675715/current/finalized/subdir0'
removed directory: `/scratch/sxm2809/27910980/hdfs_data/current/BP-1011913313-198.202.116.207-1573011675715/current/finalized'
removed directory: `/scratch/sxm2809/27910980/hdfs_data/current/BP-1011913313-198.202.116.207-1573011675715/current'
removed directory: `/scratch/sxm2809/27910980/hdfs_data/current/BP-1011913313-198.202.116.207-1573011675715'
removed directory: `/scratch/sxm2809/27910980/hdfs_data/current'
removed directory: `/scratch/sxm2809/27910980/hdfs_data'
removed directory: `/scratch/sxm2809/27910980/pids'
removed `/scratch/sxm2809/27910980/logs/hadoop-sxm2809-datanode-comet-12-52.sdsc.edu.out'
removed `/scratch/sxm2809/27910980/logs/userlogs/application_1573011692746_0002/container_1573011692746_0002_01_000001/stdout'
removed `/scratch/sxm2809/27910980/logs/userlogs/application_1573011692746_0002/container_1573011692746_0002_01_000001/syslog'
removed `/scratch/sxm2809/27910980/logs/userlogs/application_1573011692746_0002/container_1573011692746_0002_01_000001/stderr'
removed directory: `/scratch/sxm2809/27910980/logs/userlogs/application_1573011692746_0002/container_1573011692746_0002_01_000001'
removed `/scratch/sxm2809/27910980/logs/userlogs/application_1573011692746_0002/container_1573011692746_0002_01_000002/stderr'
removed `/scratch/sxm2809/27910980/logs/userlogs/application_1573011692746_0002/container_1573011692746_0002_01_000002/stdout'
removed `/scratch/sxm2809/27910980/logs/userlogs/application_1573011692746_0002/container_1573011692746_0002_01_000002/syslog'
removed directory: `/scratch/sxm2809/27910980/logs/userlogs/application_1573011692746_0002/container_1573011692746_0002_01_000002'
removed `/scratch/sxm2809/27910980/logs/userlogs/application_1573011692746_0002/container_1573011692746_0002_01_000003/stdout'
removed `/scratch/sxm2809/27910980/logs/userlogs/application_1573011692746_0002/container_1573011692746_0002_01_000003/syslog'
removed `/scratch/sxm2809/27910980/logs/userlogs/application_1573011692746_0002/container_1573011692746_0002_01_000003/stderr'
removed directory: `/scratch/sxm2809/27910980/logs/userlogs/application_1573011692746_0002/container_1573011692746_0002_01_000003'
removed directory: `/scratch/sxm2809/27910980/logs/userlogs/application_1573011692746_0002'
removed directory: `/scratch/sxm2809/27910980/logs/userlogs'
removed `/scratch/sxm2809/27910980/logs/yarn-sxm2809-nodemanager-comet-12-52.sdsc.edu.log'
removed `/scratch/sxm2809/27910980/logs/SecurityAuth-sxm2809.audit'
removed `/scratch/sxm2809/27910980/logs/yarn-sxm2809-nodemanager-comet-12-52.sdsc.edu.out'
removed `/scratch/sxm2809/27910980/logs/hadoop-sxm2809-datanode-comet-12-52.sdsc.edu.log'
removed directory: `/scratch/sxm2809/27910980/logs'
removed directory: `/scratch/sxm2809/27910980/mapred_scratch/nmPrivate'
removed directory: `/scratch/sxm2809/27910980/mapred_scratch/usercache/sxm2809/appcache'
removed `/scratch/sxm2809/27910980/mapred_scratch/usercache/sxm2809/filecache/11/.tmp_automaton-1.11-8.jar.crc'
removed `/scratch/sxm2809/27910980/mapred_scratch/usercache/sxm2809/filecache/11/automaton-1.11-8.jar'
removed directory: `/scratch/sxm2809/27910980/mapred_scratch/usercache/sxm2809/filecache/11'
removed `/scratch/sxm2809/27910980/mapred_scratch/usercache/sxm2809/filecache/16/joda-time-2.9.3.jar'
removed `/scratch/sxm2809/27910980/mapred_scratch/usercache/sxm2809/filecache/16/.tmp_joda-time-2.9.3.jar.crc'
removed directory: `/scratch/sxm2809/27910980/mapred_scratch/usercache/sxm2809/filecache/16'
removed `/scratch/sxm2809/27910980/mapred_scratch/usercache/sxm2809/filecache/18/antlr-runtime-3.4.jar'
removed `/scratch/sxm2809/27910980/mapred_scratch/usercache/sxm2809/filecache/18/.tmp_antlr-runtime-3.4.jar.crc'
removed directory: `/scratch/sxm2809/27910980/mapred_scratch/usercache/sxm2809/filecache/18'
removed `/scratch/sxm2809/27910980/mapred_scratch/usercache/sxm2809/filecache/12/joda-time-2.9.3.jar'
removed `/scratch/sxm2809/27910980/mapred_scratch/usercache/sxm2809/filecache/12/.tmp_joda-time-2.9.3.jar.crc'
removed directory: `/scratch/sxm2809/27910980/mapred_scratch/usercache/sxm2809/filecache/12'
removed `/scratch/sxm2809/27910980/mapred_scratch/usercache/sxm2809/filecache/15/automaton-1.11-8.jar'
removed `/scratch/sxm2809/27910980/mapred_scratch/usercache/sxm2809/filecache/15/.tmp_automaton-1.11-8.jar.crc'
removed directory: `/scratch/sxm2809/27910980/mapred_scratch/usercache/sxm2809/filecache/15'
removed `/scratch/sxm2809/27910980/mapred_scratch/usercache/sxm2809/filecache/17/tmp-2146985178/._SUCCESS.crc'
removed `/scratch/sxm2809/27910980/mapred_scratch/usercache/sxm2809/filecache/17/tmp-2146985178/_SUCCESS'
removed `/scratch/sxm2809/27910980/mapred_scratch/usercache/sxm2809/filecache/17/tmp-2146985178/part-r-00000'
removed `/scratch/sxm2809/27910980/mapred_scratch/usercache/sxm2809/filecache/17/tmp-2146985178/.part-r-00000.crc'
removed directory: `/scratch/sxm2809/27910980/mapred_scratch/usercache/sxm2809/filecache/17/tmp-2146985178'
removed directory: `/scratch/sxm2809/27910980/mapred_scratch/usercache/sxm2809/filecache/17'
removed `/scratch/sxm2809/27910980/mapred_scratch/usercache/sxm2809/filecache/10/pig-0.16.0-core-h2.jar'
removed `/scratch/sxm2809/27910980/mapred_scratch/usercache/sxm2809/filecache/10/.tmp_pig-0.16.0-core-h2.jar.crc'
removed directory: `/scratch/sxm2809/27910980/mapred_scratch/usercache/sxm2809/filecache/10'
removed `/scratch/sxm2809/27910980/mapred_scratch/usercache/sxm2809/filecache/14/pig-0.16.0-core-h2.jar'
removed `/scratch/sxm2809/27910980/mapred_scratch/usercache/sxm2809/filecache/14/.tmp_pig-0.16.0-core-h2.jar.crc'
removed directory: `/scratch/sxm2809/27910980/mapred_scratch/usercache/sxm2809/filecache/14'
removed `/scratch/sxm2809/27910980/mapred_scratch/usercache/sxm2809/filecache/13/.tmp_antlr-runtime-3.4.jar.crc'
removed `/scratch/sxm2809/27910980/mapred_scratch/usercache/sxm2809/filecache/13/antlr-runtime-3.4.jar'
removed directory: `/scratch/sxm2809/27910980/mapred_scratch/usercache/sxm2809/filecache/13'
removed directory: `/scratch/sxm2809/27910980/mapred_scratch/usercache/sxm2809/filecache'
removed directory: `/scratch/sxm2809/27910980/mapred_scratch/usercache/sxm2809'
removed directory: `/scratch/sxm2809/27910980/mapred_scratch/usercache'
removed directory: `/scratch/sxm2809/27910980/mapred_scratch/filecache'
removed directory: `/scratch/sxm2809/27910980/mapred_scratch'
removed `/scratch/sxm2809/27910980/hdfs_data/current/BP-1011913313-198.202.116.207-1573011675715/dncp_block_verification.log.prev'
removed `/scratch/sxm2809/27910980/hdfs_data/current/BP-1011913313-198.202.116.207-1573011675715/current/dfsUsed'
removed `/scratch/sxm2809/27910980/hdfs_data/current/BP-1011913313-198.202.116.207-1573011675715/current/finalized/subdir0/subdir0/blk_1073741865_1041.meta'
removed `/scratch/sxm2809/27910980/hdfs_data/current/BP-1011913313-198.202.116.207-1573011675715/current/finalized/subdir0/subdir0/blk_1073741852_1028.meta'
removed `/scratch/sxm2809/27910980/hdfs_data/current/BP-1011913313-198.202.116.207-1573011675715/current/finalized/subdir0/subdir0/blk_1073741825_1001.meta'
removed `/scratch/sxm2809/27910980/hdfs_data/current/BP-1011913313-198.202.116.207-1573011675715/current/finalized/subdir0/subdir0/blk_1073741862'
removed `/scratch/sxm2809/27910980/hdfs_data/current/BP-1011913313-198.202.116.207-1573011675715/current/finalized/subdir0/subdir0/blk_1073741864_1040.meta'
removed `/scratch/sxm2809/27910980/hdfs_data/current/BP-1011913313-198.202.116.207-1573011675715/current/finalized/subdir0/subdir0/blk_1073741839'
removed `/scratch/sxm2809/27910980/hdfs_data/current/BP-1011913313-198.202.116.207-1573011675715/current/finalized/subdir0/subdir0/blk_1073741865'
removed `/scratch/sxm2809/27910980/hdfs_data/current/BP-1011913313-198.202.116.207-1573011675715/current/finalized/subdir0/subdir0/blk_1073741862_1038.meta'
removed `/scratch/sxm2809/27910980/hdfs_data/current/BP-1011913313-198.202.116.207-1573011675715/current/finalized/subdir0/subdir0/blk_1073741851_1027.meta'
removed `/scratch/sxm2809/27910980/hdfs_data/current/BP-1011913313-198.202.116.207-1573011675715/current/finalized/subdir0/subdir0/blk_1073741839_1015.meta'
removed `/scratch/sxm2809/27910980/hdfs_data/current/BP-1011913313-198.202.116.207-1573011675715/current/finalized/subdir0/subdir0/blk_1073741826_1002.meta'
removed `/scratch/sxm2809/27910980/hdfs_data/current/BP-1011913313-198.202.116.207-1573011675715/current/finalized/subdir0/subdir0/blk_1073741825'
removed `/scratch/sxm2809/27910980/hdfs_data/current/BP-1011913313-198.202.116.207-1573011675715/current/finalized/subdir0/subdir0/blk_1073741852'
removed `/scratch/sxm2809/27910980/hdfs_data/current/BP-1011913313-198.202.116.207-1573011675715/current/finalized/subdir0/subdir0/blk_1073741864'
removed `/scratch/sxm2809/27910980/hdfs_data/current/BP-1011913313-198.202.116.207-1573011675715/current/finalized/subdir0/subdir0/blk_1073741838_1014.meta'
removed `/scratch/sxm2809/27910980/hdfs_data/current/BP-1011913313-198.202.116.207-1573011675715/current/finalized/subdir0/subdir0/blk_1073741838'
removed `/scratch/sxm2809/27910980/hdfs_data/current/BP-1011913313-198.202.116.207-1573011675715/current/finalized/subdir0/subdir0/blk_1073741851'
removed `/scratch/sxm2809/27910980/hdfs_data/current/BP-1011913313-198.202.116.207-1573011675715/current/finalized/subdir0/subdir0/blk_1073741826'
removed directory: `/scratch/sxm2809/27910980/hdfs_data/current/BP-1011913313-198.202.116.207-1573011675715/current/finalized/subdir0/subdir0'
removed directory: `/scratch/sxm2809/27910980/hdfs_data/current/BP-1011913313-198.202.116.207-1573011675715/current/finalized/subdir0'
removed directory: `/scratch/sxm2809/27910980/hdfs_data/current/BP-1011913313-198.202.116.207-1573011675715/current/finalized'
removed `/scratch/sxm2809/27910980/hdfs_data/current/BP-1011913313-198.202.116.207-1573011675715/current/VERSION'
removed directory: `/scratch/sxm2809/27910980/hdfs_data/current/BP-1011913313-198.202.116.207-1573011675715/current/rbw'
removed directory: `/scratch/sxm2809/27910980/hdfs_data/current/BP-1011913313-198.202.116.207-1573011675715/current'
removed directory: `/scratch/sxm2809/27910980/hdfs_data/current/BP-1011913313-198.202.116.207-1573011675715/tmp'
removed `/scratch/sxm2809/27910980/hdfs_data/current/BP-1011913313-198.202.116.207-1573011675715/dncp_block_verification.log.curr'
removed directory: `/scratch/sxm2809/27910980/hdfs_data/current/BP-1011913313-198.202.116.207-1573011675715'
removed `/scratch/sxm2809/27910980/hdfs_data/current/VERSION'
removed directory: `/scratch/sxm2809/27910980/hdfs_data/current'
removed directory: `/scratch/sxm2809/27910980/hdfs_data'
removed directory: `/scratch/sxm2809/27910980/pids'
removed `/scratch/sxm2809/27910980/logs/hadoop-sxm2809-datanode-comet-12-61.sdsc.edu.out'
removed `/scratch/sxm2809/27910980/logs/yarn-sxm2809-nodemanager-comet-12-61.sdsc.edu.out'
removed `/scratch/sxm2809/27910980/logs/userlogs/application_1573011692746_0001/container_1573011692746_0001_01_000001/stderr'
removed `/scratch/sxm2809/27910980/logs/userlogs/application_1573011692746_0001/container_1573011692746_0001_01_000001/stdout'
removed `/scratch/sxm2809/27910980/logs/userlogs/application_1573011692746_0001/container_1573011692746_0001_01_000001/syslog'
removed directory: `/scratch/sxm2809/27910980/logs/userlogs/application_1573011692746_0001/container_1573011692746_0001_01_000001'
removed directory: `/scratch/sxm2809/27910980/logs/userlogs/application_1573011692746_0001'
removed `/scratch/sxm2809/27910980/logs/userlogs/application_1573011692746_0003/container_1573011692746_0003_01_000001/stderr'
removed `/scratch/sxm2809/27910980/logs/userlogs/application_1573011692746_0003/container_1573011692746_0003_01_000001/stdout'
removed `/scratch/sxm2809/27910980/logs/userlogs/application_1573011692746_0003/container_1573011692746_0003_01_000001/syslog'
removed directory: `/scratch/sxm2809/27910980/logs/userlogs/application_1573011692746_0003/container_1573011692746_0003_01_000001'
removed `/scratch/sxm2809/27910980/logs/userlogs/application_1573011692746_0003/container_1573011692746_0003_01_000002/stdout'
removed `/scratch/sxm2809/27910980/logs/userlogs/application_1573011692746_0003/container_1573011692746_0003_01_000002/syslog'
removed `/scratch/sxm2809/27910980/logs/userlogs/application_1573011692746_0003/container_1573011692746_0003_01_000002/stderr'
removed directory: `/scratch/sxm2809/27910980/logs/userlogs/application_1573011692746_0003/container_1573011692746_0003_01_000002'
removed directory: `/scratch/sxm2809/27910980/logs/userlogs/application_1573011692746_0003'
removed directory: `/scratch/sxm2809/27910980/logs/userlogs'
removed `/scratch/sxm2809/27910980/logs/hadoop-sxm2809-datanode-comet-12-61.sdsc.edu.log'
removed `/scratch/sxm2809/27910980/logs/yarn-sxm2809-nodemanager-comet-12-61.sdsc.edu.log'
removed `/scratch/sxm2809/27910980/logs/SecurityAuth-sxm2809.audit'
removed directory: `/scratch/sxm2809/27910980/logs'
removed directory: `/tmp/Jetty_0_0_0_0_50070_hdfs____w2cu08_5365953815571948373/jsp'
removed directory: `/tmp/Jetty_0_0_0_0_50070_hdfs____w2cu08_5365953815571948373/.active'
removed directory: `/tmp/Jetty_0_0_0_0_50070_hdfs____w2cu08_5365953815571948373'
removed directory: `/tmp/Jetty_comet.12.51_ibnet_50090_secondary____.ruub3m/jsp'
removed directory: `/tmp/Jetty_comet.12.51_ibnet_50090_secondary____.ruub3m/.active'
removed directory: `/tmp/Jetty_comet.12.51_ibnet_50090_secondary____.ruub3m'
removed directory: `/tmp/Jetty_0_0_0_0_50075_datanode____hwtdwq_2500889749482307042/jsp'
removed directory: `/tmp/Jetty_0_0_0_0_50075_datanode____hwtdwq_2500889749482307042/.active'
removed directory: `/tmp/Jetty_0_0_0_0_50075_datanode____hwtdwq_2500889749482307042'
